TN:
SF:examples/MyKeyRegistry.sol
DA:7,54
FN:7,MyKeyRegistry.initialize
FNDA:54,MyKeyRegistry.initialize
DA:10,54
FNF:1
FNH:1
LF:2
LH:2
BRF:0
BRH:0
end_of_record
TN:
SF:examples/MyNetwork.sol
DA:11,0
FN:11,MyNetwork.initialize
FNDA:0,MyNetwork.initialize
DA:14,0
FNF:1
FNH:0
LF:2
LH:0
BRF:0
BRH:0
end_of_record
TN:
SF:examples/MySettlement.sol
DA:8,1
FN:8,MySettlement.initialize
FNDA:1,MySettlement.initialize
DA:12,1
DA:13,1
DA:15,1
FNF:1
FNH:1
LF:4
LH:4
BRF:0
BRH:0
end_of_record
TN:
SF:examples/MyValSetDriver.sol
DA:8,1
FN:8,MyValSetDriver.initialize
FNDA:1,MyValSetDriver.initialize
DA:12,1
DA:13,1
DA:15,1
FNF:1
FNH:1
LF:4
LH:4
BRF:0
BRH:0
end_of_record
TN:
SF:examples/MyVotingPowerProvider.sol
DA:12,3
FN:12,MyVotingPowerProvider.initialize
FNDA:3,MyVotingPowerProvider.initialize
DA:16,3
DA:17,3
DA:18,3
FNF:1
FNH:1
LF:4
LH:4
BRF:0
BRH:0
end_of_record
TN:
SF:script/integration/SymbioticCoreBindings.sol
DA:16,0
FN:16,SymbioticCoreBindings._createVault_SymbioticCore
FNDA:0,SymbioticCoreBindings._createVault_SymbioticCore
DA:28,0
DA:29,0
DA:41,0
DA:44,0
FN:44,SymbioticCoreBindings._registerOperator_SymbioticCore
FNDA:0,SymbioticCoreBindings._registerOperator_SymbioticCore
DA:48,0
DA:49,0
DA:50,0
DA:53,0
FN:53,SymbioticCoreBindings._registerNetwork_SymbioticCore
FNDA:0,SymbioticCoreBindings._registerNetwork_SymbioticCore
DA:57,0
DA:58,0
DA:59,0
DA:62,0
FN:62,SymbioticCoreBindings._optInVault_SymbioticCore
FNDA:0,SymbioticCoreBindings._optInVault_SymbioticCore
DA:67,0
DA:68,0
DA:69,0
DA:72,0
FN:72,SymbioticCoreBindings._optInVault_SymbioticCore
FNDA:0,SymbioticCoreBindings._optInVault_SymbioticCore
DA:80,0
DA:81,0
DA:82,0
DA:85,0
FN:85,SymbioticCoreBindings._optInVault_SymbioticCore
FNDA:0,SymbioticCoreBindings._optInVault_SymbioticCore
DA:92,0
DA:95,0
FN:95,SymbioticCoreBindings._optInNetwork_SymbioticCore
FNDA:0,SymbioticCoreBindings._optInNetwork_SymbioticCore
DA:100,0
DA:101,0
DA:102,0
DA:105,0
FN:105,SymbioticCoreBindings._optInNetwork_SymbioticCore
FNDA:0,SymbioticCoreBindings._optInNetwork_SymbioticCore
DA:113,0
DA:114,0
DA:115,0
DA:118,0
FN:118,SymbioticCoreBindings._optInNetwork_SymbioticCore
FNDA:0,SymbioticCoreBindings._optInNetwork_SymbioticCore
DA:125,0
DA:128,0
FN:128,SymbioticCoreBindings._optOutVault_SymbioticCore
FNDA:0,SymbioticCoreBindings._optOutVault_SymbioticCore
DA:133,0
DA:134,0
DA:135,0
DA:138,0
FN:138,SymbioticCoreBindings._optOutVault_SymbioticCore
FNDA:0,SymbioticCoreBindings._optOutVault_SymbioticCore
DA:146,0
DA:147,0
DA:148,0
DA:151,0
FN:151,SymbioticCoreBindings._optOutVault_SymbioticCore
FNDA:0,SymbioticCoreBindings._optOutVault_SymbioticCore
DA:158,0
DA:161,0
FN:161,SymbioticCoreBindings._optOutNetwork_SymbioticCore
FNDA:0,SymbioticCoreBindings._optOutNetwork_SymbioticCore
DA:166,0
DA:167,0
DA:168,0
DA:171,0
FN:171,SymbioticCoreBindings._optOutNetwork_SymbioticCore
FNDA:0,SymbioticCoreBindings._optOutNetwork_SymbioticCore
DA:179,0
DA:180,0
DA:181,0
DA:184,0
FN:184,SymbioticCoreBindings._optOutNetwork_SymbioticCore
FNDA:0,SymbioticCoreBindings._optOutNetwork_SymbioticCore
DA:191,0
DA:194,0
FN:194,SymbioticCoreBindings._setOperatorMetadata_SymbioticCore
FNDA:0,SymbioticCoreBindings._setOperatorMetadata_SymbioticCore
DA:199,0
DA:200,0
DA:201,0
DA:204,0
FN:204,SymbioticCoreBindings._setNetworkMetadata_SymbioticCore
FNDA:0,SymbioticCoreBindings._setNetworkMetadata_SymbioticCore
DA:209,0
DA:210,0
DA:211,0
DA:214,0
FN:214,SymbioticCoreBindings._setMiddleware_SymbioticCore
FNDA:0,SymbioticCoreBindings._setMiddleware_SymbioticCore
DA:219,0
DA:220,0
DA:221,0
DA:222,0
DA:223,0
DA:224,0
DA:227,0
FN:227,SymbioticCoreBindings._deposit_SymbioticCore
FNDA:0,SymbioticCoreBindings._deposit_SymbioticCore
DA:233,0
DA:234,0
DA:235,0
DA:236,0
DA:239,0
FN:239,SymbioticCoreBindings._deposit_SymbioticCore
FNDA:0,SymbioticCoreBindings._deposit_SymbioticCore
DA:244,0
DA:247,0
FN:247,SymbioticCoreBindings._withdraw_SymbioticCore
FNDA:0,SymbioticCoreBindings._withdraw_SymbioticCore
DA:253,0
DA:254,0
DA:255,0
DA:258,0
FN:258,SymbioticCoreBindings._withdraw_SymbioticCore
FNDA:0,SymbioticCoreBindings._withdraw_SymbioticCore
DA:263,0
DA:266,0
FN:266,SymbioticCoreBindings._redeem_SymbioticCore
FNDA:0,SymbioticCoreBindings._redeem_SymbioticCore
DA:272,0
DA:273,0
DA:274,0
DA:277,0
FN:277,SymbioticCoreBindings._redeem_SymbioticCore
FNDA:0,SymbioticCoreBindings._redeem_SymbioticCore
DA:282,0
DA:285,0
FN:285,SymbioticCoreBindings._claim_SymbioticCore
FNDA:0,SymbioticCoreBindings._claim_SymbioticCore
DA:291,0
DA:292,0
DA:293,0
DA:296,0
FN:296,SymbioticCoreBindings._claim_SymbioticCore
FNDA:0,SymbioticCoreBindings._claim_SymbioticCore
DA:301,0
DA:304,0
FN:304,SymbioticCoreBindings._claimBatch_SymbioticCore
FNDA:0,SymbioticCoreBindings._claimBatch_SymbioticCore
DA:310,0
DA:311,0
DA:312,0
DA:315,0
FN:315,SymbioticCoreBindings._claimBatch_SymbioticCore
FNDA:0,SymbioticCoreBindings._claimBatch_SymbioticCore
DA:320,0
DA:323,0
FN:323,SymbioticCoreBindings._setDepositWhitelist_SymbioticCore
FNDA:0,SymbioticCoreBindings._setDepositWhitelist_SymbioticCore
DA:324,0
DA:325,0
DA:326,0
DA:329,0
FN:329,SymbioticCoreBindings._setDepositorWhitelistStatus_SymbioticCore
FNDA:0,SymbioticCoreBindings._setDepositorWhitelistStatus_SymbioticCore
DA:335,0
DA:336,0
DA:337,0
DA:340,0
FN:340,SymbioticCoreBindings._setIsDepositLimit_SymbioticCore
FNDA:0,SymbioticCoreBindings._setIsDepositLimit_SymbioticCore
DA:341,0
DA:342,0
DA:343,0
DA:346,0
FN:346,SymbioticCoreBindings._setDepositLimit_SymbioticCore
FNDA:0,SymbioticCoreBindings._setDepositLimit_SymbioticCore
DA:347,0
DA:348,0
DA:349,0
DA:352,0
FN:352,SymbioticCoreBindings._setMaxNetworkLimit_SymbioticCore
FNDA:0,SymbioticCoreBindings._setMaxNetworkLimit_SymbioticCore
DA:358,0
DA:359,0
DA:360,0
DA:363,0
FN:363,SymbioticCoreBindings._setHook_SymbioticCore
FNDA:0,SymbioticCoreBindings._setHook_SymbioticCore
DA:364,0
DA:365,0
DA:366,0
DA:369,0
FN:369,SymbioticCoreBindings._setNetworkLimit_SymbioticCore
FNDA:0,SymbioticCoreBindings._setNetworkLimit_SymbioticCore
DA:375,0
DA:376,0
DA:379,0
DA:382,0
FN:382,SymbioticCoreBindings._setOperatorNetworkShares_SymbioticCore
FNDA:0,SymbioticCoreBindings._setOperatorNetworkShares_SymbioticCore
DA:389,0
DA:390,0
DA:393,0
DA:396,0
FN:396,SymbioticCoreBindings._setOperatorNetworkLimit_SymbioticCore
FNDA:0,SymbioticCoreBindings._setOperatorNetworkLimit_SymbioticCore
DA:403,0
DA:404,0
DA:407,0
DA:410,0
FN:410,SymbioticCoreBindings._slash_SymbioticCore
FNDA:0,SymbioticCoreBindings._slash_SymbioticCore
DA:418,0
DA:419,0
DA:422,0
DA:425,0
FN:425,SymbioticCoreBindings._requestSlash_SymbioticCore
FNDA:0,SymbioticCoreBindings._requestSlash_SymbioticCore
DA:433,0
DA:434,0
DA:437,0
DA:440,0
FN:440,SymbioticCoreBindings._executeSlash_SymbioticCore
FNDA:0,SymbioticCoreBindings._executeSlash_SymbioticCore
DA:445,0
DA:446,0
DA:447,0
DA:450,0
FN:450,SymbioticCoreBindings._vetoSlash_SymbioticCore
FNDA:0,SymbioticCoreBindings._vetoSlash_SymbioticCore
DA:451,0
DA:452,0
DA:453,0
DA:456,0
FN:456,SymbioticCoreBindings._setResolver_SymbioticCore
FNDA:0,SymbioticCoreBindings._setResolver_SymbioticCore
DA:462,0
DA:463,0
DA:464,0
DA:467,0
FN:467,SymbioticCoreBindings._grantRole_SymbioticCore
FNDA:0,SymbioticCoreBindings._grantRole_SymbioticCore
DA:468,0
DA:469,0
DA:470,0
DA:473,0
FN:473,SymbioticCoreBindings._grantRoleDefaultAdmin_SymbioticCore
FNDA:0,SymbioticCoreBindings._grantRoleDefaultAdmin_SymbioticCore
DA:474,0
DA:477,0
FN:477,SymbioticCoreBindings._grantRoleDepositWhitelistSet_SymbioticCore
FNDA:0,SymbioticCoreBindings._grantRoleDepositWhitelistSet_SymbioticCore
DA:482,0
DA:485,0
FN:485,SymbioticCoreBindings._grantRoleDepositorWhitelist_SymbioticCore
FNDA:0,SymbioticCoreBindings._grantRoleDepositorWhitelist_SymbioticCore
DA:486,0
DA:489,0
FN:489,SymbioticCoreBindings._grantRoleIsDepositLimitSet_SymbioticCore
FNDA:0,SymbioticCoreBindings._grantRoleIsDepositLimitSet_SymbioticCore
DA:490,0
DA:493,0
FN:493,SymbioticCoreBindings._grantRoleDepositLimitSet_SymbioticCore
FNDA:0,SymbioticCoreBindings._grantRoleDepositLimitSet_SymbioticCore
DA:494,0
DA:497,0
FN:497,SymbioticCoreBindings._grantRoleHookSet_SymbioticCore
FNDA:0,SymbioticCoreBindings._grantRoleHookSet_SymbioticCore
DA:498,0
DA:503,0
FN:503,SymbioticCoreBindings._grantRole_NetworkLimitSet_SymbioticCore
FNDA:0,SymbioticCoreBindings._grantRole_NetworkLimitSet_SymbioticCore
DA:504,0
DA:514,0
FN:514,SymbioticCoreBindings._grantRole_OperatorNetworkSharesSet_SymbioticCore
FNDA:0,SymbioticCoreBindings._grantRole_OperatorNetworkSharesSet_SymbioticCore
DA:519,0
DA:527,0
FN:527,SymbioticCoreBindings._grantRole_OperatorNetworkLimitSet_SymbioticCore
FNDA:0,SymbioticCoreBindings._grantRole_OperatorNetworkLimitSet_SymbioticCore
DA:532,0
FNF:52
FNH:0
LF:176
LH:0
BRF:0
BRH:0
end_of_record
TN:
SF:script/integration/SymbioticCoreInit.sol
DA:58,0
FN:58,SymbioticCoreInit.run
FNDA:0,SymbioticCoreInit.run
DA:61,0
DA:63,0
DA:68,0
FN:68,SymbioticCoreInit._initCore_SymbioticCore
FNDA:0,SymbioticCoreInit._initCore_SymbioticCore
DA:69,0
DA:72,0
FN:72,SymbioticCoreInit._initCore_SymbioticCore
FNDA:0,SymbioticCoreInit._initCore_SymbioticCore
DA:75,0
BRDA:75,0,0,-
BRDA:75,0,1,-
DA:76,0
DA:78,0
DA:79,0
DA:80,0
DA:86,0
DA:92,0
DA:98,0
DA:101,0
DA:104,0
DA:110,0
DA:116,0
DA:124,0
DA:134,0
DA:145,0
DA:153,0
DA:155,0
DA:157,0
DA:165,0
DA:167,0
DA:180,0
DA:182,0
DA:184,0
DA:195,0
DA:197,0
DA:199,0
DA:213,0
DA:215,0
DA:217,0
DA:226,0
DA:228,0
DA:230,0
DA:240,0
DA:242,0
DA:244,0
DA:255,0
DA:257,0
DA:263,0
FN:263,SymbioticCoreInit._getToken_SymbioticCore
FNDA:0,SymbioticCoreInit._getToken_SymbioticCore
DA:264,0
DA:267,0
FN:267,SymbioticCoreInit._getFeeOnTransferToken_SymbioticCore
FNDA:0,SymbioticCoreInit._getFeeOnTransferToken_SymbioticCore
DA:268,0
DA:271,0
FN:271,SymbioticCoreInit._getSupportedTokens_SymbioticCore
FNDA:0,SymbioticCoreInit._getSupportedTokens_SymbioticCore
DA:272,0
DA:273,0
DA:274,0
DA:275,0
DA:281,0
FN:281,SymbioticCoreInit._getVault_SymbioticCore
FNDA:0,SymbioticCoreInit._getVault_SymbioticCore
DA:284,0
DA:285,0
DA:286,0
DA:287,0
DA:289,0
DA:290,0
DA:291,0
DA:292,0
DA:293,0
DA:336,0
DA:345,0
FN:345,SymbioticCoreInit._getVault_SymbioticCore
FNDA:0,SymbioticCoreInit._getVault_SymbioticCore
DA:348,0
DA:364,0
DA:367,0
DA:369,0
DA:371,0
DA:373,0
DA:375,0
DA:376,0
DA:377,0
DA:378,0
BRDA:378,1,0,-
DA:379,0
DA:380,0
DA:381,0
DA:385,0
BRDA:385,2,0,-
BRDA:385,2,1,-
DA:386,0
DA:397,0
BRDA:397,3,0,-
BRDA:397,3,1,-
DA:398,0
DA:409,0
BRDA:409,4,0,-
BRDA:409,4,1,-
DA:410,0
DA:421,0
BRDA:421,5,0,-
DA:422,0
DA:436,0
DA:437,0
BRDA:437,6,0,-
DA:438,0
BRDA:438,7,0,-
BRDA:438,7,1,-
DA:439,0
DA:444,0
BRDA:444,8,0,-
DA:445,0
DA:455,0
DA:456,0
DA:469,0
BRDA:469,9,0,-
DA:470,0
DA:471,0
DA:475,0
DA:493,0
FN:493,SymbioticCoreInit._getVaultRandom_SymbioticCore
FNDA:0,SymbioticCoreInit._getVaultRandom_SymbioticCore
DA:497,0
DA:499,0
DA:505,0
DA:508,0
DA:509,0
DA:510,0
DA:511,0
BRDA:511,10,0,-
DA:512,0
DA:514,0
BRDA:514,11,0,-
DA:515,0
DA:517,0
DA:520,0
DA:522,0
DA:525,0
DA:527,0
DA:528,0
DA:529,0
DA:530,0
BRDA:530,12,0,-
DA:531,0
DA:533,0
DA:536,0
DA:538,0
DA:541,0
DA:542,0
DA:560,0
FN:560,SymbioticCoreInit._vaultValidating_SymbioticCore
FNDA:0,SymbioticCoreInit._vaultValidating_SymbioticCore
DA:561,0
DA:562,0
DA:564,0
DA:565,0
BRDA:565,13,0,-
BRDA:565,13,1,-
DA:566,0
DA:567,0
BRDA:567,14,0,-
BRDA:567,14,1,-
DA:568,0
DA:569,0
BRDA:569,15,0,-
BRDA:569,15,1,-
DA:570,0
DA:571,0
BRDA:571,16,0,-
DA:572,0
DA:577,0
DA:582,0
FN:582,SymbioticCoreInit._operatorRegister_SymbioticCore
FNDA:0,SymbioticCoreInit._operatorRegister_SymbioticCore
DA:585,0
DA:588,0
FN:588,SymbioticCoreInit._operatorOptIn_SymbioticCore
FNDA:0,SymbioticCoreInit._operatorOptIn_SymbioticCore
DA:589,0
BRDA:589,17,0,-
BRDA:589,17,1,-
DA:590,0
DA:591,0
BRDA:591,18,0,-
BRDA:591,18,1,-
DA:592,0
DA:594,0
DA:598,0
FN:598,SymbioticCoreInit._operatorOptInWeak_SymbioticCore
FNDA:0,SymbioticCoreInit._operatorOptInWeak_SymbioticCore
DA:599,0
DA:600,0
BRDA:600,19,0,-
BRDA:600,19,1,-
DA:601,0
DA:602,0
BRDA:602,20,0,-
DA:603,0
DA:606,0
BRDA:606,21,0,-
DA:607,0
DA:610,0
DA:613,0
FN:613,SymbioticCoreInit._operatorOptOut_SymbioticCore
FNDA:0,SymbioticCoreInit._operatorOptOut_SymbioticCore
DA:614,0
BRDA:614,22,0,-
BRDA:614,22,1,-
DA:615,0
DA:616,0
BRDA:616,23,0,-
BRDA:616,23,1,-
DA:617,0
DA:619,0
DA:623,0
FN:623,SymbioticCoreInit._operatorOptInSignature_SymbioticCore
FNDA:0,SymbioticCoreInit._operatorOptInSignature_SymbioticCore
DA:627,0
DA:629,0
DA:630,0
DA:631,0
BRDA:631,24,0,-
BRDA:631,24,1,-
DA:632,0
DA:633,0
DA:634,0
BRDA:634,25,0,-
BRDA:634,25,1,-
DA:635,0
DA:636,0
DA:638,0
DA:641,0
DA:643,0
DA:644,0
DA:647,0
FN:647,SymbioticCoreInit._operatorOptOutSignature_SymbioticCore
FNDA:0,SymbioticCoreInit._operatorOptOutSignature_SymbioticCore
DA:651,0
DA:653,0
DA:654,0
DA:655,0
BRDA:655,26,0,-
BRDA:655,26,1,-
DA:656,0
DA:657,0
DA:658,0
BRDA:658,27,0,-
BRDA:658,27,1,-
DA:659,0
DA:660,0
DA:662,0
DA:665,0
DA:667,0
DA:668,0
DA:671,0
FN:671,SymbioticCoreInit.computeOptInDigest_SymbioticCore
FNDA:0,SymbioticCoreInit.computeOptInDigest_SymbioticCore
DA:678,0
DA:679,0
DA:681,0
DA:683,0
DA:686,0
FN:686,SymbioticCoreInit.computeOptOutDigest_SymbioticCore
FNDA:0,SymbioticCoreInit.computeOptOutDigest_SymbioticCore
DA:693,0
DA:694,0
DA:696,0
DA:698,0
DA:701,0
FN:701,SymbioticCoreInit._computeDomainSeparator_SymbioticCore
FNDA:0,SymbioticCoreInit._computeDomainSeparator_SymbioticCore
DA:704,0
DA:705,0
DA:707,0
DA:708,0
DA:709,0
DA:710,0
DA:712,0
DA:715,0
FN:715,SymbioticCoreInit._operatorPossibleValidating_SymbioticCore
FNDA:0,SymbioticCoreInit._operatorPossibleValidating_SymbioticCore
DA:720,0
DA:721,0
DA:723,0
DA:724,0
BRDA:724,28,0,-
BRDA:724,28,1,-
DA:725,0
DA:727,0
BRDA:727,29,0,-
BRDA:727,29,1,-
DA:728,0
DA:730,0
BRDA:730,30,0,-
BRDA:730,30,1,-
DA:731,0
DA:733,0
BRDA:733,31,0,-
DA:734,0
DA:739,0
DA:742,0
FN:742,SymbioticCoreInit._operatorConfirmedValidating_SymbioticCore
FNDA:0,SymbioticCoreInit._operatorConfirmedValidating_SymbioticCore
DA:747,0
DA:748,0
DA:753,0
FN:753,SymbioticCoreInit._networkRegister_SymbioticCore
FNDA:0,SymbioticCoreInit._networkRegister_SymbioticCore
DA:756,0
DA:759,0
FN:759,SymbioticCoreInit._networkSetMiddleware_SymbioticCore
FNDA:0,SymbioticCoreInit._networkSetMiddleware_SymbioticCore
DA:760,0
DA:763,0
FN:763,SymbioticCoreInit._networkSetMaxNetworkLimit_SymbioticCore
FNDA:0,SymbioticCoreInit._networkSetMaxNetworkLimit_SymbioticCore
DA:769,0
DA:772,0
FN:772,SymbioticCoreInit._networkSetMaxNetworkLimitRandom_SymbioticCore
FNDA:0,SymbioticCoreInit._networkSetMaxNetworkLimitRandom_SymbioticCore
DA:777,0
DA:778,0
DA:783,0
DA:785,0
BRDA:785,32,0,-
DA:786,0
DA:788,0
DA:791,0
FN:791,SymbioticCoreInit._networkSetMaxNetworkLimitReset_SymbioticCore
FNDA:0,SymbioticCoreInit._networkSetMaxNetworkLimitReset_SymbioticCore
DA:797,0
DA:799,0
BRDA:799,33,0,-
DA:800,0
DA:802,0
DA:805,0
FN:805,SymbioticCoreInit._networkSetResolver_SymbioticCore
FNDA:0,SymbioticCoreInit._networkSetResolver_SymbioticCore
DA:811,0
DA:814,0
FN:814,SymbioticCoreInit._networkPossibleUtilizing_SymbioticCore
FNDA:0,SymbioticCoreInit._networkPossibleUtilizing_SymbioticCore
DA:820,0
DA:821,0
DA:822,0
DA:824,0
DA:825,0
BRDA:825,34,0,-
BRDA:825,34,1,-
DA:826,0
DA:828,0
BRDA:828,35,0,-
BRDA:828,35,1,-
DA:829,0
DA:831,0
BRDA:831,36,0,-
BRDA:831,36,1,-
DA:832,0
DA:834,0
BRDA:834,37,0,-
DA:835,0
DA:840,0
DA:841,0
DA:846,0
FN:846,SymbioticCoreInit._getStaker_SymbioticCore
FNDA:0,SymbioticCoreInit._getStaker_SymbioticCore
DA:849,0
DA:851,0
DA:852,0
DA:859,0
DA:862,0
FN:862,SymbioticCoreInit._getStakerWithStake_SymbioticCore
FNDA:0,SymbioticCoreInit._getStakerWithStake_SymbioticCore
DA:866,0
DA:868,0
DA:870,0
DA:873,0
FN:873,SymbioticCoreInit._getStakerWithStake_SymbioticCore
FNDA:0,SymbioticCoreInit._getStakerWithStake_SymbioticCore
DA:877,0
DA:879,0
DA:880,0
DA:883,0
DA:886,0
FN:886,SymbioticCoreInit._stakerDeposit_SymbioticCore
FNDA:0,SymbioticCoreInit._stakerDeposit_SymbioticCore
DA:887,0
DA:890,0
FN:890,SymbioticCoreInit._stakerDepositRandom_SymbioticCore
FNDA:0,SymbioticCoreInit._stakerDepositRandom_SymbioticCore
DA:891,0
DA:893,0
BRDA:893,38,0,-
DA:894,0
DA:897,0
DA:898,0
DA:902,0
BRDA:902,39,0,-
DA:903,0
DA:904,0
DA:905,0
DA:908,0
BRDA:908,40,0,-
DA:909,0
DA:913,0
FN:913,SymbioticCoreInit._stakerWithdraw_SymbioticCore
FNDA:0,SymbioticCoreInit._stakerWithdraw_SymbioticCore
DA:914,0
DA:917,0
FN:917,SymbioticCoreInit._stakerWithdrawRandom_SymbioticCore
FNDA:0,SymbioticCoreInit._stakerWithdrawRandom_SymbioticCore
DA:918,0
DA:920,0
BRDA:920,41,0,-
DA:921,0
DA:924,0
DA:926,0
DA:929,0
FN:929,SymbioticCoreInit._stakerRedeem_SymbioticCore
FNDA:0,SymbioticCoreInit._stakerRedeem_SymbioticCore
DA:930,0
DA:933,0
FN:933,SymbioticCoreInit._stakerClaim_SymbioticCore
FNDA:0,SymbioticCoreInit._stakerClaim_SymbioticCore
DA:934,0
DA:937,0
FN:937,SymbioticCoreInit._stakerClaimBatch_SymbioticCore
FNDA:0,SymbioticCoreInit._stakerClaimBatch_SymbioticCore
DA:938,0
DA:943,0
FN:943,SymbioticCoreInit._curatorSetHook_SymbioticCore
FNDA:0,SymbioticCoreInit._curatorSetHook_SymbioticCore
DA:944,0
DA:947,0
FN:947,SymbioticCoreInit._curatorSetNetworkLimit_SymbioticCore
FNDA:0,SymbioticCoreInit._curatorSetNetworkLimit_SymbioticCore
DA:953,0
DA:956,0
FN:956,SymbioticCoreInit._curatorSetNetworkLimitRandom_SymbioticCore
FNDA:0,SymbioticCoreInit._curatorSetNetworkLimitRandom_SymbioticCore
DA:961,0
DA:962,0
DA:963,0
DA:965,0
DA:966,0
DA:968,0
DA:969,0
BRDA:969,42,0,-
DA:970,0
DA:971,0
BRDA:971,43,0,-
DA:972,0
DA:973,0
DA:975,0
DA:978,0
BRDA:978,44,0,-
DA:979,0
DA:981,0
DA:982,0
DA:985,0
FN:985,SymbioticCoreInit._curatorSetNetworkLimitReset_SymbioticCore
FNDA:0,SymbioticCoreInit._curatorSetNetworkLimitReset_SymbioticCore
DA:990,0
BRDA:990,45,0,-
DA:991,0
DA:993,0
DA:996,0
FN:996,SymbioticCoreInit._curatorSetOperatorNetworkShares_SymbioticCore
FNDA:0,SymbioticCoreInit._curatorSetOperatorNetworkShares_SymbioticCore
DA:1003,0
DA:1006,0
FN:1006,SymbioticCoreInit._curatorSetOperatorNetworkSharesRandom_SymbioticCore
FNDA:0,SymbioticCoreInit._curatorSetOperatorNetworkSharesRandom_SymbioticCore
DA:1012,0
DA:1016,0
DA:1019,0
BRDA:1019,46,0,-
DA:1020,0
DA:1022,0
DA:1023,0
DA:1026,0
FN:1026,SymbioticCoreInit._curatorSetOperatorNetworkSharesReset_SymbioticCore
FNDA:0,SymbioticCoreInit._curatorSetOperatorNetworkSharesReset_SymbioticCore
DA:1033,0
DA:1036,0
BRDA:1036,47,0,-
DA:1037,0
DA:1039,0
DA:1042,0
FN:1042,SymbioticCoreInit._curatorSetOperatorNetworkLimit_SymbioticCore
FNDA:0,SymbioticCoreInit._curatorSetOperatorNetworkLimit_SymbioticCore
DA:1049,0
DA:1052,0
FN:1052,SymbioticCoreInit._curatorSetOperatorNetworkLimitRandom_SymbioticCore
FNDA:0,SymbioticCoreInit._curatorSetOperatorNetworkLimitRandom_SymbioticCore
DA:1058,0
DA:1059,0
DA:1064,0
DA:1067,0
BRDA:1067,48,0,-
DA:1068,0
DA:1070,0
DA:1071,0
DA:1074,0
FN:1074,SymbioticCoreInit._curatorSetOperatorNetworkLimitReset_SymbioticCore
FNDA:0,SymbioticCoreInit._curatorSetOperatorNetworkLimitReset_SymbioticCore
DA:1081,0
DA:1084,0
BRDA:1084,49,0,-
DA:1085,0
DA:1087,0
DA:1090,0
FN:1090,SymbioticCoreInit._curatorDelegateNetworkRandom_SymbioticCore
FNDA:0,SymbioticCoreInit._curatorDelegateNetworkRandom_SymbioticCore
DA:1095,0
DA:1096,0
DA:1098,0
BRDA:1098,50,0,-
BRDA:1098,50,1,-
DA:1099,0
DA:1100,0
BRDA:1100,51,0,-
BRDA:1100,51,1,-
DA:1101,0
DA:1102,0
BRDA:1102,52,0,-
BRDA:1102,52,1,-
DA:1103,0
DA:1104,0
BRDA:1104,53,0,-
DA:1105,0
DA:1107,0
DA:1110,0
FN:1110,SymbioticCoreInit._curatorDelegateNetworkHasRoles_SymbioticCore
FNDA:0,SymbioticCoreInit._curatorDelegateNetworkHasRoles_SymbioticCore
DA:1115,0
DA:1116,0
DA:1118,0
BRDA:1118,54,0,-
BRDA:1118,54,1,-
DA:1119,0
DA:1122,0
BRDA:1122,55,0,-
BRDA:1122,55,1,-
DA:1123,0
DA:1126,0
BRDA:1126,56,0,-
BRDA:1126,56,1,-
DA:1127,0
DA:1128,0
BRDA:1128,57,0,-
DA:1129,0
DA:1132,0
DA:1135,0
FN:1135,SymbioticCoreInit._curatorDelegateOperatorRandom_SymbioticCore
FNDA:0,SymbioticCoreInit._curatorDelegateOperatorRandom_SymbioticCore
DA:1141,0
DA:1142,0
DA:1144,0
BRDA:1144,58,0,-
BRDA:1144,58,1,-
DA:1145,0
DA:1146,0
BRDA:1146,59,0,-
BRDA:1146,59,1,-
DA:1147,0
DA:1148,0
BRDA:1148,60,0,-
BRDA:1148,60,1,-
DA:1149,0
BRDA:1149,61,0,-
DA:1150,0
DA:1152,0
DA:1153,0
BRDA:1153,62,0,-
DA:1154,0
DA:1156,0
DA:1159,0
FN:1159,SymbioticCoreInit._curatorDelegateOperatorHasRoles_SymbioticCore
FNDA:0,SymbioticCoreInit._curatorDelegateOperatorHasRoles_SymbioticCore
DA:1165,0
DA:1166,0
DA:1168,0
BRDA:1168,63,0,-
BRDA:1168,63,1,-
DA:1169,0
DA:1172,0
BRDA:1172,64,0,-
BRDA:1172,64,1,-
DA:1173,0
DA:1176,0
BRDA:1176,65,0,-
BRDA:1176,65,1,-
DA:1177,0
BRDA:1177,66,0,-
DA:1178,0
DA:1182,0
DA:1183,0
BRDA:1183,67,0,-
DA:1184,0
DA:1187,0
DA:1190,0
FN:1190,SymbioticCoreInit._curatorDelegateRandom_SymbioticCore
FNDA:0,SymbioticCoreInit._curatorDelegateRandom_SymbioticCore
DA:1196,0
DA:1197,0
DA:1200,0
FN:1200,SymbioticCoreInit._curatorDelegateHasRoles_SymbioticCore
FNDA:0,SymbioticCoreInit._curatorDelegateHasRoles_SymbioticCore
DA:1206,0
DA:1207,0
DA:1210,0
FN:1210,SymbioticCoreInit._curatorDelegateToNetworkInternal_SymbioticCore
FNDA:0,SymbioticCoreInit._curatorDelegateToNetworkInternal_SymbioticCore
DA:1215,0
BRDA:1215,68,0,-
DA:1216,0
DA:1217,0
DA:1219,0
DA:1222,0
FN:1222,SymbioticCoreInit._curatorDelegateToOperatorInternal_SymbioticCore
FNDA:0,SymbioticCoreInit._curatorDelegateToOperatorInternal_SymbioticCore
DA:1228,0
BRDA:1228,69,0,-
DA:1229,0
DA:1230,0
DA:1232,0
DA:1235,0
FN:1235,SymbioticCoreInit._curatorSetDepositWhitelist_SymbioticCore
FNDA:0,SymbioticCoreInit._curatorSetDepositWhitelist_SymbioticCore
DA:1236,0
DA:1239,0
FN:1239,SymbioticCoreInit._curatorSetDepositorWhitelistStatus_SymbioticCore
FNDA:0,SymbioticCoreInit._curatorSetDepositorWhitelistStatus_SymbioticCore
DA:1245,0
DA:1248,0
FN:1248,SymbioticCoreInit._curatorSetIsDepositLimit_SymbioticCore
FNDA:0,SymbioticCoreInit._curatorSetIsDepositLimit_SymbioticCore
DA:1249,0
DA:1252,0
FN:1252,SymbioticCoreInit._curatorSetDepositLimit_SymbioticCore
FNDA:0,SymbioticCoreInit._curatorSetDepositLimit_SymbioticCore
DA:1253,0
FNF:60
FNH:0
LF:427
LH:0
BRF:105
BRH:0
end_of_record
TN:
SF:script/integration/SymbioticInit.sol
DA:21,0
FN:21,SymbioticInit.run
FNDA:0,SymbioticInit.run
DA:24,0
DA:29,0
FN:29,SymbioticInit._random_Symbiotic
FNDA:0,SymbioticInit._random_Symbiotic
DA:30,0
DA:35,0
FN:35,SymbioticInit._randomWithBounds_Symbiotic
FNDA:0,SymbioticInit._randomWithBounds_Symbiotic
DA:36,0
DA:39,0
FN:39,SymbioticInit._randomChoice_Symbiotic
FNDA:0,SymbioticInit._randomChoice_Symbiotic
DA:42,0
DA:45,0
FN:45,SymbioticInit._randomPick_Symbiotic
FNDA:0,SymbioticInit._randomPick_Symbiotic
DA:48,0
DA:51,0
FN:51,SymbioticInit._randomPick_Symbiotic
FNDA:0,SymbioticInit._randomPick_Symbiotic
DA:54,0
DA:57,0
FN:57,SymbioticInit._randomPick_Symbiotic
FNDA:0,SymbioticInit._randomPick_Symbiotic
DA:60,0
DA:63,0
FN:63,SymbioticInit._getAccount_Symbiotic
FNDA:0,SymbioticInit._getAccount_Symbiotic
DA:64,0
DA:67,0
FN:67,SymbioticInit._contains_Symbiotic
FNDA:0,SymbioticInit._contains_Symbiotic
DA:68,0
DA:69,0
BRDA:69,0,0,-
DA:70,0
DA:73,0
DA:76,0
FN:76,SymbioticInit._contains_Symbiotic
FNDA:0,SymbioticInit._contains_Symbiotic
DA:77,0
DA:78,0
BRDA:78,1,0,-
DA:79,0
DA:82,0
DA:85,0
FN:85,SymbioticInit._createWalletByAddress_Symbiotic
FNDA:0,SymbioticInit._createWalletByAddress_Symbiotic
DA:88,0
DA:91,0
FN:91,SymbioticInit._getWalletByAddress_Symbiotic
FNDA:0,SymbioticInit._getWalletByAddress_Symbiotic
DA:95,0
DA:96,0
BRDA:96,2,0,-
DA:97,0
DA:100,0
DA:103,0
FN:103,SymbioticInit._deal_Symbiotic
FNDA:0,SymbioticInit._deal_Symbiotic
DA:104,0
DA:105,0
DA:106,0
DA:109,0
FN:109,SymbioticInit._deal_Symbiotic
FNDA:0,SymbioticInit._deal_Symbiotic
DA:110,0
DA:111,0
DA:112,0
DA:115,0
FN:115,SymbioticInit._vmWalletToAddress_Symbiotic
FNDA:0,SymbioticInit._vmWalletToAddress_Symbiotic
DA:118,0
DA:121,0
FN:121,SymbioticInit._vmWalletsToAddresses_Symbiotic
FNDA:0,SymbioticInit._vmWalletsToAddresses_Symbiotic
DA:124,0
DA:125,0
DA:126,0
DA:130,0
FN:130,SymbioticInit._normalizeForToken_Symbiotic
FNDA:0,SymbioticInit._normalizeForToken_Symbiotic
DA:131,0
DA:134,0
FN:134,SymbioticInit.equalLengthsAddressAddress_Symbiotic
FNDA:0,SymbioticInit.equalLengthsAddressAddress_Symbiotic
DA:135,0
BRDA:135,3,0,-
BRDA:135,3,1,-
DA:139,0
FN:139,SymbioticInit.equalLengthsUint96Address_Symbiotic
FNDA:0,SymbioticInit.equalLengthsUint96Address_Symbiotic
DA:140,0
BRDA:140,4,0,-
BRDA:140,4,1,-
DA:144,0
FN:144,SymbioticInit.equalLengthsUint96Uint256_SymbioticCore
FNDA:0,SymbioticInit.equalLengthsUint96Uint256_SymbioticCore
DA:145,0
BRDA:145,5,0,-
BRDA:145,5,1,-
FNF:20
FNH:0
LF:55
LH:0
BRF:9
BRH:0
end_of_record
TN:
SF:script/test/InitSetup.s.sol
DA:61,0
FN:61,InitSetupScript.run
FNDA:0,InitSetupScript.run
DA:64,0
DA:66,0
DA:67,0
DA:68,0
DA:69,0
DA:71,0
DA:72,0
DA:73,0
DA:75,0
DA:76,0
DA:77,0
DA:78,0
DA:79,0
DA:80,0
DA:82,0
DA:84,0
DA:86,0
DA:87,0
DA:88,0
DA:89,0
DA:91,0
DA:92,0
DA:94,0
DA:95,0
DA:97,0
DA:98,0
DA:100,0
DA:102,0
DA:103,0
DA:104,0
DA:106,0
DA:107,0
DA:108,0
DA:109,0
DA:110,0
DA:112,0
DA:113,0
DA:114,0
DA:119,0
DA:120,0
DA:122,0
DA:123,0
DA:125,0
DA:126,0
DA:134,0
DA:135,0
DA:138,0
BRDA:138,0,0,-
DA:139,0
DA:140,0
DA:143,0
DA:144,0
DA:146,0
DA:147,0
DA:148,0
DA:165,0
DA:168,0
DA:174,0
DA:175,0
DA:176,0
DA:184,0
DA:187,0
DA:188,0
DA:189,0
DA:190,0
DA:192,0
DA:193,0
DA:195,0
DA:196,0
DA:197,0
DA:201,0
DA:202,0
DA:203,0
DA:204,0
DA:205,0
DA:208,0
DA:209,0
DA:210,0
DA:211,0
DA:213,0
DA:216,0
DA:217,0
DA:218,0
DA:219,0
DA:227,0
DA:231,0
DA:232,0
DA:234,0
DA:235,0
DA:236,0
DA:239,0
DA:240,0
DA:241,0
DA:244,0
DA:245,0
DA:248,0
DA:249,0
DA:250,0
DA:251,0
DA:252,0
DA:253,0
DA:254,0
DA:255,0
DA:257,0
DA:260,0
FN:260,InitSetupScript.getOperator
FNDA:0,InitSetupScript.getOperator
DA:264,0
DA:265,0
DA:266,0
DA:269,0
FN:269,InitSetupScript.getStaker
FNDA:0,InitSetupScript.getStaker
DA:273,0
DA:274,0
DA:275,0
DA:278,0
FN:278,InitSetupScript.getNetwork
FNDA:0,InitSetupScript.getNetwork
DA:279,0
DA:280,0
DA:281,0
DA:284,0
FN:284,InitSetupScript.getDeployer
FNDA:0,InitSetupScript.getDeployer
DA:285,0
DA:286,0
DA:287,0
DA:290,0
FN:290,InitSetupScript.getG2Key
FNDA:0,InitSetupScript.getG2Key
DA:293,0
DA:294,0
DA:295,0
DA:296,0
DA:299,0
FN:299,InitSetupScript.loadInitSetupParamsAndVars
FNDA:0,InitSetupScript.loadInitSetupParamsAndVars
DA:301,0
DA:302,0
DA:303,0
DA:304,0
DA:305,0
DA:308,0
DA:309,0
FNF:7
FNH:0
LF:133
LH:0
BRF:1
BRH:0
end_of_record
TN:
SF:script/test/MasterCommit.s.sol
DA:29,0
FN:29,MasterCommitScript.run
FNDA:0,MasterCommitScript.run
DA:32,0
DA:33,0
DA:35,0
DA:36,0
DA:38,0
DA:39,0
DA:40,0
DA:41,0
DA:43,0
DA:55,0
DA:56,0
DA:58,0
DA:59,0
DA:60,0
DA:61,0
DA:62,0
DA:63,0
DA:67,0
DA:68,0
DA:69,0
DA:71,0
DA:72,0
DA:73,0
DA:74,0
DA:75,0
DA:77,0
DA:79,0
BRDA:79,0,0,-
BRDA:79,0,1,-
DA:80,0
DA:82,0
DA:92,0
DA:96,0
DA:97,0
DA:98,0
DA:99,0
DA:101,0
DA:104,0
DA:107,0
DA:108,0
DA:109,0
DA:111,0
DA:112,0
DA:113,0
DA:114,0
DA:115,0
DA:116,0
DA:118,0
DA:121,0
DA:122,0
DA:124,0
DA:126,0
DA:127,0
DA:129,0
DA:130,0
DA:132,0
DA:133,0
DA:134,0
DA:135,0
DA:136,0
DA:137,0
DA:138,0
DA:139,0
DA:141,0
DA:142,0
DA:143,0
DA:144,0
DA:145,0
DA:147,0
DA:148,0
DA:149,0
DA:152,0
FN:152,MasterCommitScript.loadZkProof
FNDA:0,MasterCommitScript.loadZkProof
DA:153,0
DA:154,0
DA:155,0
DA:156,0
DA:157,0
FNF:2
FNH:0
LF:76
LH:0
BRF:2
BRH:0
end_of_record
TN:
SF:script/test/MasterGenesisSetup.s.sol
DA:29,0
FN:29,MasterGenesisSetupScript.run
FNDA:0,MasterGenesisSetupScript.run
DA:32,0
DA:33,0
DA:35,0
DA:36,0
DA:38,0
DA:39,0
DA:40,0
DA:41,0
DA:44,0
FN:44,MasterGenesisSetupScript.loadGenesis
FNDA:0,MasterGenesisSetupScript.loadGenesis
DA:48,0
DA:50,0
DA:51,0
DA:52,0
DA:53,0
DA:54,0
DA:57,0
DA:67,0
DA:68,0
DA:69,0
FNF:2
FNH:0
LF:20
LH:0
BRF:0
BRH:0
end_of_record
TN:
SF:script/test/MasterSetup.s.sol
DA:70,0
FN:70,MasterSetupScript.run
FNDA:0,MasterSetupScript.run
DA:73,0
DA:74,0
DA:76,0
DA:78,0
DA:79,0
DA:80,0
DA:81,0
DA:82,0
DA:84,0
BRDA:84,0,0,-
DA:85,0
DA:88,0
DA:89,0
DA:90,0
DA:91,0
DA:92,0
DA:94,0
DA:95,0
DA:98,0
DA:113,0
DA:114,0
DA:116,0
DA:118,0
DA:119,0
DA:120,0
DA:121,0
DA:123,0
DA:124,0
DA:125,0
DA:126,0
DA:129,0
DA:130,0
DA:132,0
DA:133,0
DA:134,0
DA:135,0
DA:136,0
DA:139,0
DA:140,0
DA:142,0
DA:144,0
BRDA:144,1,0,-
BRDA:144,1,1,-
DA:145,0
DA:146,0
DA:147,0
DA:148,0
DA:149,0
DA:150,0
DA:151,0
DA:152,0
DA:153,0
DA:154,0
BRDA:154,2,0,-
BRDA:154,2,1,-
DA:155,0
DA:157,0
DA:160,0
DA:172,0
DA:173,0
DA:175,0
DA:176,0
DA:178,0
DA:180,0
DA:181,0
DA:183,0
DA:184,0
DA:189,0
DA:193,0
DA:194,0
DA:199,0
DA:200,0
DA:201,0
DA:207,0
DA:229,0
DA:230,0
DA:232,0
DA:233,0
DA:234,0
DA:235,0
DA:236,0
DA:237,0
DA:242,0
DA:244,0
DA:245,0
DA:246,0
DA:247,0
DA:248,0
DA:249,0
DA:250,0
DA:252,0
DA:253,0
DA:254,0
DA:255,0
DA:256,0
DA:257,0
DA:258,0
DA:259,0
DA:260,0
DA:261,0
DA:263,0
DA:264,0
DA:265,0
DA:266,0
DA:268,0
DA:269,0
DA:271,0
DA:274,0
FN:274,MasterSetupScript.loadMasterSetupParams
FNDA:0,MasterSetupScript.loadMasterSetupParams
DA:275,0
DA:276,0
DA:277,0
DA:278,0
DA:279,0
FNF:2
FNH:0
LF:109
LH:0
BRF:5
BRH:0
end_of_record
TN:
SF:script/test/data/zk/Verifier_10.sol
DA:132,0
FN:132,Verifier.negate
FNDA:0,Verifier.negate
DA:136,0
DA:146,0
FN:146,Verifier.exp
FNDA:0,Verifier.exp
DA:147,0
DA:149,0
DA:150,0
DA:151,0
DA:152,0
DA:153,0
DA:154,0
DA:155,0
DA:156,0
DA:157,0
DA:159,0
BRDA:159,0,0,-
DA:162,0
DA:172,0
FN:172,Verifier.invert_Fp
FNDA:0,Verifier.invert_Fp
DA:175,0
DA:176,0
BRDA:176,1,0,-
DA:179,0
DA:189,0
FN:189,Verifier.sqrt_Fp
FNDA:0,Verifier.sqrt_Fp
DA:192,0
DA:193,0
BRDA:193,2,0,-
DA:196,0
DA:206,0
FN:206,Verifier.isSquare_Fp
FNDA:0,Verifier.isSquare_Fp
DA:209,0
DA:210,0
DA:225,0
FN:225,Verifier.sqrt_Fp2
FNDA:0,Verifier.sqrt_Fp2
DA:227,0
DA:228,0
BRDA:228,3,0,-
DA:229,0
DA:232,0
DA:233,0
DA:237,0
BRDA:237,4,0,-
DA:238,0
DA:249,0
FN:249,Verifier.compress_g1
FNDA:0,Verifier.compress_g1
DA:250,0
BRDA:250,5,0,-
DA:252,0
DA:254,0
BRDA:254,6,0,-
DA:256,0
DA:260,0
DA:261,0
BRDA:261,7,0,-
BRDA:261,7,1,-
DA:262,0
DA:263,0
BRDA:263,8,0,-
BRDA:263,8,1,-
DA:264,0
DA:267,0
DA:277,0
FN:277,Verifier.decompress_g1
FNDA:0,Verifier.decompress_g1
DA:282,0
BRDA:282,9,0,-
DA:284,0
DA:286,0
DA:287,0
DA:288,0
BRDA:288,10,0,-
DA:290,0
DA:296,0
DA:297,0
BRDA:297,11,0,-
DA:298,0
DA:314,0
FN:314,Verifier.compress_g2
FNDA:0,Verifier.compress_g2
DA:320,0
BRDA:320,12,0,-
DA:322,0
DA:324,0
BRDA:324,13,0,-
DA:326,0
DA:331,0
DA:332,0
DA:334,0
DA:335,0
DA:336,0
DA:337,0
DA:338,0
DA:343,0
DA:345,0
DA:346,0
DA:350,0
DA:351,0
BRDA:351,14,0,-
BRDA:351,14,1,-
DA:352,0
DA:353,0
DA:354,0
BRDA:354,15,0,-
BRDA:354,15,1,-
DA:355,0
DA:356,0
DA:359,0
DA:374,0
FN:374,Verifier.decompress_g2
FNDA:0,Verifier.decompress_g2
DA:380,0
BRDA:380,16,0,-
DA:382,0
DA:384,0
DA:385,0
DA:386,0
DA:387,0
DA:388,0
BRDA:388,17,0,-
DA:390,0
DA:393,0
DA:394,0
DA:395,0
DA:397,0
DA:398,0
DA:403,0
DA:404,0
BRDA:404,18,0,-
DA:405,0
DA:406,0
DA:419,0
FN:419,Verifier.publicInputMSM
FNDA:0,Verifier.publicInputMSM
DA:432,0
DA:434,0
DA:435,0
DA:436,0
DA:437,0
DA:438,0
DA:439,0
DA:440,0
DA:441,0
DA:442,0
DA:443,0
DA:444,0
DA:445,0
DA:446,0
DA:447,0
DA:448,0
DA:449,0
DA:450,0
DA:451,0
DA:452,0
DA:453,0
DA:454,0
DA:455,0
DA:457,0
DA:458,0
DA:460,0
BRDA:460,19,0,-
DA:463,0
DA:478,0
FN:478,Verifier.compressProof
FNDA:0,Verifier.compressProof
DA:487,0
DA:488,0
DA:489,0
DA:490,0
DA:491,0
DA:505,0
FN:505,Verifier.verifyCompressedProof
FNDA:0,Verifier.verifyCompressedProof
DA:511,0
DA:512,0
DA:513,0
DA:515,0
DA:516,0
DA:518,0
DA:520,0
DA:523,0
DA:524,0
DA:525,0
DA:526,0
DA:527,0
DA:528,0
DA:529,0
DA:530,0
DA:531,0
DA:532,0
DA:533,0
DA:534,0
DA:537,0
DA:539,0
DA:541,0
DA:542,0
DA:544,0
BRDA:544,20,0,-
DA:545,0
DA:550,0
DA:551,0
DA:552,0
DA:553,0
DA:559,0
DA:560,0
DA:561,0
DA:562,0
DA:563,0
DA:564,0
DA:566,0
DA:567,0
DA:568,0
DA:569,0
DA:570,0
DA:571,0
DA:573,0
DA:574,0
DA:575,0
DA:576,0
DA:577,0
DA:578,0
DA:580,0
DA:581,0
DA:582,0
DA:583,0
DA:584,0
DA:585,0
DA:588,0
DA:589,0
DA:591,0
DA:593,0
BRDA:593,21,0,-
DA:596,0
DA:612,0
FN:612,Verifier.verifyProof
FNDA:0,Verifier.verifyProof
DA:619,0
DA:620,0
DA:622,0
DA:626,0
DA:628,0
DA:630,0
DA:631,0
DA:632,0
DA:633,0
DA:634,0
DA:635,0
DA:636,0
DA:637,0
DA:638,0
DA:639,0
DA:641,0
DA:642,0
DA:644,0
BRDA:644,22,0,-
DA:645,0
DA:648,0
DA:653,0
DA:657,0
DA:663,0
DA:664,0
DA:665,0
DA:666,0
DA:667,0
DA:668,0
DA:669,0
DA:670,0
DA:671,0
DA:672,0
DA:673,0
DA:674,0
DA:675,0
DA:676,0
DA:677,0
DA:678,0
DA:681,0
DA:683,0
DA:685,0
BRDA:685,23,0,-
DA:688,0
FNF:14
FNH:0
LF:232
LH:0
BRF:28
BRH:0
end_of_record
TN:
SF:script/test/data/zk/Verifier_100.sol
DA:132,0
FN:132,Verifier.negate
FNDA:0,Verifier.negate
DA:136,0
DA:146,0
FN:146,Verifier.exp
FNDA:0,Verifier.exp
DA:147,0
DA:149,0
DA:150,0
DA:151,0
DA:152,0
DA:153,0
DA:154,0
DA:155,0
DA:156,0
DA:157,0
DA:159,0
BRDA:159,0,0,-
DA:162,0
DA:172,0
FN:172,Verifier.invert_Fp
FNDA:0,Verifier.invert_Fp
DA:175,0
DA:176,0
BRDA:176,1,0,-
DA:179,0
DA:189,0
FN:189,Verifier.sqrt_Fp
FNDA:0,Verifier.sqrt_Fp
DA:192,0
DA:193,0
BRDA:193,2,0,-
DA:196,0
DA:206,0
FN:206,Verifier.isSquare_Fp
FNDA:0,Verifier.isSquare_Fp
DA:209,0
DA:210,0
DA:225,0
FN:225,Verifier.sqrt_Fp2
FNDA:0,Verifier.sqrt_Fp2
DA:227,0
DA:228,0
BRDA:228,3,0,-
DA:229,0
DA:232,0
DA:233,0
DA:237,0
BRDA:237,4,0,-
DA:238,0
DA:249,0
FN:249,Verifier.compress_g1
FNDA:0,Verifier.compress_g1
DA:250,0
BRDA:250,5,0,-
DA:252,0
DA:254,0
BRDA:254,6,0,-
DA:256,0
DA:260,0
DA:261,0
BRDA:261,7,0,-
BRDA:261,7,1,-
DA:262,0
DA:263,0
BRDA:263,8,0,-
BRDA:263,8,1,-
DA:264,0
DA:267,0
DA:277,0
FN:277,Verifier.decompress_g1
FNDA:0,Verifier.decompress_g1
DA:282,0
BRDA:282,9,0,-
DA:284,0
DA:286,0
DA:287,0
DA:288,0
BRDA:288,10,0,-
DA:290,0
DA:296,0
DA:297,0
BRDA:297,11,0,-
DA:298,0
DA:314,0
FN:314,Verifier.compress_g2
FNDA:0,Verifier.compress_g2
DA:320,0
BRDA:320,12,0,-
DA:322,0
DA:324,0
BRDA:324,13,0,-
DA:326,0
DA:331,0
DA:332,0
DA:334,0
DA:335,0
DA:336,0
DA:337,0
DA:338,0
DA:343,0
DA:345,0
DA:346,0
DA:350,0
DA:351,0
BRDA:351,14,0,-
BRDA:351,14,1,-
DA:352,0
DA:353,0
DA:354,0
BRDA:354,15,0,-
BRDA:354,15,1,-
DA:355,0
DA:356,0
DA:359,0
DA:374,0
FN:374,Verifier.decompress_g2
FNDA:0,Verifier.decompress_g2
DA:380,0
BRDA:380,16,0,-
DA:382,0
DA:384,0
DA:385,0
DA:386,0
DA:387,0
DA:388,0
BRDA:388,17,0,-
DA:390,0
DA:393,0
DA:394,0
DA:395,0
DA:397,0
DA:398,0
DA:403,0
DA:404,0
BRDA:404,18,0,-
DA:405,0
DA:406,0
DA:419,0
FN:419,Verifier.publicInputMSM
FNDA:0,Verifier.publicInputMSM
DA:432,0
DA:434,0
DA:435,0
DA:436,0
DA:437,0
DA:438,0
DA:439,0
DA:440,0
DA:441,0
DA:442,0
DA:443,0
DA:444,0
DA:445,0
DA:446,0
DA:447,0
DA:448,0
DA:449,0
DA:450,0
DA:451,0
DA:452,0
DA:453,0
DA:454,0
DA:455,0
DA:457,0
DA:458,0
DA:460,0
BRDA:460,19,0,-
DA:463,0
DA:478,0
FN:478,Verifier.compressProof
FNDA:0,Verifier.compressProof
DA:487,0
DA:488,0
DA:489,0
DA:490,0
DA:491,0
DA:505,0
FN:505,Verifier.verifyCompressedProof
FNDA:0,Verifier.verifyCompressedProof
DA:511,0
DA:512,0
DA:513,0
DA:515,0
DA:516,0
DA:518,0
DA:520,0
DA:523,0
DA:524,0
DA:525,0
DA:526,0
DA:527,0
DA:528,0
DA:529,0
DA:530,0
DA:531,0
DA:532,0
DA:533,0
DA:534,0
DA:537,0
DA:539,0
DA:541,0
DA:542,0
DA:544,0
BRDA:544,20,0,-
DA:545,0
DA:550,0
DA:551,0
DA:552,0
DA:553,0
DA:559,0
DA:560,0
DA:561,0
DA:562,0
DA:563,0
DA:564,0
DA:566,0
DA:567,0
DA:568,0
DA:569,0
DA:570,0
DA:571,0
DA:573,0
DA:574,0
DA:575,0
DA:576,0
DA:577,0
DA:578,0
DA:580,0
DA:581,0
DA:582,0
DA:583,0
DA:584,0
DA:585,0
DA:588,0
DA:589,0
DA:591,0
DA:593,0
BRDA:593,21,0,-
DA:596,0
DA:612,0
FN:612,Verifier.verifyProof
FNDA:0,Verifier.verifyProof
DA:619,0
DA:620,0
DA:622,0
DA:626,0
DA:628,0
DA:630,0
DA:631,0
DA:632,0
DA:633,0
DA:634,0
DA:635,0
DA:636,0
DA:637,0
DA:638,0
DA:639,0
DA:641,0
DA:642,0
DA:644,0
BRDA:644,22,0,-
DA:645,0
DA:648,0
DA:653,0
DA:657,0
DA:663,0
DA:664,0
DA:665,0
DA:666,0
DA:667,0
DA:668,0
DA:669,0
DA:670,0
DA:671,0
DA:672,0
DA:673,0
DA:674,0
DA:675,0
DA:676,0
DA:677,0
DA:678,0
DA:681,0
DA:683,0
DA:685,0
BRDA:685,23,0,-
DA:688,0
FNF:14
FNH:0
LF:232
LH:0
BRF:28
BRH:0
end_of_record
TN:
SF:script/test/data/zk/Verifier_1000.sol
DA:132,0
FN:132,Verifier.negate
FNDA:0,Verifier.negate
DA:136,0
DA:146,0
FN:146,Verifier.exp
FNDA:0,Verifier.exp
DA:147,0
DA:149,0
DA:150,0
DA:151,0
DA:152,0
DA:153,0
DA:154,0
DA:155,0
DA:156,0
DA:157,0
DA:159,0
BRDA:159,0,0,-
DA:162,0
DA:172,0
FN:172,Verifier.invert_Fp
FNDA:0,Verifier.invert_Fp
DA:175,0
DA:176,0
BRDA:176,1,0,-
DA:179,0
DA:189,0
FN:189,Verifier.sqrt_Fp
FNDA:0,Verifier.sqrt_Fp
DA:192,0
DA:193,0
BRDA:193,2,0,-
DA:196,0
DA:206,0
FN:206,Verifier.isSquare_Fp
FNDA:0,Verifier.isSquare_Fp
DA:209,0
DA:210,0
DA:225,0
FN:225,Verifier.sqrt_Fp2
FNDA:0,Verifier.sqrt_Fp2
DA:227,0
DA:228,0
BRDA:228,3,0,-
DA:229,0
DA:232,0
DA:233,0
DA:237,0
BRDA:237,4,0,-
DA:238,0
DA:249,0
FN:249,Verifier.compress_g1
FNDA:0,Verifier.compress_g1
DA:250,0
BRDA:250,5,0,-
DA:252,0
DA:254,0
BRDA:254,6,0,-
DA:256,0
DA:260,0
DA:261,0
BRDA:261,7,0,-
BRDA:261,7,1,-
DA:262,0
DA:263,0
BRDA:263,8,0,-
BRDA:263,8,1,-
DA:264,0
DA:267,0
DA:277,0
FN:277,Verifier.decompress_g1
FNDA:0,Verifier.decompress_g1
DA:282,0
BRDA:282,9,0,-
DA:284,0
DA:286,0
DA:287,0
DA:288,0
BRDA:288,10,0,-
DA:290,0
DA:296,0
DA:297,0
BRDA:297,11,0,-
DA:298,0
DA:314,0
FN:314,Verifier.compress_g2
FNDA:0,Verifier.compress_g2
DA:320,0
BRDA:320,12,0,-
DA:322,0
DA:324,0
BRDA:324,13,0,-
DA:326,0
DA:331,0
DA:332,0
DA:334,0
DA:335,0
DA:336,0
DA:337,0
DA:338,0
DA:343,0
DA:345,0
DA:346,0
DA:350,0
DA:351,0
BRDA:351,14,0,-
BRDA:351,14,1,-
DA:352,0
DA:353,0
DA:354,0
BRDA:354,15,0,-
BRDA:354,15,1,-
DA:355,0
DA:356,0
DA:359,0
DA:374,0
FN:374,Verifier.decompress_g2
FNDA:0,Verifier.decompress_g2
DA:380,0
BRDA:380,16,0,-
DA:382,0
DA:384,0
DA:385,0
DA:386,0
DA:387,0
DA:388,0
BRDA:388,17,0,-
DA:390,0
DA:393,0
DA:394,0
DA:395,0
DA:397,0
DA:398,0
DA:403,0
DA:404,0
BRDA:404,18,0,-
DA:405,0
DA:406,0
DA:419,0
FN:419,Verifier.publicInputMSM
FNDA:0,Verifier.publicInputMSM
DA:432,0
DA:434,0
DA:435,0
DA:436,0
DA:437,0
DA:438,0
DA:439,0
DA:440,0
DA:441,0
DA:442,0
DA:443,0
DA:444,0
DA:445,0
DA:446,0
DA:447,0
DA:448,0
DA:449,0
DA:450,0
DA:451,0
DA:452,0
DA:453,0
DA:454,0
DA:455,0
DA:457,0
DA:458,0
DA:460,0
BRDA:460,19,0,-
DA:463,0
DA:478,0
FN:478,Verifier.compressProof
FNDA:0,Verifier.compressProof
DA:487,0
DA:488,0
DA:489,0
DA:490,0
DA:491,0
DA:505,0
FN:505,Verifier.verifyCompressedProof
FNDA:0,Verifier.verifyCompressedProof
DA:511,0
DA:512,0
DA:513,0
DA:515,0
DA:516,0
DA:518,0
DA:520,0
DA:523,0
DA:524,0
DA:525,0
DA:526,0
DA:527,0
DA:528,0
DA:529,0
DA:530,0
DA:531,0
DA:532,0
DA:533,0
DA:534,0
DA:537,0
DA:539,0
DA:541,0
DA:542,0
DA:544,0
BRDA:544,20,0,-
DA:545,0
DA:550,0
DA:551,0
DA:552,0
DA:553,0
DA:559,0
DA:560,0
DA:561,0
DA:562,0
DA:563,0
DA:564,0
DA:566,0
DA:567,0
DA:568,0
DA:569,0
DA:570,0
DA:571,0
DA:573,0
DA:574,0
DA:575,0
DA:576,0
DA:577,0
DA:578,0
DA:580,0
DA:581,0
DA:582,0
DA:583,0
DA:584,0
DA:585,0
DA:588,0
DA:589,0
DA:591,0
DA:593,0
BRDA:593,21,0,-
DA:596,0
DA:612,0
FN:612,Verifier.verifyProof
FNDA:0,Verifier.verifyProof
DA:619,0
DA:620,0
DA:622,0
DA:626,0
DA:628,0
DA:630,0
DA:631,0
DA:632,0
DA:633,0
DA:634,0
DA:635,0
DA:636,0
DA:637,0
DA:638,0
DA:639,0
DA:641,0
DA:642,0
DA:644,0
BRDA:644,22,0,-
DA:645,0
DA:648,0
DA:653,0
DA:657,0
DA:663,0
DA:664,0
DA:665,0
DA:666,0
DA:667,0
DA:668,0
DA:669,0
DA:670,0
DA:671,0
DA:672,0
DA:673,0
DA:674,0
DA:675,0
DA:676,0
DA:677,0
DA:678,0
DA:681,0
DA:683,0
DA:685,0
BRDA:685,23,0,-
DA:688,0
FNF:14
FNH:0
LF:232
LH:0
BRF:28
BRH:0
end_of_record
TN:
SF:src/contracts/base/EpochManager.sol
DA:18,86
FN:18,EpochManager._getEpochManagerStorage
FNDA:86,EpochManager._getEpochManagerStorage
DA:19,86
DA:21,86
DA:25,14
FN:25,EpochManager.__EpochManager_init
FNDA:14,EpochManager.__EpochManager_init
DA:28,14
DA:29,12
DA:35,9
FN:35,EpochManager.getCurrentEpoch
FNDA:9,EpochManager.getCurrentEpoch
DA:36,26
DA:37,26
DA:38,24
DA:44,1
FN:44,EpochManager.getCurrentEpochDuration
FNDA:1,EpochManager.getCurrentEpochDuration
DA:45,7
DA:51,1
FN:51,EpochManager.getCurrentEpochStart
FNDA:1,EpochManager.getCurrentEpochStart
DA:52,7
DA:53,7
DA:54,7
DA:60,2
FN:60,EpochManager.getNextEpoch
FNDA:2,EpochManager.getNextEpoch
DA:61,5
DA:67,4
FN:67,EpochManager.getNextEpochDuration
FNDA:4,EpochManager.getNextEpochDuration
DA:68,4
DA:69,4
DA:70,4
DA:76,3
FN:76,EpochManager.getNextEpochStart
FNDA:3,EpochManager.getNextEpochStart
DA:77,6
DA:83,1
FN:83,EpochManager.getEpochIndex
FNDA:1,EpochManager.getEpochIndex
DA:84,1
DA:85,1
DA:87,1
DA:93,2
FN:93,EpochManager.getEpochDuration
FNDA:2,EpochManager.getEpochDuration
DA:94,2
DA:100,4
FN:100,EpochManager.getEpochStart
FNDA:4,EpochManager.getEpochStart
DA:101,4
DA:102,4
DA:103,4
DA:109,3
FN:109,EpochManager.setEpochDuration
FNDA:3,EpochManager.setEpochDuration
DA:112,3
DA:113,2
DA:116,2
FN:116,EpochManager._getEpochDurationDataByTimestamp
FNDA:2,EpochManager._getEpochDurationDataByTimestamp
DA:120,2
DA:125,8
FN:125,EpochManager._getEpochDurationDataByIndex
FNDA:8,EpochManager._getEpochDurationDataByIndex
DA:129,8
DA:134,42
FN:134,EpochManager._getCurrentEpochDurationData
FNDA:42,EpochManager._getCurrentEpochDurationData
DA:135,42
DA:140,5
FN:140,EpochManager._setEpochDuration
FNDA:5,EpochManager._setEpochDuration
DA:145,5
BRDA:145,0,0,1
DA:146,1
DA:148,4
DA:151,18
FN:151,EpochManager._setEpochDurationInternal
FNDA:18,EpochManager._setEpochDurationInternal
DA:156,18
BRDA:156,1,0,2
DA:157,2
DA:159,16
BRDA:159,2,0,1
DA:160,1
DA:162,15
DA:166,15
DA:171,31
FN:171,EpochManager._serializeEpochDurationData
FNDA:31,EpochManager._serializeEpochDurationData
DA:176,31
DA:179,54
FN:179,EpochManager._deserializeEpochDurationData
FNDA:54,EpochManager._deserializeEpochDurationData
DA:182,54
DA:185,53
FN:185,EpochManager._getCurrentValue
FNDA:53,EpochManager._getCurrentValue
DA:189,53
DA:190,53
BRDA:190,3,0,3
DA:191,3
DA:193,50
DA:194,50
BRDA:194,4,0,40
DA:195,40
DA:197,10
BRDA:197,5,0,2
DA:198,2
DA:200,8
DA:201,8
FNF:20
FNH:20
LF:69
LH:69
BRF:6
BRH:6
end_of_record
TN:
SF:src/contracts/base/KeyManager.sol
DA:42,607
FN:42,KeyManager._getKeyManagerStorage
FNDA:607,KeyManager._getKeyManagerStorage
DA:44,607
DA:48,65
FN:48,KeyManager.__KeyManager_init
FNDA:65,KeyManager.__KeyManager_init
DA:53,4
FN:53,KeyManager.getKeyAt
FNDA:4,KeyManager.getKeyAt
DA:59,9
DA:60,9
BRDA:60,0,0,1
DA:61,1
DA:63,8
BRDA:63,1,0,6
DA:64,6
DA:66,2
DA:72,7
FN:72,KeyManager.getKey
FNDA:7,KeyManager.getKey
DA:73,13
DA:74,13
BRDA:74,2,0,1
DA:75,1
DA:77,12
BRDA:77,3,0,10
DA:78,10
DA:80,2
DA:86,3
FN:86,KeyManager.getOperator
FNDA:3,KeyManager.getOperator
DA:89,3
DA:95,2
FN:95,KeyManager.getKeysAt
FNDA:2,KeyManager.getKeysAt
DA:100,4
DA:101,4
BRDA:101,4,0,-
DA:102,0
DA:105,4
DA:106,4
DA:107,4
DA:108,4
DA:109,5
DA:119,3
FN:119,KeyManager.getKeys
FNDA:3,KeyManager.getKeys
DA:122,5
DA:123,5
DA:124,5
DA:125,6
DA:132,1
FN:132,KeyManager.getKeysAt
FNDA:1,KeyManager.getKeysAt
DA:135,1
DA:136,1
DA:137,1
DA:138,2
DA:139,2
DA:146,1
FN:146,KeyManager.getKeys
FNDA:1,KeyManager.getKeys
DA:147,1
DA:148,1
DA:149,1
DA:150,2
DA:151,2
DA:155,8
FN:155,KeyManager._getKeyTagsAt
FNDA:8,KeyManager._getKeyTagsAt
DA:160,8
DA:161,8
DA:164,7
FN:164,KeyManager._getKeyTags
FNDA:7,KeyManager._getKeyTags
DA:167,7
DA:170,2
FN:170,KeyManager._getKeysOperatorsAt
FNDA:2,KeyManager._getKeysOperatorsAt
DA:173,2
DA:176,2
FN:176,KeyManager._getKeysOperators
FNDA:2,KeyManager._getKeysOperators
DA:177,2
DA:180,1
FN:180,KeyManager._getKeysOperatorsLength
FNDA:1,KeyManager._getKeysOperatorsLength
DA:181,1
DA:187,285
FN:187,KeyManager.setKey
FNDA:285,KeyManager.setKey
DA:188,285
DA:191,285
FN:191,KeyManager._setKey
FNDA:285,KeyManager._setKey
DA:198,285
DA:200,285
DA:202,285
DA:209,1
BRDA:209,5,0,1
DA:210,1
DA:216,283
DA:217,283
DA:218,283
BRDA:218,6,0,2
DA:219,2
BRDA:219,7,0,1
DA:220,1
DA:223,1
DA:224,1
DA:225,1
BRDA:225,8,0,1
DA:226,1
DA:230,281
DA:231,281
DA:232,281
DA:234,281
DA:235,281
DA:236,281
DA:238,281
DA:241,281
FN:241,KeyManager._setKey
FNDA:281,KeyManager._setKey
DA:242,281
DA:243,281
BRDA:243,9,0,271
DA:244,271
DA:245,271
DA:247,10
BRDA:247,10,0,10
DA:248,10
DA:249,10
DA:251,0
DA:254,281
FN:254,KeyManager._setKey32
FNDA:281,KeyManager._setKey32
DA:255,281
DA:256,281
DA:259,0
FN:259,KeyManager._setKey64
FNDA:0,KeyManager._setKey64
DA:260,0
DA:261,0
DA:266,285
FN:266,KeyManager._verifyKey
FNDA:285,KeyManager._verifyKey
DA:273,285
DA:274,285
BRDA:274,11,0,271
DA:275,271
DA:277,14
BRDA:277,12,0,13
DA:278,13
DA:280,1
DA:283,7
FN:283,KeyManager._getKey32At
FNDA:7,KeyManager._getKey32At
DA:289,7
DA:290,7
DA:293,11
FN:293,KeyManager._getKey32
FNDA:11,KeyManager._getKey32
DA:294,11
DA:295,11
DA:298,0
FN:298,KeyManager._getKey64At
FNDA:0,KeyManager._getKey64At
DA:304,0
DA:305,0
DA:306,0
DA:309,0
FN:309,KeyManager._getKey64
FNDA:0,KeyManager._getKey64
DA:310,0
DA:311,0
FNF:24
FNH:21
LF:115
LH:103
BRF:13
BRH:12
end_of_record
TN:
SF:src/contracts/base/NetworkManager.sol
DA:17,467
FN:17,NetworkManager._getNetworkManagerStorage
FNDA:467,NetworkManager._getNetworkManagerStorage
DA:19,467
DA:23,63
FN:23,NetworkManager.__NetworkManager_init
FNDA:63,NetworkManager.__NetworkManager_init
DA:26,63
DA:27,63
DA:28,63
DA:29,63
DA:35,2
FN:35,NetworkManager.NETWORK
FNDA:2,NetworkManager.NETWORK
DA:36,202
DA:42,2
FN:42,NetworkManager.SUBNETWORK_IDENTIFIER
FNDA:2,NetworkManager.SUBNETWORK_IDENTIFIER
DA:43,202
DA:49,197
FN:49,NetworkManager.SUBNETWORK
FNDA:197,NetworkManager.SUBNETWORK
DA:50,200
FNF:5
FNH:5
LF:13
LH:13
BRF:0
BRH:0
end_of_record
TN:
SF:src/contracts/base/PermissionManager.sol
DA:9,21
FN:9,PermissionManager.checkPermission
FNDA:21,PermissionManager.checkPermission
DA:10,21
FNF:1
FNH:1
LF:2
LH:2
BRF:0
BRH:0
end_of_record
TN:
SF:src/contracts/base/VaultManager.sol
DA:39,55
FN:39,VaultManager.constructor
FNDA:55,VaultManager.constructor
DA:40,55
DA:41,55
DA:44,55
FN:44,VaultManager.__VaultManager_init
FNDA:55,VaultManager.__VaultManager_init
DA:47,55
DA:53,40
FN:53,VaultManager.getSlashingWindow
FNDA:40,VaultManager.getSlashingWindow
DA:54,40
DA:60,1
FN:60,VaultManager.isTokenRegisteredAt
FNDA:1,VaultManager.isTokenRegisteredAt
DA:65,1
DA:71,3
FN:71,VaultManager.isTokenRegistered
FNDA:3,VaultManager.isTokenRegistered
DA:74,3
DA:80,4
FN:80,VaultManager.getTokensAt
FNDA:4,VaultManager.getTokensAt
DA:83,4
DA:89,1
FN:89,VaultManager.getTokens
FNDA:1,VaultManager.getTokens
DA:90,1
DA:96,3
FN:96,VaultManager.getTokensLength
FNDA:3,VaultManager.getTokensLength
DA:97,3
DA:103,3
FN:103,VaultManager.isOperatorRegisteredAt
FNDA:3,VaultManager.isOperatorRegisteredAt
DA:108,3
DA:114,18
FN:114,VaultManager.isOperatorRegistered
FNDA:18,VaultManager.isOperatorRegistered
DA:117,22
DA:123,2
FN:123,VaultManager.getOperatorsAt
FNDA:2,VaultManager.getOperatorsAt
DA:126,2
DA:132,4
FN:132,VaultManager.getOperators
FNDA:4,VaultManager.getOperators
DA:133,4
DA:139,3
FN:139,VaultManager.getOperatorsLength
FNDA:3,VaultManager.getOperatorsLength
DA:140,3
DA:146,1
FN:146,VaultManager.isSharedVaultRegisteredAt
FNDA:1,VaultManager.isSharedVaultRegisteredAt
DA:151,1
DA:157,3
FN:157,VaultManager.isSharedVaultRegistered
FNDA:3,VaultManager.isSharedVaultRegistered
DA:160,3
DA:166,1
FN:166,VaultManager.getSharedVaultsAt
FNDA:1,VaultManager.getSharedVaultsAt
DA:169,1
DA:175,2
FN:175,VaultManager.getSharedVaults
FNDA:2,VaultManager.getSharedVaults
DA:176,2
DA:182,1
FN:182,VaultManager.getSharedVaultsLength
FNDA:1,VaultManager.getSharedVaultsLength
DA:183,1
DA:189,1
FN:189,VaultManager.isOperatorVaultRegisteredAt
FNDA:1,VaultManager.isOperatorVaultRegisteredAt
DA:194,1
DA:200,8
FN:200,VaultManager.isOperatorVaultRegistered
FNDA:8,VaultManager.isOperatorVaultRegistered
DA:203,8
DA:209,1
FN:209,VaultManager.isOperatorVaultRegisteredAt
FNDA:1,VaultManager.isOperatorVaultRegisteredAt
DA:215,1
DA:221,9
FN:221,VaultManager.isOperatorVaultRegistered
FNDA:9,VaultManager.isOperatorVaultRegistered
DA:222,9
DA:228,1
FN:228,VaultManager.getOperatorVaultsAt
FNDA:1,VaultManager.getOperatorVaultsAt
DA:229,1
DA:235,2
FN:235,VaultManager.getOperatorVaults
FNDA:2,VaultManager.getOperatorVaults
DA:238,2
DA:244,1
FN:244,VaultManager.getOperatorVaultsLength
FNDA:1,VaultManager.getOperatorVaultsLength
DA:247,1
DA:253,15
FN:253,VaultManager.getOperatorVotingPowerAt
FNDA:15,VaultManager.getOperatorVotingPowerAt
DA:260,15
DA:266,15
FN:266,VaultManager.getOperatorVotingPower
FNDA:15,VaultManager.getOperatorVotingPower
DA:271,15
DA:277,5
FN:277,VaultManager.getOperatorVotingPowersAt
FNDA:5,VaultManager.getOperatorVotingPowersAt
DA:282,5
DA:288,20
FN:288,VaultManager.getOperatorVotingPowers
FNDA:20,VaultManager.getOperatorVotingPowers
DA:292,20
DA:298,1
FN:298,VaultManager.getVotingPowersAt
FNDA:1,VaultManager.getVotingPowersAt
DA:302,1
DA:308,3
FN:308,VaultManager.getVotingPowers
FNDA:3,VaultManager.getVotingPowers
DA:311,3
DA:314,15
FN:314,VaultManager._getOperatorStakeAt
FNDA:15,VaultManager._getOperatorStakeAt
DA:320,15
DA:323,15
FN:323,VaultManager._getOperatorStake
FNDA:15,VaultManager._getOperatorStake
DA:324,15
DA:327,2
FN:327,VaultManager._setSlashingWindow
FNDA:2,VaultManager._setSlashingWindow
DA:330,2
DA:333,13
FN:333,VaultManager._registerToken
FNDA:13,VaultManager._registerToken
DA:336,13
DA:339,4
FN:339,VaultManager._unregisterToken
FNDA:4,VaultManager._unregisterToken
DA:342,4
DA:345,30
FN:345,VaultManager._registerOperator
FNDA:30,VaultManager._registerOperator
DA:348,30
DA:351,7
FN:351,VaultManager._unregisterOperator
FNDA:7,VaultManager._unregisterOperator
DA:354,7
DA:357,16
FN:357,VaultManager._registerSharedVault
FNDA:16,VaultManager._registerSharedVault
DA:360,16
DA:363,8
FN:363,VaultManager._registerOperatorVault
FNDA:8,VaultManager._registerOperatorVault
DA:364,8
DA:367,2
FN:367,VaultManager._unregisterSharedVault
FNDA:2,VaultManager._unregisterSharedVault
DA:370,2
DA:373,3
FN:373,VaultManager._unregisterOperatorVault
FNDA:3,VaultManager._unregisterOperatorVault
DA:374,3
FNF:42
FNH:42
LF:85
LH:85
BRF:0
BRH:0
end_of_record
TN:
SF:src/contracts/base/common/OzEIP712.sol
DA:14,102
FN:14,OzEIP712.__OzEIP712_init
FNDA:102,OzEIP712.__OzEIP712_init
DA:17,102
DA:18,102
DA:24,288
FN:24,OzEIP712.hashTypedDataV4
FNDA:288,OzEIP712.hashTypedDataV4
DA:27,576
DA:33,1
FN:33,OzEIP712.hashTypedDataV4CrossChain
FNDA:1,OzEIP712.hashTypedDataV4CrossChain
DA:36,4
FNF:3
FNH:3
LF:7
LH:7
BRF:0
BRH:0
end_of_record
TN:
SF:src/contracts/base/logic/VaultManagerLogic.sol
DA:45,597
FN:45,VaultManagerLogic._getVaultManagerStorage
FNDA:597,VaultManagerLogic._getVaultManagerStorage
DA:47,597
DA:51,55
FN:51,VaultManagerLogic.initialize
FNDA:55,VaultManagerLogic.initialize
DA:54,55
DA:55,55
DA:56,55
BRDA:56,0,0,30
DA:57,30
DA:61,40
FN:61,VaultManagerLogic.getSlashingWindow
FNDA:40,VaultManagerLogic.getSlashingWindow
DA:62,66
DA:65,1
FN:65,VaultManagerLogic.isTokenRegisteredAt
FNDA:1,VaultManagerLogic.isTokenRegisteredAt
DA:66,46
DA:69,3
FN:69,VaultManagerLogic.isTokenRegistered
FNDA:3,VaultManagerLogic.isTokenRegistered
DA:72,143
DA:75,4
FN:75,VaultManagerLogic.getTokensAt
FNDA:4,VaultManagerLogic.getTokensAt
DA:78,4
DA:81,1
FN:81,VaultManagerLogic.getTokens
FNDA:1,VaultManagerLogic.getTokens
DA:82,1
DA:85,3
FN:85,VaultManagerLogic.getTokensLength
FNDA:3,VaultManagerLogic.getTokensLength
DA:86,3
DA:89,3
FN:89,VaultManagerLogic.isOperatorRegisteredAt
FNDA:3,VaultManagerLogic.isOperatorRegisteredAt
DA:90,3
DA:93,22
FN:93,VaultManagerLogic.isOperatorRegistered
FNDA:22,VaultManagerLogic.isOperatorRegistered
DA:96,30
DA:99,2
FN:99,VaultManagerLogic.getOperatorsAt
FNDA:2,VaultManagerLogic.getOperatorsAt
DA:102,3
DA:105,4
FN:105,VaultManagerLogic.getOperators
FNDA:4,VaultManagerLogic.getOperators
DA:106,7
DA:109,3
FN:109,VaultManagerLogic.getOperatorsLength
FNDA:3,VaultManagerLogic.getOperatorsLength
DA:110,3
DA:113,1
FN:113,VaultManagerLogic.isSharedVaultRegisteredAt
FNDA:1,VaultManagerLogic.isSharedVaultRegisteredAt
DA:114,1
DA:117,3
FN:117,VaultManagerLogic.isSharedVaultRegistered
FNDA:3,VaultManagerLogic.isSharedVaultRegistered
DA:120,3
DA:123,1
FN:123,VaultManagerLogic.getSharedVaultsAt
FNDA:1,VaultManagerLogic.getSharedVaultsAt
DA:126,11
DA:129,2
FN:129,VaultManagerLogic.getSharedVaults
FNDA:2,VaultManagerLogic.getSharedVaults
DA:130,37
DA:133,1
FN:133,VaultManagerLogic.getSharedVaultsLength
FNDA:1,VaultManagerLogic.getSharedVaultsLength
DA:134,1
DA:137,1
FN:137,VaultManagerLogic.isOperatorVaultRegisteredAt
FNDA:1,VaultManagerLogic.isOperatorVaultRegisteredAt
DA:142,1
DA:145,8
FN:145,VaultManagerLogic.isOperatorVaultRegistered
FNDA:8,VaultManagerLogic.isOperatorVaultRegistered
DA:148,8
DA:151,1
FN:151,VaultManagerLogic.isOperatorVaultRegisteredAt
FNDA:1,VaultManagerLogic.isOperatorVaultRegisteredAt
DA:157,1
DA:160,9
FN:160,VaultManagerLogic.isOperatorVaultRegistered
FNDA:9,VaultManagerLogic.isOperatorVaultRegistered
DA:161,9
DA:164,1
FN:164,VaultManagerLogic.getOperatorVaultsAt
FNDA:1,VaultManagerLogic.getOperatorVaultsAt
DA:165,11
DA:168,2
FN:168,VaultManagerLogic.getOperatorVaults
FNDA:2,VaultManagerLogic.getOperatorVaults
DA:171,37
DA:174,1
FN:174,VaultManagerLogic.getOperatorVaultsLength
FNDA:1,VaultManagerLogic.getOperatorVaultsLength
DA:177,1
DA:180,15
FN:180,VaultManagerLogic.getOperatorStakeAt
FNDA:15,VaultManagerLogic.getOperatorStakeAt
DA:186,60
DA:191,15
FN:191,VaultManagerLogic.getOperatorStake
FNDA:15,VaultManagerLogic.getOperatorStake
DA:192,135
DA:195,15
FN:195,VaultManagerLogic.getOperatorVotingPowerAt
FNDA:15,VaultManagerLogic.getOperatorVotingPowerAt
DA:202,45
DA:203,45
BRDA:203,1,0,-
DA:204,0
DA:208,45
DA:211,0
BRDA:211,2,0,-
DA:212,0
DA:214,45
DA:222,15
FN:222,VaultManagerLogic.getOperatorVotingPower
FNDA:15,VaultManagerLogic.getOperatorVotingPower
DA:227,120
BRDA:227,3,0,-
DA:228,0
DA:230,120
DA:235,5
FN:235,VaultManagerLogic.getOperatorVotingPowersAt
FNDA:5,VaultManagerLogic.getOperatorVotingPowersAt
DA:240,10
DA:241,10
BRDA:241,4,0,-
DA:242,0
DA:245,10
DA:246,10
DA:247,10
DA:248,10
DA:249,10
DA:251,10
DA:252,30
DA:259,30
BRDA:259,5,0,30
DA:260,30
DA:264,10
DA:266,10
DA:267,0
DA:274,0
BRDA:274,6,0,-
DA:275,0
DA:281,10
DA:285,20
FN:285,VaultManagerLogic.getOperatorVotingPowers
FNDA:20,VaultManagerLogic.getOperatorVotingPowers
DA:289,35
DA:290,35
BRDA:290,7,0,-
DA:291,0
DA:294,35
DA:295,35
DA:296,35
DA:297,35
DA:298,35
DA:300,35
DA:301,105
DA:304,105
BRDA:304,8,0,105
DA:305,105
DA:309,35
DA:311,35
DA:312,0
DA:315,0
BRDA:315,9,0,-
DA:316,0
DA:322,35
DA:326,1
FN:326,VaultManagerLogic.getVotingPowersAt
FNDA:1,VaultManagerLogic.getVotingPowersAt
DA:330,1
DA:331,1
DA:332,1
DA:333,1
DA:334,1
DA:335,5
DA:336,5
DA:337,5
BRDA:337,10,0,5
DA:338,5
DA:343,1
DA:347,3
FN:347,VaultManagerLogic.getVotingPowers
FNDA:3,VaultManagerLogic.getVotingPowers
DA:350,3
DA:351,3
DA:352,3
DA:353,3
DA:354,3
DA:355,15
DA:356,15
BRDA:356,11,0,15
DA:357,15
DA:362,3
DA:366,2
FN:366,VaultManagerLogic.setSlashingWindow
FNDA:2,VaultManagerLogic.setSlashingWindow
DA:369,2
BRDA:369,12,0,1
DA:370,1
DA:372,1
DA:374,1
DA:377,13
FN:377,VaultManagerLogic.registerToken
FNDA:13,VaultManagerLogic.registerToken
DA:380,43
BRDA:380,13,0,1
DA:381,1
DA:383,42
BRDA:383,14,0,1
DA:384,1
DA:387,41
DA:390,4
FN:390,VaultManagerLogic.unregisterToken
FNDA:4,VaultManagerLogic.unregisterToken
DA:393,4
BRDA:393,15,0,1
DA:394,1
DA:397,3
DA:400,30
FN:400,VaultManagerLogic.registerOperator
FNDA:30,VaultManagerLogic.registerOperator
DA:403,30
BRDA:403,16,0,1
DA:404,1
DA:407,29
BRDA:407,17,0,1
DA:408,1
DA:411,28
DA:414,7
FN:414,VaultManagerLogic.unregisterOperator
FNDA:7,VaultManagerLogic.unregisterOperator
DA:417,7
BRDA:417,18,0,1
DA:418,1
DA:421,6
DA:424,16
FN:424,VaultManagerLogic.registerSharedVault
FNDA:16,VaultManagerLogic.registerSharedVault
DA:427,16
DA:428,16
BRDA:428,19,0,6
DA:429,6
DA:431,10
BRDA:431,20,0,-
DA:432,0
DA:434,10
BRDA:434,21,0,-
DA:435,0
DA:437,10
BRDA:437,22,0,1
DA:438,1
DA:441,9
DA:444,8
FN:444,VaultManagerLogic.registerOperatorVault
FNDA:8,VaultManagerLogic.registerOperatorVault
DA:445,8
DA:446,8
BRDA:446,23,0,-
DA:447,0
DA:449,8
BRDA:449,24,0,-
DA:450,0
DA:452,8
BRDA:452,25,0,1
DA:453,1
DA:455,7
BRDA:455,26,0,-
DA:456,0
DA:458,7
BRDA:458,27,0,1
DA:459,1
DA:461,6
DA:463,6
DA:466,2
FN:466,VaultManagerLogic.unregisterSharedVault
FNDA:2,VaultManagerLogic.unregisterSharedVault
DA:469,2
BRDA:469,28,0,-
DA:470,0
DA:473,2
DA:476,3
FN:476,VaultManagerLogic.unregisterOperatorVault
FNDA:3,VaultManagerLogic.unregisterOperatorVault
DA:477,3
DA:478,3
BRDA:478,29,0,-
DA:479,0
DA:481,3
DA:483,3
DA:486,0
FN:486,VaultManagerLogic._validateOperator
FNDA:0,VaultManagerLogic._validateOperator
DA:489,30
BRDA:489,30,0,1
DA:490,1
DA:492,29
DA:495,2
FN:495,VaultManagerLogic._validateVault
FNDA:2,VaultManagerLogic._validateVault
DA:498,26
BRDA:498,31,0,2
DA:499,2
DA:502,24
BRDA:502,32,0,-
DA:503,0
DA:506,24
BRDA:506,33,0,4
DA:507,4
DA:510,20
BRDA:510,34,0,1
DA:511,1
DA:514,19
DA:517,0
FN:517,VaultManagerLogic._validateSharedVault
FNDA:0,VaultManagerLogic._validateSharedVault
DA:520,10
DA:521,10
DA:527,0
BRDA:527,35,0,-
DA:528,0
DA:531,10
DA:534,0
FN:534,VaultManagerLogic._validateOperatorVault
FNDA:0,VaultManagerLogic._validateOperatorVault
DA:535,8
DA:536,8
DA:538,8
DA:541,8
DA:542,0
BRDA:542,36,0,-
DA:543,0
DA:547,8
DA:548,0
DA:549,0
BRDA:549,37,0,-
DA:550,0
DA:553,8
DA:556,0
FN:556,VaultManagerLogic._validateVaultEpochDuration
FNDA:0,VaultManagerLogic._validateVaultEpochDuration
DA:559,24
DA:560,24
DA:561,24
DA:563,24
BRDA:563,38,0,23
BRDA:563,38,1,-
DA:564,23
DA:565,23
BRDA:565,39,0,1
BRDA:565,39,1,22
DA:566,1
DA:567,22
BRDA:567,40,0,-
DA:568,0
DA:571,23
DA:572,1
BRDA:572,41,0,1
DA:573,1
DA:576,0
FNF:47
FNH:43
LF:234
LH:201
BRF:44
BRH:24
end_of_record
TN:
SF:src/contracts/libraries/keys/KeyBlsBn254.sol
DA:17,15509
FN:17,KeyBlsBn254.wrap
FNDA:15509,KeyBlsBn254.wrap
DA:20,15509
BRDA:20,0,0,6
DA:21,6
DA:23,15503
BRDA:23,1,0,2
DA:24,2
DA:26,15501
DA:27,15501
BRDA:27,2,0,1983
DA:28,1983
DA:30,13518
BRDA:30,3,0,2114
DA:31,2114
DA:33,11404
DA:36,11408
FN:36,KeyBlsBn254.unwrap
FNDA:11408,KeyBlsBn254.unwrap
DA:39,11408
DA:42,4503
FN:42,KeyBlsBn254.serialize
FNDA:4503,KeyBlsBn254.serialize
DA:45,4503
BRDA:45,4,0,1
DA:46,1
DA:48,4502
DA:49,4502
DA:52,4237
FN:52,KeyBlsBn254.deserialize
FNDA:4237,KeyBlsBn254.deserialize
DA:55,4237
DA:56,4236
BRDA:56,5,0,2
DA:57,2
DA:59,4234
DA:60,4234
DA:61,4234
DA:62,4234
BRDA:62,6,0,2117
DA:63,2117
DA:67,5059
FN:67,KeyBlsBn254.toBytes
FNDA:5059,KeyBlsBn254.toBytes
DA:70,5059
DA:73,2666
FN:73,KeyBlsBn254.fromBytes
FNDA:2666,KeyBlsBn254.fromBytes
DA:76,2666
DA:77,2665
DA:78,2665
BRDA:78,7,0,1
DA:79,1
DA:83,283
FN:83,KeyBlsBn254.zeroKey
FNDA:283,KeyBlsBn254.zeroKey
DA:84,283
DA:87,278
FN:87,KeyBlsBn254.equal
FNDA:278,KeyBlsBn254.equal
DA:88,278
FNF:8
FNH:8
LF:38
LH:38
BRF:8
BRH:8
end_of_record
TN:
SF:src/contracts/libraries/keys/KeyEcdsaSecp256k1.sol
DA:14,24630
FN:14,KeyEcdsaSecp256k1.wrap
FNDA:24630,KeyEcdsaSecp256k1.wrap
DA:17,24630
BRDA:17,0,0,14
DA:18,14
DA:20,24616
DA:23,16431
FN:23,KeyEcdsaSecp256k1.unwrap
FNDA:16431,KeyEcdsaSecp256k1.unwrap
DA:26,16431
DA:29,4107
FN:29,KeyEcdsaSecp256k1.serialize
FNDA:4107,KeyEcdsaSecp256k1.serialize
DA:32,4107
DA:35,4114
FN:35,KeyEcdsaSecp256k1.deserialize
FNDA:4114,KeyEcdsaSecp256k1.deserialize
DA:38,4114
DA:41,16448
FN:41,KeyEcdsaSecp256k1.toBytes
FNDA:16448,KeyEcdsaSecp256k1.toBytes
DA:44,16448
DA:47,8223
FN:47,KeyEcdsaSecp256k1.fromBytes
FNDA:8223,KeyEcdsaSecp256k1.fromBytes
DA:50,8223
DA:51,8222
DA:52,8222
BRDA:52,1,0,1
DA:53,1
DA:57,4128
FN:57,KeyEcdsaSecp256k1.zeroKey
FNDA:4128,KeyEcdsaSecp256k1.zeroKey
DA:58,4128
DA:61,4115
FN:61,KeyEcdsaSecp256k1.equal
FNDA:4115,KeyEcdsaSecp256k1.equal
DA:62,4115
FNF:8
FNH:8
LF:21
LH:21
BRF:2
BRH:2
end_of_record
TN:
SF:src/contracts/libraries/sigs/SigBlsBn254.sol
DA:13,276
FN:13,SigBlsBn254.verify
FNDA:276,SigBlsBn254.verify
DA:19,276
DA:20,276
BRDA:20,0,0,1
DA:21,1
DA:24,275
DA:25,275
DA:26,275
DA:27,275
DA:28,275
DA:30,275
DA:34,275
DA:41,275
FNF:1
FNH:1
LF:12
LH:12
BRF:1
BRH:1
end_of_record
TN:
SF:src/contracts/libraries/sigs/SigEcdsaSecp256k1.sol
DA:12,4113
FN:12,SigEcdsaSecp256k1.verify
FNDA:4113,SigEcdsaSecp256k1.verify
DA:18,4113
DA:19,4113
BRDA:19,0,0,1
DA:20,1
DA:23,4112
DA:24,4112
FNF:1
FNH:1
LF:6
LH:6
BRF:1
BRH:1
end_of_record
TN:
SF:src/contracts/libraries/structs/Checkpoints.sol
DA:50,405
FN:50,Checkpoints.push
FNDA:405,Checkpoints.push
DA:51,405
DA:58,1087
FN:58,Checkpoints.upperLookupRecent
FNDA:1087,Checkpoints.upperLookupRecent
DA:59,1087
DA:69,1065
FN:69,Checkpoints.upperLookupRecent
FNDA:1065,Checkpoints.upperLookupRecent
DA:70,1065
BRDA:70,0,0,1065
DA:71,1065
DA:74,0
DA:75,0
DA:76,0
BRDA:76,1,0,-
DA:77,0
DA:80,0
BRDA:80,2,0,-
DA:81,0
DA:84,0
DA:91,0
FN:91,Checkpoints.upperLookupRecentCheckpoint
FNDA:0,Checkpoints.upperLookupRecentCheckpoint
DA:95,0
DA:97,0
DA:98,0
DA:100,0
BRDA:100,3,0,-
DA:101,0
DA:102,0
BRDA:102,4,0,-
BRDA:102,4,1,-
DA:103,0
DA:105,0
DA:109,0
DA:111,0
BRDA:111,5,0,-
DA:112,0
DA:115,0
DA:116,0
DA:126,0
FN:126,Checkpoints.upperLookupRecentCheckpoint
FNDA:0,Checkpoints.upperLookupRecentCheckpoint
DA:131,0
BRDA:131,6,0,-
DA:132,0
DA:135,0
DA:136,0
DA:137,0
BRDA:137,7,0,-
DA:138,0
DA:141,0
BRDA:141,8,0,-
DA:142,0
DA:145,0
DA:151,1021
FN:151,Checkpoints.latest
FNDA:1021,Checkpoints.latest
DA:154,1021
DA:161,0
FN:161,Checkpoints.latestCheckpoint
FNDA:0,Checkpoints.latestCheckpoint
DA:164,0
DA:170,59
FN:170,Checkpoints.length
FNDA:59,Checkpoints.length
DA:173,59
DA:179,64
FN:179,Checkpoints.at
FNDA:64,Checkpoints.at
DA:180,64
DA:181,64
DA:187,0
FN:187,Checkpoints.pop
FNDA:0,Checkpoints.pop
DA:190,0
DA:191,0
DA:199,324
FN:199,Checkpoints.push
FNDA:324,Checkpoints.push
DA:200,324
BRDA:200,9,0,316
DA:201,316
DA:204,324
DA:206,324
DA:207,324
DA:208,324
BRDA:208,10,0,5
BRDA:208,10,1,5
DA:209,5
DA:211,319
DA:212,319
DA:215,324
DA:222,25
FN:222,Checkpoints.upperLookupRecent
FNDA:25,Checkpoints.upperLookupRecent
DA:223,25
DA:224,25
DA:234,7
FN:234,Checkpoints.upperLookupRecent
FNDA:7,Checkpoints.upperLookupRecent
DA:235,7
BRDA:235,11,0,7
DA:236,7
DA:239,0
DA:240,0
DA:241,0
BRDA:241,12,0,-
DA:242,0
DA:245,0
BRDA:245,13,0,-
DA:246,0
DA:249,0
DA:256,0
FN:256,Checkpoints.upperLookupRecentCheckpoint
FNDA:0,Checkpoints.upperLookupRecentCheckpoint
DA:260,0
DA:262,0
DA:263,0
DA:265,0
BRDA:265,14,0,-
DA:266,0
DA:267,0
BRDA:267,15,0,-
BRDA:267,15,1,-
DA:268,0
DA:270,0
DA:274,0
DA:276,0
BRDA:276,16,0,-
DA:277,0
DA:280,0
DA:281,0
DA:291,0
FN:291,Checkpoints.upperLookupRecentCheckpoint
FNDA:0,Checkpoints.upperLookupRecentCheckpoint
DA:296,0
BRDA:296,17,0,-
DA:297,0
DA:300,0
DA:301,0
DA:302,0
BRDA:302,18,0,-
DA:303,0
DA:306,0
BRDA:306,19,0,-
DA:307,0
DA:310,0
DA:316,348
FN:316,Checkpoints.latest
FNDA:348,Checkpoints.latest
DA:319,348
DA:320,348
DA:327,0
FN:327,Checkpoints.latestCheckpoint
FNDA:0,Checkpoints.latestCheckpoint
DA:330,0
DA:331,0
DA:332,0
DA:338,0
FN:338,Checkpoints.length
FNDA:0,Checkpoints.length
DA:341,0
DA:347,0
FN:347,Checkpoints.at
FNDA:0,Checkpoints.at
DA:348,0
DA:349,0
DA:355,0
FN:355,Checkpoints.pop
FNDA:0,Checkpoints.pop
DA:358,0
DA:359,0
BRDA:359,20,0,-
DA:360,0
DA:362,0
DA:363,0
DA:364,0
DA:372,0
FN:372,Checkpoints.push
FNDA:0,Checkpoints.push
DA:377,0
BRDA:377,21,0,-
DA:378,0
DA:381,0
DA:383,0
DA:384,0
DA:385,0
BRDA:385,22,0,-
BRDA:385,22,1,-
DA:386,0
DA:388,0
DA:389,0
DA:392,0
DA:399,0
FN:399,Checkpoints.upperLookupRecent
FNDA:0,Checkpoints.upperLookupRecent
DA:400,0
DA:401,0
DA:411,0
FN:411,Checkpoints.upperLookupRecent
FNDA:0,Checkpoints.upperLookupRecent
DA:416,0
BRDA:416,23,0,-
DA:417,0
DA:420,0
DA:421,0
DA:422,0
BRDA:422,24,0,-
DA:423,0
DA:426,0
BRDA:426,25,0,-
DA:427,0
DA:430,0
DA:437,0
FN:437,Checkpoints.upperLookupRecentCheckpoint
FNDA:0,Checkpoints.upperLookupRecentCheckpoint
DA:441,0
DA:443,0
DA:444,0
DA:446,0
BRDA:446,26,0,-
DA:447,0
DA:448,0
BRDA:448,27,0,-
BRDA:448,27,1,-
DA:449,0
DA:451,0
DA:455,0
DA:457,0
BRDA:457,28,0,-
DA:458,0
DA:461,0
DA:462,0
DA:472,0
FN:472,Checkpoints.upperLookupRecentCheckpoint
FNDA:0,Checkpoints.upperLookupRecentCheckpoint
DA:477,0
BRDA:477,29,0,-
DA:478,0
DA:481,0
DA:482,0
DA:483,0
BRDA:483,30,0,-
DA:484,0
DA:487,0
BRDA:487,31,0,-
DA:488,0
DA:491,0
DA:497,0
FN:497,Checkpoints.latest
FNDA:0,Checkpoints.latest
DA:500,0
DA:501,0
DA:508,0
FN:508,Checkpoints.latestCheckpoint
FNDA:0,Checkpoints.latestCheckpoint
DA:511,0
DA:512,0
DA:513,0
DA:519,0
FN:519,Checkpoints.length
FNDA:0,Checkpoints.length
DA:522,0
DA:528,0
FN:528,Checkpoints.at
FNDA:0,Checkpoints.at
DA:529,0
DA:530,0
DA:536,0
FN:536,Checkpoints.pop
FNDA:0,Checkpoints.pop
DA:539,0
DA:540,0
BRDA:540,32,0,-
DA:541,0
DA:543,0
DA:544,0
DA:545,0
DA:555,0
FN:555,Checkpoints._upperBinaryLookup
FNDA:0,Checkpoints._upperBinaryLookup
DA:561,0
DA:562,0
DA:563,0
BRDA:563,33,0,-
BRDA:563,33,1,-
DA:564,0
DA:566,0
DA:569,0
DA:575,0
FN:575,Checkpoints._unsafeAccess
FNDA:0,Checkpoints._unsafeAccess
DA:580,0
DA:581,0
FNF:32
FNH:10
LF:194
LH:34
BRF:40
BRH:5
end_of_record
TN:
SF:src/contracts/libraries/structs/PersistentSet.sol
DA:23,742
FN:23,PersistentSet._add
FNDA:742,PersistentSet._add
DA:25,9
BRDA:25,0,0,9
BRDA:25,0,1,1
DA:26,9
BRDA:26,1,0,8
DA:27,8
DA:29,1
DA:31,733
DA:32,733
DA:33,733
DA:35,734
DA:36,734
DA:40,34
FN:40,PersistentSet._remove
FNDA:34,PersistentSet._remove
DA:42,34
BRDA:42,2,0,7
DA:43,7
DA:45,27
DA:46,27
DA:47,27
DA:51,1056
FN:51,PersistentSet._containsAt
FNDA:1056,PersistentSet._containsAt
DA:52,1056
DA:53,1045
DA:56,992
FN:56,PersistentSet._containsAt
FNDA:992,PersistentSet._containsAt
DA:57,992
DA:60,731
FN:60,PersistentSet._contains
FNDA:731,PersistentSet._contains
DA:61,731
DA:64,19
FN:64,PersistentSet._length
FNDA:19,PersistentSet._length
DA:67,19
DA:70,48
FN:70,PersistentSet._valuesAt
FNDA:48,PersistentSet._valuesAt
DA:72,48
DA:73,48
DA:74,48
DA:75,48
DA:76,977
BRDA:76,3,0,967
DA:77,967
DA:81,48
DA:86,102
FN:86,PersistentSet._values
FNDA:102,PersistentSet._values
DA:90,102
DA:91,102
DA:92,102
DA:93,102
DA:94,469
BRDA:94,4,0,459
DA:95,459
DA:99,102
DA:110,58
FN:110,PersistentSet.add
FNDA:58,PersistentSet.add
DA:111,58
DA:114,8
FN:114,PersistentSet.remove
FNDA:8,PersistentSet.remove
DA:115,8
DA:118,3
FN:118,PersistentSet.containsAt
FNDA:3,PersistentSet.containsAt
DA:124,3
DA:127,7
FN:127,PersistentSet.containsAt
FNDA:7,PersistentSet.containsAt
DA:128,7
DA:131,10
FN:131,PersistentSet.contains
FNDA:10,PersistentSet.contains
DA:132,10
DA:135,4
FN:135,PersistentSet.length
FNDA:4,PersistentSet.length
DA:138,4
DA:141,13
FN:141,PersistentSet.valuesAt
FNDA:13,PersistentSet.valuesAt
DA:142,13
DA:144,13
DA:148,15
FN:148,PersistentSet.values
FNDA:15,PersistentSet.values
DA:151,15
DA:153,15
DA:163,684
FN:163,PersistentSet.add
FNDA:684,PersistentSet.add
DA:164,684
DA:167,26
FN:167,PersistentSet.remove
FNDA:26,PersistentSet.remove
DA:168,26
DA:171,61
FN:171,PersistentSet.containsAt
FNDA:61,PersistentSet.containsAt
DA:177,61
DA:180,8
FN:180,PersistentSet.containsAt
FNDA:8,PersistentSet.containsAt
DA:181,8
DA:184,218
FN:184,PersistentSet.contains
FNDA:218,PersistentSet.contains
DA:185,218
DA:188,15
FN:188,PersistentSet.length
FNDA:15,PersistentSet.length
DA:191,15
DA:194,35
FN:194,PersistentSet.valuesAt
FNDA:35,PersistentSet.valuesAt
DA:195,35
DA:197,35
DA:201,87
FN:201,PersistentSet.values
FNDA:87,PersistentSet.values
DA:204,87
DA:206,87
FNF:24
FNH:24
LF:77
LH:77
BRF:6
BRH:6
end_of_record
TN:
SF:src/contracts/libraries/utils/BN254.sol
DA:25,563
FN:25,BN254.generatorG1
FNDA:563,BN254.generatorG1
DA:26,563
DA:45,278
FN:45,BN254.generatorG2
FNDA:278,BN254.generatorG2
DA:46,278
DA:60,275
FN:60,BN254.negGeneratorG2
FNDA:275,BN254.negGeneratorG2
DA:61,275
DA:70,4234
FN:70,BN254.negate
FNDA:4234,BN254.negate
DA:74,4234
BRDA:74,0,0,-
BRDA:74,0,1,4234
DA:75,0
DA:77,4234
DA:84,563
FN:84,BN254.plus
FNDA:563,BN254.plus
DA:85,563
DA:86,563
DA:87,563
DA:88,563
DA:89,563
DA:90,563
DA:94,563
DA:97,563
DA:100,563
BRDA:100,1,0,-
BRDA:100,1,1,563
DA:109,0
FN:109,BN254.scalar_mul_tiny
FNDA:0,BN254.scalar_mul_tiny
DA:110,0
BRDA:110,2,0,-
BRDA:110,2,1,-
DA:113,0
BRDA:113,3,0,-
DA:114,0
DA:118,0
DA:120,0
DA:122,0
DA:124,0
DA:127,0
DA:130,0
BRDA:130,4,0,-
DA:131,0
DA:134,0
DA:137,0
DA:138,0
DA:143,0
DA:151,1116
FN:151,BN254.scalar_mul
FNDA:1116,BN254.scalar_mul
DA:152,1116
DA:153,1116
DA:154,1116
DA:155,1116
DA:156,1116
DA:159,1116
DA:162,1116
DA:164,1116
BRDA:164,5,0,-
BRDA:164,5,1,1116
DA:173,0
FN:173,BN254.pairing
FNDA:0,BN254.pairing
DA:179,0
DA:180,0
DA:182,0
DA:184,0
DA:185,0
DA:186,0
DA:187,0
DA:188,0
DA:189,0
DA:190,0
DA:191,0
DA:194,0
DA:195,0
DA:199,0
DA:202,0
BRDA:202,6,0,-
BRDA:202,6,1,-
DA:204,0
DA:211,275
FN:211,BN254.safePairing
FNDA:275,BN254.safePairing
DA:218,275
DA:219,275
DA:221,275
DA:223,275
DA:224,550
DA:225,550
DA:226,550
DA:227,550
DA:228,550
DA:229,550
DA:230,550
DA:233,275
DA:234,275
DA:238,275
DA:244,275
DA:249,0
FN:249,BN254.hashG1Point
FNDA:0,BN254.hashG1Point
DA:253,0
DA:254,0
DA:255,0
DA:261,0
FN:261,BN254.hashG2Point
FNDA:0,BN254.hashG2Point
DA:264,0
DA:270,553
FN:270,BN254.hashToG1
FNDA:553,BN254.hashToG1
DA:273,553
DA:274,553
DA:276,553
DA:279,769
DA:282,769
BRDA:282,7,0,553
DA:283,553
DA:286,216
DA:288,0
DA:298,45494
FN:298,BN254.findYFromX
FNDA:45494,BN254.findYFromX
DA:302,45494
DA:306,45494
DA:308,45494
DA:311,45494
FN:311,BN254.expMod
FNDA:45494,BN254.expMod
DA:312,45494
DA:313,45494
DA:314,45494
DA:315,45494
DA:316,45494
DA:317,45494
DA:318,45494
DA:319,45494
DA:320,45494
DA:322,45494
DA:325,45494
DA:327,45494
BRDA:327,8,0,-
BRDA:327,8,1,45494
DA:328,45494
FNF:14
FNH:10
LF:110
LH:70
BRF:15
BRH:5
end_of_record
TN:
SF:src/contracts/libraries/utils/InputNormalizer.sol
DA:7,101
FN:7,InputNormalizer.normalize
FNDA:101,InputNormalizer.normalize
DA:8,101
BRDA:8,0,0,99
DA:9,99
DA:11,2
BRDA:11,1,0,1
DA:12,1
DA:14,1
DA:17,3
FN:17,InputNormalizer.normalize
FNDA:3,InputNormalizer.normalize
DA:18,3
BRDA:18,2,0,1
DA:19,1
DA:21,2
BRDA:21,3,0,1
DA:22,1
DA:24,1
FNF:2
FNH:2
LF:12
LH:12
BRF:4
BRH:4
end_of_record
TN:
SF:src/contracts/libraries/utils/KeyTags.sol
DA:18,4543
FN:18,KeyTags.validateKeyTag
FNDA:4543,KeyTags.validateKeyTag
DA:21,4543
BRDA:21,0,0,2
DA:22,2
DA:26,307
FN:26,KeyTags.validateType
FNDA:307,KeyTags.validateType
DA:29,307
BRDA:29,1,0,1
DA:30,1
DA:34,306
FN:34,KeyTags.validateTag
FNDA:306,KeyTags.validateTag
DA:37,306
BRDA:37,2,0,1
DA:38,1
DA:42,307
FN:42,KeyTags.getKeyTag
FNDA:307,KeyTags.getKeyTag
DA:43,307
DA:44,306
DA:45,305
DA:48,875
FN:48,KeyTags.getType
FNDA:875,KeyTags.getType
DA:51,875
DA:52,874
DA:55,2
FN:55,KeyTags.getTag
FNDA:2,KeyTags.getTag
DA:58,2
DA:59,1
DA:62,3344
FN:62,KeyTags.contains
FNDA:3344,KeyTags.contains
DA:63,3344
DA:64,3344
DA:67,309
FN:67,KeyTags.add
FNDA:309,KeyTags.add
DA:68,309
DA:69,309
DA:72,1
FN:72,KeyTags.remove
FNDA:1,KeyTags.remove
DA:73,1
DA:74,1
DA:77,16
FN:77,KeyTags.serialize
FNDA:16,KeyTags.serialize
DA:81,16
DA:82,21
DA:83,21
DA:84,21
BRDA:84,3,0,1
DA:85,1
DA:91,26
FN:91,KeyTags.deserialize
FNDA:26,KeyTags.deserialize
DA:95,26
DA:96,26
DA:97,26
DA:98,3328
BRDA:98,4,0,34
DA:99,34
DA:103,26
FNF:11
FNH:11
LF:41
LH:41
BRF:5
BRH:5
end_of_record
TN:
SF:src/contracts/libraries/utils/ValSetVerifier.sol
DA:137,0
FN:137,ValSetVerifier.verifyKey
FNDA:0,ValSetVerifier.verifyKey
DA:146,0
DA:147,0
BRDA:147,0,0,-
DA:148,0
DA:150,0
DA:151,0
BRDA:151,1,0,-
DA:152,0
DA:154,0
DA:155,0
BRDA:155,2,0,-
DA:156,0
DA:158,0
DA:161,0
FN:161,ValSetVerifier.verifyVault
FNDA:0,ValSetVerifier.verifyVault
DA:171,0
DA:172,0
BRDA:172,3,0,-
DA:173,0
DA:175,0
DA:176,0
BRDA:176,4,0,-
DA:177,0
DA:179,0
DA:180,0
BRDA:180,5,0,-
DA:181,0
DA:183,0
DA:184,0
BRDA:184,6,0,-
DA:185,0
DA:187,0
DA:190,1
FN:190,ValSetVerifier.verifyOperator
FNDA:1,ValSetVerifier.verifyOperator
DA:196,1
DA:197,1
BRDA:197,7,0,-
DA:198,0
DA:200,1
DA:203,0
FN:203,ValSetVerifier.verifyVotingPower
FNDA:0,ValSetVerifier.verifyVotingPower
DA:209,0
DA:210,0
BRDA:210,8,0,-
DA:211,0
DA:213,0
DA:216,0
FN:216,ValSetVerifier.verifyIsActive
FNDA:0,ValSetVerifier.verifyIsActive
DA:222,0
DA:223,0
BRDA:223,9,0,-
DA:224,0
DA:226,0
DA:229,3
FN:229,ValSetVerifier.verifyValidatorRootLocal
FNDA:3,ValSetVerifier.verifyValidatorRootLocal
DA:235,3
DA:236,3
DA:237,0
BRDA:237,10,0,-
DA:238,0
DA:241,3
DA:250,2
FN:250,ValSetVerifier.verifyValidatorOperatorLocal
FNDA:2,ValSetVerifier.verifyValidatorOperatorLocal
DA:254,2
DA:263,0
FN:263,ValSetVerifier.verifyValidatorVotingPowerLocal
FNDA:0,ValSetVerifier.verifyValidatorVotingPowerLocal
DA:267,0
DA:276,0
FN:276,ValSetVerifier.verifyValidatorIsActiveLocal
FNDA:0,ValSetVerifier.verifyValidatorIsActiveLocal
DA:280,0
DA:289,0
FN:289,ValSetVerifier.verifyValidatorKeyRootLocal
FNDA:0,ValSetVerifier.verifyValidatorKeyRootLocal
DA:294,0
BRDA:294,11,0,-
DA:295,0
DA:298,0
DA:303,1
FN:303,ValSetVerifier.verifyValidatorVaultRootLocal
FNDA:1,ValSetVerifier.verifyValidatorVaultRootLocal
DA:308,1
BRDA:308,12,0,-
DA:309,0
DA:312,1
DA:321,0
FN:321,ValSetVerifier.verifyKeyTagLocal
FNDA:0,ValSetVerifier.verifyKeyTagLocal
DA:322,0
DA:327,0
FN:327,ValSetVerifier.verifyKeyPayloadHash
FNDA:0,ValSetVerifier.verifyKeyPayloadHash
DA:331,0
DA:340,0
FN:340,ValSetVerifier.verifyVaultChainIdLocal
FNDA:0,ValSetVerifier.verifyVaultChainIdLocal
DA:344,0
DA:353,0
FN:353,ValSetVerifier.verifyVaultVaultLocal
FNDA:0,ValSetVerifier.verifyVaultVaultLocal
DA:354,0
DA:363,1
FN:363,ValSetVerifier.verifyVaultVotingPowerLocal
FNDA:1,ValSetVerifier.verifyVaultVotingPowerLocal
DA:367,1
DA:390,7
FN:390,ValSetVerifier.processInclusionProofSha256
FNDA:7,ValSetVerifier.processInclusionProofSha256
DA:397,7
DA:401,7
FN:401,ValSetVerifier.callSha256
FNDA:7,ValSetVerifier.callSha256
DA:402,80
BRDA:402,14,0,-
DA:403,0
DA:404,0
DA:409,7
DA:410,5
DA:411,5
DA:413,2
DA:414,2
DA:415,2
DA:420,7
DA:421,80
DA:423,73
DA:426,73
DA:428,71
DA:429,71
DA:431,2
DA:433,2
DA:434,2
DA:438,7
DA:439,7
DA:441,7
FNF:18
FNH:7
LF:94
LH:37
BRF:14
BRH:0
end_of_record
TN:
SF:src/contracts/modules/common/permissions/OzAccessControl.sol
DA:20,17
FN:20,OzAccessControl._getOzAccessControlStorage
FNDA:17,OzAccessControl._getOzAccessControlStorage
DA:22,17
DA:29,8
FN:29,OzAccessControl.__OzAccessControl_init
FNDA:8,OzAccessControl.__OzAccessControl_init
DA:30,8
DA:36,2
FN:36,OzAccessControl.getRole
FNDA:2,OzAccessControl.getRole
DA:39,8
DA:45,6
FN:45,OzAccessControl._checkPermission
FNDA:6,OzAccessControl._checkPermission
DA:46,6
DA:49,9
FN:49,OzAccessControl._setSelectorRole
FNDA:9,OzAccessControl._setSelectorRole
DA:50,9
DA:51,9
FNF:5
FNH:5
LF:11
LH:11
BRF:0
BRH:0
end_of_record
TN:
SF:src/contracts/modules/common/permissions/OzAccessManaged.sol
DA:11,3
FN:11,OzAccessManaged.__OzAccessManaged_init
FNDA:3,OzAccessManaged.__OzAccessManaged_init
DA:14,3
DA:20,2
FN:20,OzAccessManaged._checkPermission
FNDA:2,OzAccessManaged._checkPermission
DA:21,2
FNF:2
FNH:2
LF:4
LH:4
BRF:0
BRH:0
end_of_record
TN:
SF:src/contracts/modules/common/permissions/OzOwnable.sol
DA:11,8
FN:11,OzOwnable.__OzOwnable_init
FNDA:8,OzOwnable.__OzOwnable_init
DA:14,8
DA:20,9
FN:20,OzOwnable._checkPermission
FNDA:9,OzOwnable._checkPermission
DA:21,9
FNF:2
FNH:2
LF:4
LH:4
BRF:0
BRH:0
end_of_record
TN:
SF:src/contracts/modules/key-registry/KeyRegistry.sol
DA:9,0
FN:9,KeyRegistry.__KeyRegistry_init
FNDA:0,KeyRegistry.__KeyRegistry_init
DA:12,54
DA:13,54
DA:19,0
FN:19,KeyRegistry.getOperatorsLength
FNDA:0,KeyRegistry.getOperatorsLength
DA:20,0
DA:26,0
FN:26,KeyRegistry.getOperatorsAt
FNDA:0,KeyRegistry.getOperatorsAt
DA:29,0
DA:35,0
FN:35,KeyRegistry.getOperators
FNDA:0,KeyRegistry.getOperators
DA:36,0
FNF:4
FNH:0
LF:9
LH:2
BRF:0
BRH:0
end_of_record
TN:
SF:src/contracts/modules/network/Network.sol
DA:42,0
FN:42,Network.constructor
FNDA:0,Network.constructor
DA:45,0
DA:48,0
FN:48,Network._getNetworkStorage
FNDA:0,Network._getNetworkStorage
DA:49,0
DA:51,0
DA:55,0
FN:55,Network._getTimelockControllerStorageOverriden
FNDA:0,Network._getTimelockControllerStorageOverriden
DA:57,0
DA:61,0
FN:61,Network.__Network_init
FNDA:0,Network.__Network_init
DA:64,0
DA:68,0
BRDA:68,0,0,-
DA:69,0
DA:71,0
BRDA:71,1,0,-
DA:72,0
DA:74,0
BRDA:74,2,0,-
DA:75,0
DA:78,0
DA:79,0
DA:91,0
FN:91,Network.getMinDelay
FNDA:0,Network.getMinDelay
DA:92,0
DA:93,0
BRDA:93,3,0,-
DA:94,0
DA:95,0
DA:96,0
DA:98,0
DA:104,0
FN:104,Network.name
FNDA:0,Network.name
DA:105,0
DA:111,0
FN:111,Network.metadataURI
FNDA:0,Network.metadataURI
DA:112,0
DA:118,0
FN:118,Network.updateDelay
FNDA:0,Network.updateDelay
DA:119,0
DA:120,0
DA:121,0
BRDA:121,4,0,-
DA:122,0
DA:124,0
BRDA:124,5,0,-
DA:125,0
DA:127,0
DA:128,0
DA:129,0
DA:130,0
DA:136,0
FN:136,Network.schedule
FNDA:0,Network.schedule
DA:144,0
DA:145,0
BRDA:145,6,0,-
DA:146,0
DA:148,0
DA:149,0
DA:150,0
DA:151,0
BRDA:151,7,0,-
DA:152,0
DA:159,0
FN:159,Network.scheduleBatch
FNDA:0,Network.scheduleBatch
DA:167,0
BRDA:167,8,0,-
DA:168,0
DA:170,0
DA:171,0
DA:172,0
BRDA:172,9,0,-
DA:173,0
DA:177,0
DA:178,0
DA:179,0
DA:180,0
DA:182,0
BRDA:182,10,0,-
DA:183,0
DA:190,0
FN:190,Network.updateName
FNDA:0,Network.updateName
DA:193,0
DA:199,0
FN:199,Network.updateMetadataURI
FNDA:0,Network.updateMetadataURI
DA:202,0
DA:208,0
FN:208,Network.setMaxNetworkLimit
FNDA:0,Network.setMaxNetworkLimit
DA:209,0
BRDA:209,11,0,-
DA:210,0
DA:212,0
DA:215,0
FN:215,Network._updateDelay
FNDA:0,Network._updateDelay
DA:216,0
DA:217,0
DA:218,0
BRDA:218,12,0,-
DA:219,0
DA:221,0
BRDA:221,13,0,-
DA:222,0
DA:224,0
DA:225,0
DA:226,0
DA:227,0
DA:230,0
FN:230,Network._scheduleOverriden
FNDA:0,Network._scheduleOverriden
DA:231,0
DA:232,0
BRDA:232,14,0,-
DA:233,0
DA:235,0
DA:238,0
FN:238,Network._updateName
FNDA:0,Network._updateName
DA:241,0
DA:242,0
DA:245,0
FN:245,Network._updateMetadataURI
FNDA:0,Network._updateMetadataURI
DA:248,0
DA:249,0
DA:252,0
FN:252,Network._setMaxNetworkLimit
FNDA:0,Network._setMaxNetworkLimit
DA:253,0
DA:256,0
FN:256,Network._getId
FNDA:0,Network._getId
DA:257,0
DA:260,0
FN:260,Network._getMinDelay
FNDA:0,Network._getMinDelay
DA:261,0
DA:263,0
DA:264,0
BRDA:264,15,0,-
DA:265,0
DA:267,0
DA:268,0
BRDA:268,16,0,-
DA:269,0
DA:271,0
DA:274,0
FN:274,Network._getMinDelay
FNDA:0,Network._getMinDelay
DA:277,0
DA:278,0
DA:281,0
FN:281,Network._validateTargetAndSelector
FNDA:0,Network._validateTargetAndSelector
DA:283,0
DA:285,0
BRDA:285,17,0,-
DA:286,0
DA:290,0
FN:290,Network._getSelector
FNDA:0,Network._getSelector
DA:293,0
BRDA:293,18,0,-
DA:294,0
DA:297,0
DA:301,0
FN:301,Network._getPayload
FNDA:0,Network._getPayload
DA:304,0
BRDA:304,19,0,-
DA:305,0
DA:307,0
FNF:24
FNH:0
LF:119
LH:0
BRF:20
BRH:0
end_of_record
TN:
SF:src/contracts/modules/settlement/Settlement.sol
DA:30,97
FN:30,Settlement._getSettlementStorage
FNDA:97,Settlement._getSettlementStorage
DA:31,97
DA:33,97
DA:37,6
FN:37,Settlement.__Settlement_init
FNDA:6,Settlement.__Settlement_init
DA:40,6
DA:41,6
DA:43,6
DA:45,6
BRDA:45,0,0,-
DA:46,0
DA:49,6
DA:50,6
DA:56,1
FN:56,Settlement.getSigVerifierAt
FNDA:1,Settlement.getSigVerifierAt
DA:57,2
DA:63,2
FN:63,Settlement.getSigVerifier
FNDA:2,Settlement.getSigVerifier
DA:64,6
DA:70,1
FN:70,Settlement.getLastCommittedHeaderEpoch
FNDA:1,Settlement.getLastCommittedHeaderEpoch
DA:71,30
DA:77,3
FN:77,Settlement.isValSetHeaderCommittedAt
FNDA:3,Settlement.isValSetHeaderCommittedAt
DA:80,7
DA:86,0
FN:86,Settlement.getValSetHeaderHashAt
FNDA:0,Settlement.getValSetHeaderHashAt
DA:89,7
DA:95,1
FN:95,Settlement.getValSetHeaderHash
FNDA:1,Settlement.getValSetHeaderHash
DA:96,1
DA:102,1
FN:102,Settlement.getValSetHeaderAt
FNDA:1,Settlement.getValSetHeaderAt
DA:105,9
DA:111,1
FN:111,Settlement.getValSetHeader
FNDA:1,Settlement.getValSetHeader
DA:112,1
DA:118,1
FN:118,Settlement.getVersionFromValSetHeaderAt
FNDA:1,Settlement.getVersionFromValSetHeaderAt
DA:121,2
DA:127,1
FN:127,Settlement.getVersionFromValSetHeader
FNDA:1,Settlement.getVersionFromValSetHeader
DA:128,1
DA:134,1
FN:134,Settlement.getRequiredKeyTagFromValSetHeaderAt
FNDA:1,Settlement.getRequiredKeyTagFromValSetHeaderAt
DA:137,5
DA:143,1
FN:143,Settlement.getRequiredKeyTagFromValSetHeader
FNDA:1,Settlement.getRequiredKeyTagFromValSetHeader
DA:144,1
DA:150,1
FN:150,Settlement.getCaptureTimestampFromValSetHeaderAt
FNDA:1,Settlement.getCaptureTimestampFromValSetHeaderAt
DA:153,8
DA:159,1
FN:159,Settlement.getCaptureTimestampFromValSetHeader
FNDA:1,Settlement.getCaptureTimestampFromValSetHeader
DA:160,1
DA:166,1
FN:166,Settlement.getQuorumThresholdFromValSetHeaderAt
FNDA:1,Settlement.getQuorumThresholdFromValSetHeaderAt
DA:169,5
DA:175,1
FN:175,Settlement.getQuorumThresholdFromValSetHeader
FNDA:1,Settlement.getQuorumThresholdFromValSetHeader
DA:176,1
DA:182,1
FN:182,Settlement.getValidatorsSszMRootFromValSetHeaderAt
FNDA:1,Settlement.getValidatorsSszMRootFromValSetHeaderAt
DA:185,2
DA:191,1
FN:191,Settlement.getValidatorsSszMRootFromValSetHeader
FNDA:1,Settlement.getValidatorsSszMRootFromValSetHeader
DA:192,1
DA:198,1
FN:198,Settlement.getPreviousHeaderHashFromValSetHeaderAt
FNDA:1,Settlement.getPreviousHeaderHashFromValSetHeaderAt
DA:201,2
DA:207,1
FN:207,Settlement.getPreviousHeaderHashFromValSetHeader
FNDA:1,Settlement.getPreviousHeaderHashFromValSetHeader
DA:208,1
[...]
DA:822,0
DA:823,0
DA:824,0
BRDA:824,25,0,-
BRDA:824,25,1,-
DA:825,0
DA:826,0
DA:828,0
DA:831,0
DA:833,0
DA:834,0
DA:837,0
FN:837,SymbioticCoreInit._operatorOptOutSignature_SymbioticCore
FNDA:0,SymbioticCoreInit._operatorOptOutSignature_SymbioticCore
DA:841,0
DA:843,0
DA:844,0
DA:845,0
BRDA:845,26,0,-
BRDA:845,26,1,-
DA:846,0
DA:847,0
DA:848,0
BRDA:848,27,0,-
BRDA:848,27,1,-
DA:849,0
DA:850,0
DA:852,0
DA:855,0
DA:857,0
DA:858,0
DA:861,0
FN:861,SymbioticCoreInit.computeOptInDigest_SymbioticCore
FNDA:0,SymbioticCoreInit.computeOptInDigest_SymbioticCore
DA:868,0
DA:869,0
DA:871,0
DA:873,0
DA:876,0
FN:876,SymbioticCoreInit.computeOptOutDigest_SymbioticCore
FNDA:0,SymbioticCoreInit.computeOptOutDigest_SymbioticCore
DA:883,0
DA:884,0
DA:886,0
DA:888,0
DA:891,0
FN:891,SymbioticCoreInit._computeDomainSeparator_SymbioticCore
FNDA:0,SymbioticCoreInit._computeDomainSeparator_SymbioticCore
DA:894,0
DA:895,0
DA:897,0
DA:898,0
DA:899,0
DA:900,0
DA:902,0
DA:905,0
FN:905,SymbioticCoreInit._operatorPossibleValidating_SymbioticCore
FNDA:0,SymbioticCoreInit._operatorPossibleValidating_SymbioticCore
DA:910,0
DA:911,0
DA:913,0
DA:914,0
BRDA:914,28,0,-
BRDA:914,28,1,-
DA:915,0
DA:917,0
BRDA:917,29,0,-
BRDA:917,29,1,-
DA:918,0
DA:920,0
BRDA:920,30,0,-
BRDA:920,30,1,-
DA:921,0
DA:923,0
BRDA:923,31,0,-
DA:924,0
DA:929,0
DA:932,0
FN:932,SymbioticCoreInit._operatorConfirmedValidating_SymbioticCore
FNDA:0,SymbioticCoreInit._operatorConfirmedValidating_SymbioticCore
DA:937,0
DA:938,0
DA:943,54
FN:943,SymbioticCoreInit._networkRegister_SymbioticCore
FNDA:54,SymbioticCoreInit._networkRegister_SymbioticCore
DA:946,54
DA:949,2
FN:949,SymbioticCoreInit._networkSetMiddleware_SymbioticCore
FNDA:2,SymbioticCoreInit._networkSetMiddleware_SymbioticCore
DA:950,2
DA:953,0
FN:953,SymbioticCoreInit._networkSetMaxNetworkLimit_SymbioticCore
FNDA:0,SymbioticCoreInit._networkSetMaxNetworkLimit_SymbioticCore
DA:959,0
DA:962,0
FN:962,SymbioticCoreInit._networkSetMaxNetworkLimitRandom_SymbioticCore
FNDA:0,SymbioticCoreInit._networkSetMaxNetworkLimitRandom_SymbioticCore
DA:967,0
DA:968,0
DA:973,0
DA:975,0
BRDA:975,32,0,-
DA:976,0
DA:978,0
DA:981,0
FN:981,SymbioticCoreInit._networkSetMaxNetworkLimitReset_SymbioticCore
FNDA:0,SymbioticCoreInit._networkSetMaxNetworkLimitReset_SymbioticCore
DA:987,0
DA:989,0
BRDA:989,33,0,-
DA:990,0
DA:992,0
DA:995,0
FN:995,SymbioticCoreInit._networkSetResolver_SymbioticCore
FNDA:0,SymbioticCoreInit._networkSetResolver_SymbioticCore
DA:1001,0
DA:1004,0
FN:1004,SymbioticCoreInit._networkPossibleUtilizing_SymbioticCore
FNDA:0,SymbioticCoreInit._networkPossibleUtilizing_SymbioticCore
DA:1010,0
DA:1011,0
DA:1012,0
DA:1014,0
DA:1015,0
BRDA:1015,34,0,-
BRDA:1015,34,1,-
DA:1016,0
DA:1018,0
BRDA:1018,35,0,-
BRDA:1018,35,1,-
DA:1019,0
DA:1021,0
BRDA:1021,36,0,-
BRDA:1021,36,1,-
DA:1022,0
DA:1024,0
BRDA:1024,37,0,-
DA:1025,0
DA:1030,0
DA:1031,0
DA:1036,0
FN:1036,SymbioticCoreInit._getStaker_SymbioticCore
FNDA:0,SymbioticCoreInit._getStaker_SymbioticCore
DA:1039,0
DA:1041,0
DA:1042,0
DA:1050,0
DA:1053,0
FN:1053,SymbioticCoreInit._getStakerWithStake_SymbioticCore
FNDA:0,SymbioticCoreInit._getStakerWithStake_SymbioticCore
DA:1057,0
DA:1059,0
DA:1061,0
DA:1064,0
FN:1064,SymbioticCoreInit._getStakerWithStake_SymbioticCore
FNDA:0,SymbioticCoreInit._getStakerWithStake_SymbioticCore
DA:1068,0
DA:1070,0
DA:1071,0
DA:1074,0
DA:1077,162
FN:1077,SymbioticCoreInit._stakerDeposit_SymbioticCore
FNDA:162,SymbioticCoreInit._stakerDeposit_SymbioticCore
DA:1078,162
DA:1081,0
FN:1081,SymbioticCoreInit._stakerDepositRandom_SymbioticCore
FNDA:0,SymbioticCoreInit._stakerDepositRandom_SymbioticCore
DA:1082,0
DA:1084,0
BRDA:1084,38,0,-
DA:1085,0
DA:1088,0
DA:1089,0
DA:1093,0
BRDA:1093,39,0,-
DA:1094,0
DA:1095,0
DA:1096,0
DA:1099,0
BRDA:1099,40,0,-
DA:1100,0
DA:1104,0
FN:1104,SymbioticCoreInit._stakerWithdraw_SymbioticCore
FNDA:0,SymbioticCoreInit._stakerWithdraw_SymbioticCore
DA:1105,0
DA:1108,0
FN:1108,SymbioticCoreInit._stakerWithdrawRandom_SymbioticCore
FNDA:0,SymbioticCoreInit._stakerWithdrawRandom_SymbioticCore
DA:1109,0
DA:1111,0
BRDA:1111,41,0,-
DA:1112,0
DA:1115,0
DA:1117,0
DA:1120,0
FN:1120,SymbioticCoreInit._stakerRedeem_SymbioticCore
FNDA:0,SymbioticCoreInit._stakerRedeem_SymbioticCore
DA:1121,0
DA:1124,0
FN:1124,SymbioticCoreInit._stakerClaim_SymbioticCore
FNDA:0,SymbioticCoreInit._stakerClaim_SymbioticCore
DA:1125,0
DA:1128,0
FN:1128,SymbioticCoreInit._stakerClaimBatch_SymbioticCore
FNDA:0,SymbioticCoreInit._stakerClaimBatch_SymbioticCore
DA:1129,0
DA:1134,0
FN:1134,SymbioticCoreInit._curatorSetHook_SymbioticCore
FNDA:0,SymbioticCoreInit._curatorSetHook_SymbioticCore
DA:1135,0
DA:1138,0
FN:1138,SymbioticCoreInit._curatorSetNetworkLimit_SymbioticCore
FNDA:0,SymbioticCoreInit._curatorSetNetworkLimit_SymbioticCore
DA:1144,0
DA:1147,0
FN:1147,SymbioticCoreInit._curatorSetNetworkLimitRandom_SymbioticCore
FNDA:0,SymbioticCoreInit._curatorSetNetworkLimitRandom_SymbioticCore
DA:1152,0
DA:1153,0
DA:1154,0
DA:1156,0
DA:1157,0
DA:1159,0
DA:1160,0
BRDA:1160,42,0,-
DA:1161,0
DA:1162,0
BRDA:1162,43,0,-
DA:1163,0
DA:1164,0
DA:1166,0
DA:1169,0
BRDA:1169,44,0,-
DA:1170,0
DA:1172,0
DA:1173,0
DA:1176,0
FN:1176,SymbioticCoreInit._curatorSetNetworkLimitReset_SymbioticCore
FNDA:0,SymbioticCoreInit._curatorSetNetworkLimitReset_SymbioticCore
DA:1181,0
BRDA:1181,45,0,-
DA:1182,0
DA:1184,0
DA:1187,0
FN:1187,SymbioticCoreInit._curatorSetOperatorNetworkShares_SymbioticCore
FNDA:0,SymbioticCoreInit._curatorSetOperatorNetworkShares_SymbioticCore
DA:1194,0
DA:1197,0
FN:1197,SymbioticCoreInit._curatorSetOperatorNetworkSharesRandom_SymbioticCore
FNDA:0,SymbioticCoreInit._curatorSetOperatorNetworkSharesRandom_SymbioticCore
DA:1203,0
DA:1207,0
DA:1210,0
BRDA:1210,46,0,-
DA:1211,0
DA:1213,0
DA:1214,0
DA:1217,0
FN:1217,SymbioticCoreInit._curatorSetOperatorNetworkSharesReset_SymbioticCore
FNDA:0,SymbioticCoreInit._curatorSetOperatorNetworkSharesReset_SymbioticCore
DA:1224,0
DA:1227,0
BRDA:1227,47,0,-
DA:1228,0
DA:1230,0
DA:1233,0
FN:1233,SymbioticCoreInit._curatorSetOperatorNetworkLimit_SymbioticCore
FNDA:0,SymbioticCoreInit._curatorSetOperatorNetworkLimit_SymbioticCore
DA:1240,0
DA:1243,0
FN:1243,SymbioticCoreInit._curatorSetOperatorNetworkLimitRandom_SymbioticCore
FNDA:0,SymbioticCoreInit._curatorSetOperatorNetworkLimitRandom_SymbioticCore
DA:1249,0
DA:1250,0
DA:1255,0
DA:1258,0
BRDA:1258,48,0,-
DA:1259,0
DA:1261,0
DA:1262,0
DA:1265,0
FN:1265,SymbioticCoreInit._curatorSetOperatorNetworkLimitReset_SymbioticCore
FNDA:0,SymbioticCoreInit._curatorSetOperatorNetworkLimitReset_SymbioticCore
DA:1272,0
DA:1275,0
BRDA:1275,49,0,-
DA:1276,0
DA:1278,0
DA:1281,0
FN:1281,SymbioticCoreInit._curatorDelegateNetworkRandom_SymbioticCore
FNDA:0,SymbioticCoreInit._curatorDelegateNetworkRandom_SymbioticCore
DA:1286,0
DA:1287,0
DA:1289,0
BRDA:1289,50,0,-
BRDA:1289,50,1,-
DA:1290,0
DA:1291,0
BRDA:1291,51,0,-
BRDA:1291,51,1,-
DA:1292,0
DA:1293,0
BRDA:1293,52,0,-
BRDA:1293,52,1,-
DA:1294,0
DA:1295,0
BRDA:1295,53,0,-
DA:1296,0
DA:1298,0
DA:1301,0
FN:1301,SymbioticCoreInit._curatorDelegateNetworkHasRoles_SymbioticCore
FNDA:0,SymbioticCoreInit._curatorDelegateNetworkHasRoles_SymbioticCore
DA:1306,0
DA:1307,0
DA:1309,0
BRDA:1309,54,0,-
BRDA:1309,54,1,-
DA:1310,0
DA:1313,0
BRDA:1313,55,0,-
BRDA:1313,55,1,-
DA:1314,0
DA:1317,0
BRDA:1317,56,0,-
BRDA:1317,56,1,-
DA:1318,0
DA:1319,0
BRDA:1319,57,0,-
DA:1320,0
DA:1323,0
DA:1326,0
FN:1326,SymbioticCoreInit._curatorDelegateOperatorRandom_SymbioticCore
FNDA:0,SymbioticCoreInit._curatorDelegateOperatorRandom_SymbioticCore
DA:1332,0
DA:1333,0
DA:1335,0
BRDA:1335,58,0,-
BRDA:1335,58,1,-
DA:1336,0
DA:1337,0
BRDA:1337,59,0,-
BRDA:1337,59,1,-
DA:1338,0
DA:1339,0
BRDA:1339,60,0,-
BRDA:1339,60,1,-
DA:1340,0
BRDA:1340,61,0,-
DA:1341,0
DA:1343,0
DA:1344,0
BRDA:1344,62,0,-
DA:1345,0
DA:1347,0
DA:1350,0
FN:1350,SymbioticCoreInit._curatorDelegateOperatorHasRoles_SymbioticCore
FNDA:0,SymbioticCoreInit._curatorDelegateOperatorHasRoles_SymbioticCore
DA:1356,0
DA:1357,0
DA:1359,0
BRDA:1359,63,0,-
BRDA:1359,63,1,-
DA:1360,0
DA:1363,0
BRDA:1363,64,0,-
BRDA:1363,64,1,-
DA:1364,0
DA:1367,0
BRDA:1367,65,0,-
BRDA:1367,65,1,-
DA:1368,0
BRDA:1368,66,0,-
DA:1369,0
DA:1373,0
DA:1374,0
BRDA:1374,67,0,-
DA:1375,0
DA:1378,0
DA:1381,0
FN:1381,SymbioticCoreInit._curatorDelegateRandom_SymbioticCore
FNDA:0,SymbioticCoreInit._curatorDelegateRandom_SymbioticCore
DA:1387,0
DA:1388,0
DA:1391,0
FN:1391,SymbioticCoreInit._curatorDelegateHasRoles_SymbioticCore
FNDA:0,SymbioticCoreInit._curatorDelegateHasRoles_SymbioticCore
DA:1397,0
DA:1398,0
DA:1401,0
FN:1401,SymbioticCoreInit._curatorDelegateToNetworkInternal_SymbioticCore
FNDA:0,SymbioticCoreInit._curatorDelegateToNetworkInternal_SymbioticCore
DA:1406,0
BRDA:1406,68,0,-
DA:1407,0
DA:1408,0
DA:1410,0
DA:1413,0
FN:1413,SymbioticCoreInit._curatorDelegateToOperatorInternal_SymbioticCore
FNDA:0,SymbioticCoreInit._curatorDelegateToOperatorInternal_SymbioticCore
DA:1419,0
BRDA:1419,69,0,-
DA:1420,0
DA:1421,0
DA:1423,0
DA:1426,0
FN:1426,SymbioticCoreInit._curatorSetDepositWhitelist_SymbioticCore
FNDA:0,SymbioticCoreInit._curatorSetDepositWhitelist_SymbioticCore
DA:1427,0
DA:1430,0
FN:1430,SymbioticCoreInit._curatorSetDepositorWhitelistStatus_SymbioticCore
FNDA:0,SymbioticCoreInit._curatorSetDepositorWhitelistStatus_SymbioticCore
DA:1436,0
DA:1439,0
FN:1439,SymbioticCoreInit._curatorSetIsDepositLimit_SymbioticCore
FNDA:0,SymbioticCoreInit._curatorSetIsDepositLimit_SymbioticCore
DA:1440,0
DA:1443,0
FN:1443,SymbioticCoreInit._curatorSetDepositLimit_SymbioticCore
FNDA:0,SymbioticCoreInit._curatorSetDepositLimit_SymbioticCore
DA:1444,0
FNF:60
FNH:8
LF:436
LH:93
BRF:105
BRH:12
end_of_record
TN:
SF:test/integration/SymbioticCounter.sol
DA:7,0
FN:7,SymbioticCounter._count_Symbiotic
FNDA:0,SymbioticCounter._count_Symbiotic
DA:8,0
FNF:1
FNH:0
LF:2
LH:0
BRF:0
BRH:0
end_of_record
TN:
SF:test/integration/SymbioticInit.sol
DA:23,54
FN:23,SymbioticInit.setUp
FNDA:54,SymbioticInit.setUp
DA:24,54
BRDA:24,0,0,54
DA:25,0
DA:26,54
BRDA:26,0,1,54
DA:27,54
DA:28,54
DA:34,0
FN:34,SymbioticInit._random_Symbiotic
FNDA:0,SymbioticInit._random_Symbiotic
DA:35,0
DA:40,0
FN:40,SymbioticInit._randomWithBounds_Symbiotic
FNDA:0,SymbioticInit._randomWithBounds_Symbiotic
DA:41,0
DA:44,0
FN:44,SymbioticInit._randomChoice_Symbiotic
FNDA:0,SymbioticInit._randomChoice_Symbiotic
DA:47,0
DA:50,0
FN:50,SymbioticInit._randomPick_Symbiotic
FNDA:0,SymbioticInit._randomPick_Symbiotic
DA:53,0
DA:56,0
FN:56,SymbioticInit._randomPick_Symbiotic
FNDA:0,SymbioticInit._randomPick_Symbiotic
DA:59,0
DA:62,0
FN:62,SymbioticInit._randomPick_Symbiotic
FNDA:0,SymbioticInit._randomPick_Symbiotic
DA:65,0
DA:68,0
FN:68,SymbioticInit._getAccount_Symbiotic
FNDA:0,SymbioticInit._getAccount_Symbiotic
DA:69,0
DA:72,0
FN:72,SymbioticInit._skipBlocks_Symbiotic
FNDA:0,SymbioticInit._skipBlocks_Symbiotic
DA:75,0
DA:76,0
DA:79,0
FN:79,SymbioticInit._contains_Symbiotic
FNDA:0,SymbioticInit._contains_Symbiotic
DA:80,0
DA:81,0
BRDA:81,1,0,-
DA:82,0
DA:85,0
DA:88,0
FN:88,SymbioticInit._contains_Symbiotic
FNDA:0,SymbioticInit._contains_Symbiotic
DA:89,0
DA:90,0
BRDA:90,2,0,-
DA:91,0
DA:94,0
DA:97,0
FN:97,SymbioticInit._createWalletByAddress_Symbiotic
FNDA:0,SymbioticInit._createWalletByAddress_Symbiotic
DA:100,0
DA:103,0
FN:103,SymbioticInit._getWalletByAddress_Symbiotic
FNDA:0,SymbioticInit._getWalletByAddress_Symbiotic
DA:107,0
DA:108,0
BRDA:108,3,0,-
DA:109,0
DA:112,0
DA:115,0
FN:115,SymbioticInit._deal_Symbiotic
FNDA:0,SymbioticInit._deal_Symbiotic
DA:116,54
DA:119,0
FN:119,SymbioticInit._supportsDeal_Symbiotic
FNDA:0,SymbioticInit._supportsDeal_Symbiotic
DA:122,0
BRDA:122,4,0,-
DA:123,0
DA:126,0
BRDA:126,5,0,-
DA:127,0
DA:130,0
DA:131,0
DA:132,0
BRDA:132,6,0,-
DA:133,0
DA:135,0
DA:136,0
DA:138,0
BRDA:138,7,0,-
DA:139,0
DA:140,0
DA:141,0
BRDA:141,7,1,-
DA:142,0
DA:146,0
FN:146,SymbioticInit._vmWalletToAddress_Symbiotic
FNDA:0,SymbioticInit._vmWalletToAddress_Symbiotic
DA:149,0
DA:152,0
FN:152,SymbioticInit._vmWalletsToAddresses_Symbiotic
FNDA:0,SymbioticInit._vmWalletsToAddresses_Symbiotic
DA:155,0
DA:156,0
DA:157,0
DA:161,231
FN:161,SymbioticInit._normalizeForToken_Symbiotic
FNDA:231,SymbioticInit._normalizeForToken_Symbiotic
DA:162,231
DA:165,0
FN:165,SymbioticInit.equalLengthsAddressAddress_Symbiotic
FNDA:0,SymbioticInit.equalLengthsAddressAddress_Symbiotic
DA:166,0
BRDA:166,8,0,-
BRDA:166,8,1,-
DA:170,0
FN:170,SymbioticInit.equalLengthsUint96Address_Symbiotic
FNDA:0,SymbioticInit.equalLengthsUint96Address_Symbiotic
DA:171,0
BRDA:171,9,0,-
BRDA:171,9,1,-
DA:175,0
FN:175,SymbioticInit.equalLengthsUint96Uint256_SymbioticCore
FNDA:0,SymbioticInit.equalLengthsUint96Uint256_SymbioticCore
DA:176,0
BRDA:176,10,0,-
BRDA:176,10,1,-
FNF:21
FNH:2
LF:72
LH:8
BRF:16
BRH:2
end_of_record
TN:
SF:test/mocks/KeyBlsBn254Mock.sol
DA:8,4104
FN:8,KeyBlsBn254Mock.wrap
FNDA:4104,KeyBlsBn254Mock.wrap
DA:11,4104
DA:14,0
FN:14,KeyBlsBn254Mock.unwrap
FNDA:0,KeyBlsBn254Mock.unwrap
DA:17,0
DA:20,0
FN:20,KeyBlsBn254Mock.serialize
FNDA:0,KeyBlsBn254Mock.serialize
DA:23,0
DA:26,1
FN:26,KeyBlsBn254Mock.deserialize
FNDA:1,KeyBlsBn254Mock.deserialize
DA:29,1
DA:32,0
FN:32,KeyBlsBn254Mock.toBytes
FNDA:0,KeyBlsBn254Mock.toBytes
DA:35,0
DA:38,2
FN:38,KeyBlsBn254Mock.fromBytes
FNDA:2,KeyBlsBn254Mock.fromBytes
DA:41,2
DA:44,1
FN:44,KeyBlsBn254Mock.zeroKey
FNDA:1,KeyBlsBn254Mock.zeroKey
DA:45,1
DA:48,2
FN:48,KeyBlsBn254Mock.equal
FNDA:2,KeyBlsBn254Mock.equal
DA:52,2
FNF:8
FNH:5
LF:16
LH:10
BRF:0
BRH:0
end_of_record
TN:
SF:test/mocks/KeyEcdsaSecp256k1Mock.sol
DA:7,4
FN:7,KeyEcdsaSecp256k1Mock.wrap
FNDA:4,KeyEcdsaSecp256k1Mock.wrap
DA:10,4
DA:13,0
FN:13,KeyEcdsaSecp256k1Mock.unwrap
FNDA:0,KeyEcdsaSecp256k1Mock.unwrap
DA:16,0
DA:19,0
FN:19,KeyEcdsaSecp256k1Mock.serialize
FNDA:0,KeyEcdsaSecp256k1Mock.serialize
DA:22,0
DA:25,1
FN:25,KeyEcdsaSecp256k1Mock.deserialize
FNDA:1,KeyEcdsaSecp256k1Mock.deserialize
DA:28,1
DA:31,0
FN:31,KeyEcdsaSecp256k1Mock.toBytes
FNDA:0,KeyEcdsaSecp256k1Mock.toBytes
DA:34,0
DA:37,2
FN:37,KeyEcdsaSecp256k1Mock.fromBytes
FNDA:2,KeyEcdsaSecp256k1Mock.fromBytes
DA:40,2
DA:43,1
FN:43,KeyEcdsaSecp256k1Mock.zeroKey
FNDA:1,KeyEcdsaSecp256k1Mock.zeroKey
DA:44,1
DA:47,2
FN:47,KeyEcdsaSecp256k1Mock.equal
FNDA:2,KeyEcdsaSecp256k1Mock.equal
DA:51,2
FNF:8
FNH:5
LF:16
LH:10
BRF:0
BRH:0
end_of_record
TN:
SF:test/mocks/NoPermissionManager.sol
DA:7,1
FN:7,NoPermissionManager.__NoPermissionManager_init
FNDA:1,NoPermissionManager.__NoPermissionManager_init
DA:8,29
FN:8,NoPermissionManager._checkPermission
FNDA:29,NoPermissionManager._checkPermission
FNF:2
FNH:2
LF:2
LH:2
BRF:0
BRH:0
end_of_record
TN:
SF:test/mocks/SigVerifierMock.sol
DA:15,3
FN:15,SigVerifierMock.verifyQuorumSig
FNDA:3,SigVerifierMock.verifyQuorumSig
DA:23,3
FNF:1
FNH:1
LF:2
LH:2
BRF:0
BRH:0
end_of_record
TN:
SF:test/mocks/ValSetVerifierMock.sol
DA:7,1
FN:7,ValSetVerifierMock.verifyOperator
FNDA:1,ValSetVerifierMock.verifyOperator
DA:13,1
DA:18,2
FN:18,ValSetVerifierMock.verifyValidatorRootLocal
FNDA:2,ValSetVerifierMock.verifyValidatorRootLocal
DA:23,2
DA:26,1
FN:26,ValSetVerifierMock.verifyValidatorOperatorLocal
FNDA:1,ValSetVerifierMock.verifyValidatorOperatorLocal
DA:30,1
DA:33,1
FN:33,ValSetVerifierMock.verifyValidatorVaultRootLocal
FNDA:1,ValSetVerifierMock.verifyValidatorVaultRootLocal
DA:38,1
DA:41,1
FN:41,ValSetVerifierMock.verifyVaultVotingPowerLocal
FNDA:1,ValSetVerifierMock.verifyVaultVotingPowerLocal
DA:45,1
FNF:5
FNH:5
LF:10
LH:10
BRF:0
BRH:0
end_of_record
TN:
SF:test/mocks/VotingPowerProviderFull.sol
DA:35,0
FN:35,VotingPowerProviderFull.initialize
FNDA:0,VotingPowerProviderFull.initialize
DA:41,0
DA:42,0
DA:43,0
DA:44,0
DA:45,0
DA:46,0
DA:47,0
DA:48,0
DA:49,0
DA:50,0
DA:53,0
FN:53,VotingPowerProviderFull._registerOperatorImpl
FNDA:0,VotingPowerProviderFull._registerOperatorImpl
DA:56,0
FNF:2
FNH:0
LF:13
LH:0
BRF:0
BRH:0
end_of_record
TN:
SF:test/mocks/VotingPowerProviderSemiFull.sol
DA:26,1
FN:26,VotingPowerProviderSemiFull.initialize
FNDA:1,VotingPowerProviderSemiFull.initialize
DA:31,1
DA:32,1
DA:33,1
DA:34,1
DA:35,1
DA:36,1
DA:37,1
DA:40,5
FN:40,VotingPowerProviderSemiFull._registerOperatorImpl
FNDA:5,VotingPowerProviderSemiFull._registerOperatorImpl
DA:43,5
FNF:2
FNH:2
LF:10
LH:10
BRF:0
BRH:0
end_of_record
TN:
SF:test/mocks/VotingPowerProviderSharedVaults.sol
DA:12,0
FN:12,VotingPowerProviderSharedVaults.initialize
FNDA:0,VotingPowerProviderSharedVaults.initialize
DA:16,0
DA:17,0
DA:18,0
DA:19,0
FNF:1
FNH:0
LF:5
LH:0
BRF:0
BRH:0
end_of_record
TN:
SF:test/modules/common/permissions/NoPermissionManager.t.sol
DA:8,1
FN:8,TestNoPermissionManager.initialize
FNDA:1,TestNoPermissionManager.initialize
DA:9,1
DA:12,1
FN:12,TestNoPermissionManager.actionRequiringNoPermission
FNDA:1,TestNoPermissionManager.actionRequiringNoPermission
FNF:2
FNH:2
LF:3
LH:3
BRF:0
BRH:0
end_of_record
TN:
SF:test/modules/common/permissions/OzAccessControl.t.sol
DA:12,6
FN:12,TestOzAccessControl.initialize
FNDA:6,TestOzAccessControl.initialize
DA:13,6
DA:14,6
DA:15,6
DA:18,5
FN:18,TestOzAccessControl.protectedFunction
FNDA:5,TestOzAccessControl.protectedFunction
DA:20,3
FN:20,TestOzAccessControl.setSelectorRole
FNDA:3,TestOzAccessControl.setSelectorRole
DA:21,3
DA:22,3
FNF:3
FNH:3
LF:8
LH:8
BRF:0
BRH:0
end_of_record
TN:
SF:test/modules/common/permissions/OzAccessManaged.t.sol
DA:12,3
FN:12,MockAuthority.constructor
FNDA:3,MockAuthority.constructor
DA:15,3
DA:18,2
FN:18,MockAuthority.canCall
FNDA:2,MockAuthority.canCall
DA:19,2
DA:24,2
FN:24,TestOzAccessManaged.protectedAction
FNDA:2,TestOzAccessManaged.protectedAction
DA:26,4
FN:26,TestOzAccessManaged.initialize
FNDA:4,TestOzAccessManaged.initialize
DA:29,3
DA:30,3
FNF:4
FNH:4
LF:8
LH:8
BRF:0
BRH:0
end_of_record
TN:
SF:test/modules/common/permissions/OzOwnable.t.sol
DA:8,5
FN:8,TestOzOwnable.initialize
FNDA:5,TestOzOwnable.initialize
DA:11,4
DA:12,4
DA:15,4
FN:15,TestOzOwnable.protectedAction
FNDA:4,TestOzOwnable.protectedAction
FNF:2
FNH:2
LF:4
LH:4
BRF:0
BRH:0
end_of_record
TN:
SF:test/modules/settlement/Settlement.t.sol
DA:47,0
FN:47,SettlementTest.setUp
FNDA:0,SettlementTest.setUp
DA:48,0
DA:133,5
FN:133,TestSettlement.initialize
FNDA:5,TestSettlement.initialize
DA:134,5
DA:135,5
DA:139,4
FN:139,TestSettlement._checkPermission
FNDA:4,TestSettlement._checkPermission
DA:140,4
BRDA:140,0,0,1
BRDA:140,0,1,3
FNF:3
FNH:2
LF:7
LH:5
BRF:2
BRH:2
end_of_record
TN:
SF:test/modules/valset-driver/ConfigProvider.t.sol
DA:12,11
FN:12,TestConfigProvider.initialize
FNDA:11,TestConfigProvider.initialize
DA:16,11
DA:17,11
DA:20,32
FN:20,TestConfigProvider._checkPermission
FNDA:32,TestConfigProvider._checkPermission
DA:21,32
BRDA:21,0,0,8
BRDA:21,0,1,24
FNF:2
FNH:2
LF:5
LH:5
BRF:2
BRH:2
end_of_record
TN:
SF:test/modules/voting-power/VotingPowerProvider.sol
DA:30,6
FN:30,TestVotingPowerProvider.initialize
FNDA:6,TestVotingPowerProvider.initialize
DA:33,6
DA:34,6
FNF:1
FNH:1
LF:3
LH:3
BRF:0
BRH:0
end_of_record
TN:
SF:test/modules/voting-power/extensions/MultiToken.t.sol
DA:20,2
FN:20,TestMultiToken.initialize
FNDA:2,TestMultiToken.initialize
DA:24,2
DA:25,2
FNF:1
FNH:1
LF:3
LH:3
BRF:0
BRH:0
end_of_record
TN:
SF:test/modules/voting-power/extensions/OperatorsBlacklist.t.sol
DA:30,6
FN:30,TestOperatorsBlacklist.initialize
FNDA:6,TestOperatorsBlacklist.initialize
DA:33,6
DA:34,6
DA:36,6
DA:39,3
FN:39,TestOperatorsBlacklist._registerOperatorImpl
FNDA:3,TestOperatorsBlacklist._registerOperatorImpl
DA:42,3
FNF:2
FNH:2
LF:6
LH:6
BRF:0
BRH:0
end_of_record
TN:
SF:test/modules/voting-power/extensions/OperatorsWhitelist.t.sol
DA:30,9
FN:30,TestOperatorsWhitelist.initialize
FNDA:9,TestOperatorsWhitelist.initialize
DA:34,9
DA:35,9
DA:36,9
DA:39,5
FN:39,TestOperatorsWhitelist._registerOperatorImpl
FNDA:5,TestOperatorsWhitelist._registerOperatorImpl
DA:42,5
FNF:2
FNH:2
LF:6
LH:6
BRF:0
BRH:0
end_of_record
TN:
SF:test/modules/voting-power/extensions/SharedVaults.t.sol
DA:23,2
FN:23,TestSharedVaults.initialize
FNDA:2,TestSharedVaults.initialize
DA:26,2
DA:27,2
DA:30,0
FN:30,TestSharedVaults.registerToken
FNDA:0,TestSharedVaults.registerToken
DA:33,0
FNF:2
FNH:1
LF:5
LH:3
BRF:0
BRH:0
end_of_record
