TN:
SF:script/integration/SymbioticCoreBindings.sol
DA:16,0
FN:16,SymbioticCoreBindings._createVault_SymbioticCore
FNDA:0,SymbioticCoreBindings._createVault_SymbioticCore
DA:28,0
DA:29,0
DA:41,0
DA:44,0
FN:44,SymbioticCoreBindings._registerOperator_SymbioticCore
FNDA:0,SymbioticCoreBindings._registerOperator_SymbioticCore
DA:48,0
DA:49,0
DA:50,0
DA:53,0
FN:53,SymbioticCoreBindings._registerNetwork_SymbioticCore
FNDA:0,SymbioticCoreBindings._registerNetwork_SymbioticCore
DA:57,0
DA:58,0
DA:59,0
DA:62,0
FN:62,SymbioticCoreBindings._optInVault_SymbioticCore
FNDA:0,SymbioticCoreBindings._optInVault_SymbioticCore
DA:67,0
DA:68,0
DA:69,0
DA:72,0
FN:72,SymbioticCoreBindings._optInVault_SymbioticCore
FNDA:0,SymbioticCoreBindings._optInVault_SymbioticCore
DA:80,0
DA:81,0
DA:82,0
DA:85,0
FN:85,SymbioticCoreBindings._optInVault_SymbioticCore
FNDA:0,SymbioticCoreBindings._optInVault_SymbioticCore
DA:92,0
DA:95,0
FN:95,SymbioticCoreBindings._optInNetwork_SymbioticCore
FNDA:0,SymbioticCoreBindings._optInNetwork_SymbioticCore
DA:100,0
DA:101,0
DA:102,0
DA:105,0
FN:105,SymbioticCoreBindings._optInNetwork_SymbioticCore
FNDA:0,SymbioticCoreBindings._optInNetwork_SymbioticCore
DA:113,0
DA:114,0
DA:115,0
DA:118,0
FN:118,SymbioticCoreBindings._optInNetwork_SymbioticCore
FNDA:0,SymbioticCoreBindings._optInNetwork_SymbioticCore
DA:125,0
DA:128,0
FN:128,SymbioticCoreBindings._optOutVault_SymbioticCore
FNDA:0,SymbioticCoreBindings._optOutVault_SymbioticCore
DA:133,0
DA:134,0
DA:135,0
DA:138,0
FN:138,SymbioticCoreBindings._optOutVault_SymbioticCore
FNDA:0,SymbioticCoreBindings._optOutVault_SymbioticCore
DA:146,0
DA:147,0
DA:148,0
DA:151,0
FN:151,SymbioticCoreBindings._optOutVault_SymbioticCore
FNDA:0,SymbioticCoreBindings._optOutVault_SymbioticCore
DA:158,0
DA:161,0
FN:161,SymbioticCoreBindings._optOutNetwork_SymbioticCore
FNDA:0,SymbioticCoreBindings._optOutNetwork_SymbioticCore
DA:166,0
DA:167,0
DA:168,0
DA:171,0
FN:171,SymbioticCoreBindings._optOutNetwork_SymbioticCore
FNDA:0,SymbioticCoreBindings._optOutNetwork_SymbioticCore
DA:179,0
DA:180,0
DA:181,0
DA:184,0
FN:184,SymbioticCoreBindings._optOutNetwork_SymbioticCore
FNDA:0,SymbioticCoreBindings._optOutNetwork_SymbioticCore
DA:191,0
DA:194,0
FN:194,SymbioticCoreBindings._setOperatorMetadata_SymbioticCore
FNDA:0,SymbioticCoreBindings._setOperatorMetadata_SymbioticCore
DA:199,0
DA:200,0
DA:201,0
DA:204,0
FN:204,SymbioticCoreBindings._setNetworkMetadata_SymbioticCore
FNDA:0,SymbioticCoreBindings._setNetworkMetadata_SymbioticCore
DA:209,0
DA:210,0
DA:211,0
DA:214,0
FN:214,SymbioticCoreBindings._setMiddleware_SymbioticCore
FNDA:0,SymbioticCoreBindings._setMiddleware_SymbioticCore
DA:219,0
DA:220,0
DA:221,0
DA:222,0
DA:223,0
DA:224,0
DA:227,0
FN:227,SymbioticCoreBindings._deposit_SymbioticCore
FNDA:0,SymbioticCoreBindings._deposit_SymbioticCore
DA:233,0
DA:234,0
DA:235,0
DA:236,0
DA:239,0
FN:239,SymbioticCoreBindings._deposit_SymbioticCore
FNDA:0,SymbioticCoreBindings._deposit_SymbioticCore
DA:244,0
DA:247,0
FN:247,SymbioticCoreBindings._withdraw_SymbioticCore
FNDA:0,SymbioticCoreBindings._withdraw_SymbioticCore
DA:253,0
DA:254,0
DA:255,0
DA:258,0
FN:258,SymbioticCoreBindings._withdraw_SymbioticCore
FNDA:0,SymbioticCoreBindings._withdraw_SymbioticCore
DA:263,0
DA:266,0
FN:266,SymbioticCoreBindings._redeem_SymbioticCore
FNDA:0,SymbioticCoreBindings._redeem_SymbioticCore
DA:272,0
DA:273,0
DA:274,0
DA:277,0
FN:277,SymbioticCoreBindings._redeem_SymbioticCore
FNDA:0,SymbioticCoreBindings._redeem_SymbioticCore
DA:282,0
DA:285,0
FN:285,SymbioticCoreBindings._claim_SymbioticCore
FNDA:0,SymbioticCoreBindings._claim_SymbioticCore
DA:291,0
DA:292,0
DA:293,0
DA:296,0
FN:296,SymbioticCoreBindings._claim_SymbioticCore
FNDA:0,SymbioticCoreBindings._claim_SymbioticCore
DA:301,0
DA:304,0
FN:304,SymbioticCoreBindings._claimBatch_SymbioticCore
FNDA:0,SymbioticCoreBindings._claimBatch_SymbioticCore
DA:310,0
DA:311,0
DA:312,0
DA:315,0
FN:315,SymbioticCoreBindings._claimBatch_SymbioticCore
FNDA:0,SymbioticCoreBindings._claimBatch_SymbioticCore
DA:320,0
DA:323,0
FN:323,SymbioticCoreBindings._setDepositWhitelist_SymbioticCore
FNDA:0,SymbioticCoreBindings._setDepositWhitelist_SymbioticCore
DA:324,0
DA:325,0
DA:326,0
DA:329,0
FN:329,SymbioticCoreBindings._setDepositorWhitelistStatus_SymbioticCore
FNDA:0,SymbioticCoreBindings._setDepositorWhitelistStatus_SymbioticCore
DA:335,0
DA:336,0
DA:337,0
DA:340,0
FN:340,SymbioticCoreBindings._setIsDepositLimit_SymbioticCore
FNDA:0,SymbioticCoreBindings._setIsDepositLimit_SymbioticCore
DA:341,0
DA:342,0
DA:343,0
DA:346,0
FN:346,SymbioticCoreBindings._setDepositLimit_SymbioticCore
FNDA:0,SymbioticCoreBindings._setDepositLimit_SymbioticCore
DA:347,0
DA:348,0
DA:349,0
DA:352,0
FN:352,SymbioticCoreBindings._setMaxNetworkLimit_SymbioticCore
FNDA:0,SymbioticCoreBindings._setMaxNetworkLimit_SymbioticCore
DA:358,0
DA:359,0
DA:360,0
DA:363,0
FN:363,SymbioticCoreBindings._setHook_SymbioticCore
FNDA:0,SymbioticCoreBindings._setHook_SymbioticCore
DA:364,0
DA:365,0
DA:366,0
DA:369,0
FN:369,SymbioticCoreBindings._setNetworkLimit_SymbioticCore
FNDA:0,SymbioticCoreBindings._setNetworkLimit_SymbioticCore
DA:375,0
DA:376,0
DA:379,0
DA:382,0
FN:382,SymbioticCoreBindings._setOperatorNetworkShares_SymbioticCore
FNDA:0,SymbioticCoreBindings._setOperatorNetworkShares_SymbioticCore
DA:389,0
DA:390,0
DA:393,0
DA:396,0
FN:396,SymbioticCoreBindings._setOperatorNetworkLimit_SymbioticCore
FNDA:0,SymbioticCoreBindings._setOperatorNetworkLimit_SymbioticCore
DA:403,0
DA:404,0
DA:407,0
DA:410,0
FN:410,SymbioticCoreBindings._slash_SymbioticCore
FNDA:0,SymbioticCoreBindings._slash_SymbioticCore
DA:418,0
DA:419,0
DA:422,0
DA:425,0
FN:425,SymbioticCoreBindings._requestSlash_SymbioticCore
FNDA:0,SymbioticCoreBindings._requestSlash_SymbioticCore
DA:433,0
DA:434,0
DA:437,0
DA:440,0
FN:440,SymbioticCoreBindings._executeSlash_SymbioticCore
FNDA:0,SymbioticCoreBindings._executeSlash_SymbioticCore
DA:445,0
DA:446,0
DA:447,0
DA:450,0
FN:450,SymbioticCoreBindings._vetoSlash_SymbioticCore
FNDA:0,SymbioticCoreBindings._vetoSlash_SymbioticCore
DA:451,0
DA:452,0
DA:453,0
DA:456,0
FN:456,SymbioticCoreBindings._setResolver_SymbioticCore
FNDA:0,SymbioticCoreBindings._setResolver_SymbioticCore
DA:462,0
DA:463,0
DA:464,0
DA:467,0
FN:467,SymbioticCoreBindings._grantRole_SymbioticCore
FNDA:0,SymbioticCoreBindings._grantRole_SymbioticCore
DA:468,0
DA:469,0
DA:470,0
DA:473,0
FN:473,SymbioticCoreBindings._grantRoleDefaultAdmin_SymbioticCore
FNDA:0,SymbioticCoreBindings._grantRoleDefaultAdmin_SymbioticCore
DA:474,0
DA:477,0
FN:477,SymbioticCoreBindings._grantRoleDepositWhitelistSet_SymbioticCore
FNDA:0,SymbioticCoreBindings._grantRoleDepositWhitelistSet_SymbioticCore
DA:482,0
DA:485,0
FN:485,SymbioticCoreBindings._grantRoleDepositorWhitelist_SymbioticCore
FNDA:0,SymbioticCoreBindings._grantRoleDepositorWhitelist_SymbioticCore
DA:486,0
DA:489,0
FN:489,SymbioticCoreBindings._grantRoleIsDepositLimitSet_SymbioticCore
FNDA:0,SymbioticCoreBindings._grantRoleIsDepositLimitSet_SymbioticCore
DA:490,0
DA:493,0
FN:493,SymbioticCoreBindings._grantRoleDepositLimitSet_SymbioticCore
FNDA:0,SymbioticCoreBindings._grantRoleDepositLimitSet_SymbioticCore
DA:494,0
DA:497,0
FN:497,SymbioticCoreBindings._grantRoleHookSet_SymbioticCore
FNDA:0,SymbioticCoreBindings._grantRoleHookSet_SymbioticCore
DA:498,0
DA:503,0
FN:503,SymbioticCoreBindings._grantRole_NetworkLimitSet_SymbioticCore
FNDA:0,SymbioticCoreBindings._grantRole_NetworkLimitSet_SymbioticCore
DA:504,0
DA:514,0
FN:514,SymbioticCoreBindings._grantRole_OperatorNetworkSharesSet_SymbioticCore
FNDA:0,SymbioticCoreBindings._grantRole_OperatorNetworkSharesSet_SymbioticCore
DA:519,0
DA:527,0
FN:527,SymbioticCoreBindings._grantRole_OperatorNetworkLimitSet_SymbioticCore
FNDA:0,SymbioticCoreBindings._grantRole_OperatorNetworkLimitSet_SymbioticCore
DA:532,0
FNF:52
FNH:0
LF:176
LH:0
BRF:0
BRH:0
end_of_record
TN:
SF:script/integration/SymbioticCoreInit.sol
DA:58,0
FN:58,SymbioticCoreInit.run
FNDA:0,SymbioticCoreInit.run
DA:61,0
DA:63,0
DA:68,0
FN:68,SymbioticCoreInit._initCore_SymbioticCore
FNDA:0,SymbioticCoreInit._initCore_SymbioticCore
DA:69,0
DA:72,0
FN:72,SymbioticCoreInit._initCore_SymbioticCore
FNDA:0,SymbioticCoreInit._initCore_SymbioticCore
DA:75,0
BRDA:75,0,0,-
BRDA:75,0,1,-
DA:76,0
DA:78,0
DA:79,0
DA:80,0
DA:86,0
DA:92,0
DA:98,0
DA:101,0
DA:104,0
DA:110,0
DA:116,0
DA:124,0
DA:134,0
DA:145,0
DA:153,0
DA:155,0
DA:157,0
DA:165,0
DA:167,0
DA:180,0
DA:182,0
DA:184,0
DA:195,0
DA:197,0
DA:199,0
DA:213,0
DA:215,0
DA:217,0
DA:226,0
DA:228,0
DA:230,0
DA:240,0
DA:242,0
DA:244,0
DA:255,0
DA:257,0
DA:263,0
FN:263,SymbioticCoreInit._getToken_SymbioticCore
FNDA:0,SymbioticCoreInit._getToken_SymbioticCore
DA:264,0
DA:267,0
FN:267,SymbioticCoreInit._getFeeOnTransferToken_SymbioticCore
FNDA:0,SymbioticCoreInit._getFeeOnTransferToken_SymbioticCore
DA:268,0
DA:271,0
FN:271,SymbioticCoreInit._getSupportedTokens_SymbioticCore
FNDA:0,SymbioticCoreInit._getSupportedTokens_SymbioticCore
DA:272,0
DA:273,0
DA:274,0
DA:275,0
DA:281,0
FN:281,SymbioticCoreInit._getVault_SymbioticCore
FNDA:0,SymbioticCoreInit._getVault_SymbioticCore
DA:284,0
DA:285,0
DA:286,0
DA:287,0
DA:289,0
DA:290,0
DA:291,0
DA:292,0
DA:293,0
DA:336,0
DA:345,0
FN:345,SymbioticCoreInit._getVault_SymbioticCore
FNDA:0,SymbioticCoreInit._getVault_SymbioticCore
DA:348,0
DA:364,0
DA:367,0
DA:369,0
DA:371,0
DA:373,0
DA:375,0
DA:376,0
DA:377,0
DA:378,0
BRDA:378,1,0,-
DA:379,0
DA:380,0
DA:381,0
DA:385,0
BRDA:385,2,0,-
BRDA:385,2,1,-
DA:386,0
DA:397,0
BRDA:397,3,0,-
BRDA:397,3,1,-
DA:398,0
DA:409,0
BRDA:409,4,0,-
BRDA:409,4,1,-
DA:410,0
DA:421,0
BRDA:421,5,0,-
DA:422,0
DA:436,0
DA:437,0
BRDA:437,6,0,-
DA:438,0
BRDA:438,7,0,-
BRDA:438,7,1,-
DA:439,0
DA:444,0
BRDA:444,8,0,-
DA:445,0
DA:455,0
DA:456,0
DA:469,0
BRDA:469,9,0,-
DA:470,0
DA:471,0
DA:475,0
DA:493,0
FN:493,SymbioticCoreInit._getVaultRandom_SymbioticCore
FNDA:0,SymbioticCoreInit._getVaultRandom_SymbioticCore
DA:497,0
DA:499,0
DA:505,0
DA:508,0
DA:509,0
DA:510,0
DA:511,0
BRDA:511,10,0,-
DA:512,0
DA:514,0
BRDA:514,11,0,-
DA:515,0
DA:517,0
DA:520,0
DA:522,0
DA:525,0
DA:527,0
DA:528,0
DA:529,0
DA:530,0
BRDA:530,12,0,-
DA:531,0
DA:533,0
DA:536,0
DA:538,0
DA:541,0
DA:542,0
DA:560,0
FN:560,SymbioticCoreInit._vaultValidating_SymbioticCore
FNDA:0,SymbioticCoreInit._vaultValidating_SymbioticCore
DA:561,0
DA:562,0
DA:564,0
DA:565,0
BRDA:565,13,0,-
BRDA:565,13,1,-
DA:566,0
DA:567,0
BRDA:567,14,0,-
BRDA:567,14,1,-
DA:568,0
DA:569,0
BRDA:569,15,0,-
BRDA:569,15,1,-
DA:570,0
DA:571,0
BRDA:571,16,0,-
DA:572,0
DA:577,0
DA:582,0
FN:582,SymbioticCoreInit._operatorRegister_SymbioticCore
FNDA:0,SymbioticCoreInit._operatorRegister_SymbioticCore
DA:585,0
DA:588,0
FN:588,SymbioticCoreInit._operatorOptIn_SymbioticCore
FNDA:0,SymbioticCoreInit._operatorOptIn_SymbioticCore
DA:589,0
BRDA:589,17,0,-
BRDA:589,17,1,-
DA:590,0
DA:591,0
BRDA:591,18,0,-
BRDA:591,18,1,-
DA:592,0
DA:594,0
DA:598,0
FN:598,SymbioticCoreInit._operatorOptInWeak_SymbioticCore
FNDA:0,SymbioticCoreInit._operatorOptInWeak_SymbioticCore
DA:599,0
DA:600,0
BRDA:600,19,0,-
BRDA:600,19,1,-
DA:601,0
DA:602,0
BRDA:602,20,0,-
DA:603,0
DA:606,0
BRDA:606,21,0,-
DA:607,0
DA:610,0
DA:613,0
FN:613,SymbioticCoreInit._operatorOptOut_SymbioticCore
FNDA:0,SymbioticCoreInit._operatorOptOut_SymbioticCore
DA:614,0
BRDA:614,22,0,-
BRDA:614,22,1,-
DA:615,0
DA:616,0
BRDA:616,23,0,-
BRDA:616,23,1,-
DA:617,0
DA:619,0
DA:623,0
FN:623,SymbioticCoreInit._operatorOptInSignature_SymbioticCore
FNDA:0,SymbioticCoreInit._operatorOptInSignature_SymbioticCore
DA:627,0
DA:629,0
DA:630,0
DA:631,0
BRDA:631,24,0,-
BRDA:631,24,1,-
DA:632,0
DA:633,0
DA:634,0
BRDA:634,25,0,-
BRDA:634,25,1,-
DA:635,0
DA:636,0
DA:638,0
DA:641,0
DA:643,0
DA:644,0
DA:647,0
FN:647,SymbioticCoreInit._operatorOptOutSignature_SymbioticCore
FNDA:0,SymbioticCoreInit._operatorOptOutSignature_SymbioticCore
DA:651,0
DA:653,0
DA:654,0
DA:655,0
BRDA:655,26,0,-
BRDA:655,26,1,-
DA:656,0
DA:657,0
DA:658,0
BRDA:658,27,0,-
BRDA:658,27,1,-
DA:659,0
DA:660,0
DA:662,0
DA:665,0
DA:667,0
DA:668,0
DA:671,0
FN:671,SymbioticCoreInit.computeOptInDigest_SymbioticCore
FNDA:0,SymbioticCoreInit.computeOptInDigest_SymbioticCore
DA:678,0
DA:679,0
DA:681,0
DA:683,0
DA:686,0
FN:686,SymbioticCoreInit.computeOptOutDigest_SymbioticCore
FNDA:0,SymbioticCoreInit.computeOptOutDigest_SymbioticCore
DA:693,0
DA:694,0
DA:696,0
DA:698,0
DA:701,0
FN:701,SymbioticCoreInit._computeDomainSeparator_SymbioticCore
FNDA:0,SymbioticCoreInit._computeDomainSeparator_SymbioticCore
DA:704,0
DA:705,0
DA:707,0
DA:708,0
DA:709,0
DA:710,0
DA:712,0
DA:715,0
FN:715,SymbioticCoreInit._operatorPossibleValidating_SymbioticCore
FNDA:0,SymbioticCoreInit._operatorPossibleValidating_SymbioticCore
DA:720,0
DA:721,0
DA:723,0
DA:724,0
BRDA:724,28,0,-
BRDA:724,28,1,-
DA:725,0
DA:727,0
BRDA:727,29,0,-
BRDA:727,29,1,-
DA:728,0
DA:730,0
BRDA:730,30,0,-
BRDA:730,30,1,-
DA:731,0
DA:733,0
BRDA:733,31,0,-
DA:734,0
DA:739,0
DA:742,0
FN:742,SymbioticCoreInit._operatorConfirmedValidating_SymbioticCore
FNDA:0,SymbioticCoreInit._operatorConfirmedValidating_SymbioticCore
DA:747,0
DA:748,0
DA:753,0
FN:753,SymbioticCoreInit._networkRegister_SymbioticCore
FNDA:0,SymbioticCoreInit._networkRegister_SymbioticCore
DA:756,0
DA:759,0
FN:759,SymbioticCoreInit._networkSetMiddleware_SymbioticCore
FNDA:0,SymbioticCoreInit._networkSetMiddleware_SymbioticCore
DA:760,0
DA:763,0
FN:763,SymbioticCoreInit._networkSetMaxNetworkLimit_SymbioticCore
FNDA:0,SymbioticCoreInit._networkSetMaxNetworkLimit_SymbioticCore
DA:769,0
DA:772,0
FN:772,SymbioticCoreInit._networkSetMaxNetworkLimitRandom_SymbioticCore
FNDA:0,SymbioticCoreInit._networkSetMaxNetworkLimitRandom_SymbioticCore
DA:777,0
DA:778,0
DA:783,0
DA:785,0
BRDA:785,32,0,-
DA:786,0
DA:788,0
DA:791,0
FN:791,SymbioticCoreInit._networkSetMaxNetworkLimitReset_SymbioticCore
FNDA:0,SymbioticCoreInit._networkSetMaxNetworkLimitReset_SymbioticCore
DA:797,0
DA:799,0
BRDA:799,33,0,-
DA:800,0
DA:802,0
DA:805,0
FN:805,SymbioticCoreInit._networkSetResolver_SymbioticCore
FNDA:0,SymbioticCoreInit._networkSetResolver_SymbioticCore
DA:811,0
DA:814,0
FN:814,SymbioticCoreInit._networkPossibleUtilizing_SymbioticCore
FNDA:0,SymbioticCoreInit._networkPossibleUtilizing_SymbioticCore
DA:820,0
DA:821,0
DA:822,0
DA:824,0
DA:825,0
BRDA:825,34,0,-
BRDA:825,34,1,-
DA:826,0
DA:828,0
BRDA:828,35,0,-
BRDA:828,35,1,-
DA:829,0
DA:831,0
BRDA:831,36,0,-
BRDA:831,36,1,-
DA:832,0
DA:834,0
BRDA:834,37,0,-
DA:835,0
DA:840,0
DA:841,0
DA:846,0
FN:846,SymbioticCoreInit._getStaker_SymbioticCore
FNDA:0,SymbioticCoreInit._getStaker_SymbioticCore
DA:849,0
DA:851,0
DA:852,0
DA:859,0
DA:862,0
FN:862,SymbioticCoreInit._getStakerWithStake_SymbioticCore
FNDA:0,SymbioticCoreInit._getStakerWithStake_SymbioticCore
DA:866,0
DA:868,0
DA:870,0
DA:873,0
FN:873,SymbioticCoreInit._getStakerWithStake_SymbioticCore
FNDA:0,SymbioticCoreInit._getStakerWithStake_SymbioticCore
DA:877,0
DA:879,0
DA:880,0
DA:883,0
DA:886,0
FN:886,SymbioticCoreInit._stakerDeposit_SymbioticCore
FNDA:0,SymbioticCoreInit._stakerDeposit_SymbioticCore
DA:887,0
DA:890,0
FN:890,SymbioticCoreInit._stakerDepositRandom_SymbioticCore
FNDA:0,SymbioticCoreInit._stakerDepositRandom_SymbioticCore
DA:891,0
DA:893,0
BRDA:893,38,0,-
DA:894,0
DA:897,0
DA:898,0
DA:902,0
BRDA:902,39,0,-
DA:903,0
DA:904,0
DA:905,0
DA:908,0
BRDA:908,40,0,-
DA:909,0
DA:913,0
FN:913,SymbioticCoreInit._stakerWithdraw_SymbioticCore
FNDA:0,SymbioticCoreInit._stakerWithdraw_SymbioticCore
DA:914,0
DA:917,0
FN:917,SymbioticCoreInit._stakerWithdrawRandom_SymbioticCore
FNDA:0,SymbioticCoreInit._stakerWithdrawRandom_SymbioticCore
DA:918,0
DA:920,0
BRDA:920,41,0,-
DA:921,0
DA:924,0
DA:926,0
DA:929,0
FN:929,SymbioticCoreInit._stakerRedeem_SymbioticCore
FNDA:0,SymbioticCoreInit._stakerRedeem_SymbioticCore
DA:930,0
DA:933,0
FN:933,SymbioticCoreInit._stakerClaim_SymbioticCore
FNDA:0,SymbioticCoreInit._stakerClaim_SymbioticCore
DA:934,0
DA:937,0
FN:937,SymbioticCoreInit._stakerClaimBatch_SymbioticCore
FNDA:0,SymbioticCoreInit._stakerClaimBatch_SymbioticCore
DA:938,0
DA:943,0
FN:943,SymbioticCoreInit._curatorSetHook_SymbioticCore
FNDA:0,SymbioticCoreInit._curatorSetHook_SymbioticCore
DA:944,0
DA:947,0
FN:947,SymbioticCoreInit._curatorSetNetworkLimit_SymbioticCore
FNDA:0,SymbioticCoreInit._curatorSetNetworkLimit_SymbioticCore
DA:953,0
DA:956,0
FN:956,SymbioticCoreInit._curatorSetNetworkLimitRandom_SymbioticCore
FNDA:0,SymbioticCoreInit._curatorSetNetworkLimitRandom_SymbioticCore
DA:961,0
DA:962,0
DA:963,0
DA:965,0
DA:966,0
DA:968,0
DA:969,0
BRDA:969,42,0,-
DA:970,0
DA:971,0
BRDA:971,43,0,-
DA:972,0
DA:973,0
DA:975,0
DA:978,0
BRDA:978,44,0,-
DA:979,0
DA:981,0
DA:982,0
DA:985,0
FN:985,SymbioticCoreInit._curatorSetNetworkLimitReset_SymbioticCore
FNDA:0,SymbioticCoreInit._curatorSetNetworkLimitReset_SymbioticCore
DA:990,0
BRDA:990,45,0,-
DA:991,0
DA:993,0
DA:996,0
FN:996,SymbioticCoreInit._curatorSetOperatorNetworkShares_SymbioticCore
FNDA:0,SymbioticCoreInit._curatorSetOperatorNetworkShares_SymbioticCore
DA:1003,0
DA:1006,0
FN:1006,SymbioticCoreInit._curatorSetOperatorNetworkSharesRandom_SymbioticCore
FNDA:0,SymbioticCoreInit._curatorSetOperatorNetworkSharesRandom_SymbioticCore
DA:1012,0
DA:1016,0
DA:1019,0
BRDA:1019,46,0,-
DA:1020,0
DA:1022,0
DA:1023,0
DA:1026,0
FN:1026,SymbioticCoreInit._curatorSetOperatorNetworkSharesReset_SymbioticCore
FNDA:0,SymbioticCoreInit._curatorSetOperatorNetworkSharesReset_SymbioticCore
DA:1033,0
DA:1036,0
BRDA:1036,47,0,-
DA:1037,0
DA:1039,0
DA:1042,0
FN:1042,SymbioticCoreInit._curatorSetOperatorNetworkLimit_SymbioticCore
FNDA:0,SymbioticCoreInit._curatorSetOperatorNetworkLimit_SymbioticCore
DA:1049,0
DA:1052,0
FN:1052,SymbioticCoreInit._curatorSetOperatorNetworkLimitRandom_SymbioticCore
FNDA:0,SymbioticCoreInit._curatorSetOperatorNetworkLimitRandom_SymbioticCore
DA:1058,0
DA:1059,0
DA:1064,0
DA:1067,0
BRDA:1067,48,0,-
DA:1068,0
DA:1070,0
DA:1071,0
DA:1074,0
FN:1074,SymbioticCoreInit._curatorSetOperatorNetworkLimitReset_SymbioticCore
FNDA:0,SymbioticCoreInit._curatorSetOperatorNetworkLimitReset_SymbioticCore
DA:1081,0
DA:1084,0
BRDA:1084,49,0,-
DA:1085,0
DA:1087,0
DA:1090,0
FN:1090,SymbioticCoreInit._curatorDelegateNetworkRandom_SymbioticCore
FNDA:0,SymbioticCoreInit._curatorDelegateNetworkRandom_SymbioticCore
DA:1095,0
DA:1096,0
DA:1098,0
BRDA:1098,50,0,-
BRDA:1098,50,1,-
DA:1099,0
DA:1100,0
BRDA:1100,51,0,-
BRDA:1100,51,1,-
DA:1101,0
DA:1102,0
BRDA:1102,52,0,-
BRDA:1102,52,1,-
DA:1103,0
DA:1104,0
BRDA:1104,53,0,-
DA:1105,0
DA:1107,0
DA:1110,0
FN:1110,SymbioticCoreInit._curatorDelegateNetworkHasRoles_SymbioticCore
FNDA:0,SymbioticCoreInit._curatorDelegateNetworkHasRoles_SymbioticCore
DA:1115,0
DA:1116,0
DA:1118,0
BRDA:1118,54,0,-
BRDA:1118,54,1,-
DA:1119,0
DA:1122,0
BRDA:1122,55,0,-
BRDA:1122,55,1,-
DA:1123,0
DA:1126,0
BRDA:1126,56,0,-
BRDA:1126,56,1,-
DA:1127,0
DA:1128,0
BRDA:1128,57,0,-
DA:1129,0
DA:1132,0
DA:1135,0
FN:1135,SymbioticCoreInit._curatorDelegateOperatorRandom_SymbioticCore
FNDA:0,SymbioticCoreInit._curatorDelegateOperatorRandom_SymbioticCore
DA:1141,0
DA:1142,0
DA:1144,0
BRDA:1144,58,0,-
BRDA:1144,58,1,-
DA:1145,0
DA:1146,0
BRDA:1146,59,0,-
BRDA:1146,59,1,-
DA:1147,0
DA:1148,0
BRDA:1148,60,0,-
BRDA:1148,60,1,-
DA:1149,0
BRDA:1149,61,0,-
DA:1150,0
DA:1152,0
DA:1153,0
BRDA:1153,62,0,-
DA:1154,0
DA:1156,0
DA:1159,0
FN:1159,SymbioticCoreInit._curatorDelegateOperatorHasRoles_SymbioticCore
FNDA:0,SymbioticCoreInit._curatorDelegateOperatorHasRoles_SymbioticCore
DA:1165,0
DA:1166,0
DA:1168,0
BRDA:1168,63,0,-
BRDA:1168,63,1,-
DA:1169,0
DA:1172,0
BRDA:1172,64,0,-
BRDA:1172,64,1,-
DA:1173,0
DA:1176,0
BRDA:1176,65,0,-
BRDA:1176,65,1,-
DA:1177,0
BRDA:1177,66,0,-
DA:1178,0
DA:1182,0
DA:1183,0
BRDA:1183,67,0,-
DA:1184,0
DA:1187,0
DA:1190,0
FN:1190,SymbioticCoreInit._curatorDelegateRandom_SymbioticCore
FNDA:0,SymbioticCoreInit._curatorDelegateRandom_SymbioticCore
DA:1196,0
DA:1197,0
DA:1200,0
FN:1200,SymbioticCoreInit._curatorDelegateHasRoles_SymbioticCore
FNDA:0,SymbioticCoreInit._curatorDelegateHasRoles_SymbioticCore
DA:1206,0
DA:1207,0
DA:1210,0
FN:1210,SymbioticCoreInit._curatorDelegateToNetworkInternal_SymbioticCore
FNDA:0,SymbioticCoreInit._curatorDelegateToNetworkInternal_SymbioticCore
DA:1215,0
BRDA:1215,68,0,-
DA:1216,0
DA:1217,0
DA:1219,0
DA:1222,0
FN:1222,SymbioticCoreInit._curatorDelegateToOperatorInternal_SymbioticCore
FNDA:0,SymbioticCoreInit._curatorDelegateToOperatorInternal_SymbioticCore
DA:1228,0
BRDA:1228,69,0,-
DA:1229,0
DA:1230,0
DA:1232,0
DA:1235,0
FN:1235,SymbioticCoreInit._curatorSetDepositWhitelist_SymbioticCore
FNDA:0,SymbioticCoreInit._curatorSetDepositWhitelist_SymbioticCore
DA:1236,0
DA:1239,0
FN:1239,SymbioticCoreInit._curatorSetDepositorWhitelistStatus_SymbioticCore
FNDA:0,SymbioticCoreInit._curatorSetDepositorWhitelistStatus_SymbioticCore
DA:1245,0
DA:1248,0
FN:1248,SymbioticCoreInit._curatorSetIsDepositLimit_SymbioticCore
FNDA:0,SymbioticCoreInit._curatorSetIsDepositLimit_SymbioticCore
DA:1249,0
DA:1252,0
FN:1252,SymbioticCoreInit._curatorSetDepositLimit_SymbioticCore
FNDA:0,SymbioticCoreInit._curatorSetDepositLimit_SymbioticCore
DA:1253,0
FNF:60
FNH:0
LF:427
LH:0
BRF:105
BRH:0
end_of_record
TN:
SF:script/integration/SymbioticInit.sol
DA:21,0
FN:21,SymbioticInit.run
FNDA:0,SymbioticInit.run
DA:24,0
DA:29,0
FN:29,SymbioticInit._random_Symbiotic
FNDA:0,SymbioticInit._random_Symbiotic
DA:30,0
DA:35,0
FN:35,SymbioticInit._randomWithBounds_Symbiotic
FNDA:0,SymbioticInit._randomWithBounds_Symbiotic
DA:36,0
DA:39,0
FN:39,SymbioticInit._randomChoice_Symbiotic
FNDA:0,SymbioticInit._randomChoice_Symbiotic
DA:42,0
DA:45,0
FN:45,SymbioticInit._randomPick_Symbiotic
FNDA:0,SymbioticInit._randomPick_Symbiotic
DA:48,0
DA:51,0
FN:51,SymbioticInit._randomPick_Symbiotic
FNDA:0,SymbioticInit._randomPick_Symbiotic
DA:54,0
DA:57,0
FN:57,SymbioticInit._randomPick_Symbiotic
FNDA:0,SymbioticInit._randomPick_Symbiotic
DA:60,0
DA:63,0
FN:63,SymbioticInit._getAccount_Symbiotic
FNDA:0,SymbioticInit._getAccount_Symbiotic
DA:64,0
DA:67,0
FN:67,SymbioticInit._contains_Symbiotic
FNDA:0,SymbioticInit._contains_Symbiotic
DA:68,0
DA:69,0
BRDA:69,0,0,-
DA:70,0
DA:73,0
DA:76,0
FN:76,SymbioticInit._contains_Symbiotic
FNDA:0,SymbioticInit._contains_Symbiotic
DA:77,0
DA:78,0
BRDA:78,1,0,-
DA:79,0
DA:82,0
DA:85,0
FN:85,SymbioticInit._createWalletByAddress_Symbiotic
FNDA:0,SymbioticInit._createWalletByAddress_Symbiotic
DA:88,0
DA:91,0
FN:91,SymbioticInit._getWalletByAddress_Symbiotic
FNDA:0,SymbioticInit._getWalletByAddress_Symbiotic
DA:95,0
DA:96,0
BRDA:96,2,0,-
DA:97,0
DA:100,0
DA:103,0
FN:103,SymbioticInit._deal_Symbiotic
FNDA:0,SymbioticInit._deal_Symbiotic
DA:104,0
DA:105,0
DA:106,0
DA:109,0
FN:109,SymbioticInit._deal_Symbiotic
FNDA:0,SymbioticInit._deal_Symbiotic
DA:110,0
DA:111,0
DA:112,0
DA:115,0
FN:115,SymbioticInit._vmWalletToAddress_Symbiotic
FNDA:0,SymbioticInit._vmWalletToAddress_Symbiotic
DA:118,0
DA:121,0
FN:121,SymbioticInit._vmWalletsToAddresses_Symbiotic
FNDA:0,SymbioticInit._vmWalletsToAddresses_Symbiotic
DA:124,0
DA:125,0
DA:126,0
DA:130,0
FN:130,SymbioticInit._normalizeForToken_Symbiotic
FNDA:0,SymbioticInit._normalizeForToken_Symbiotic
DA:131,0
DA:134,0
FN:134,SymbioticInit.equalLengthsAddressAddress_Symbiotic
FNDA:0,SymbioticInit.equalLengthsAddressAddress_Symbiotic
DA:135,0
BRDA:135,3,0,-
BRDA:135,3,1,-
DA:139,0
FN:139,SymbioticInit.equalLengthsUint96Address_Symbiotic
FNDA:0,SymbioticInit.equalLengthsUint96Address_Symbiotic
DA:140,0
BRDA:140,4,0,-
BRDA:140,4,1,-
DA:144,0
FN:144,SymbioticInit.equalLengthsUint96Uint256_SymbioticCore
FNDA:0,SymbioticInit.equalLengthsUint96Uint256_SymbioticCore
DA:145,0
BRDA:145,5,0,-
BRDA:145,5,1,-
FNF:20
FNH:0
LF:55
LH:0
BRF:9
BRH:0
end_of_record
TN:
SF:script/test/InitSetup.s.sol
DA:54,0
FN:54,InitSetupScript.run
FNDA:0,InitSetupScript.run
DA:57,0
DA:59,0
DA:60,0
DA:61,0
DA:62,0
DA:64,0
DA:65,0
DA:66,0
DA:68,0
DA:69,0
DA:70,0
DA:71,0
DA:72,0
DA:73,0
DA:75,0
DA:77,0
DA:79,0
DA:80,0
DA:81,0
DA:82,0
DA:83,0
DA:84,0
DA:86,0
DA:87,0
DA:88,0
DA:89,0
DA:91,0
DA:92,0
DA:93,0
DA:94,0
DA:95,0
DA:96,0
DA:97,0
DA:99,0
DA:101,0
DA:102,0
DA:103,0
DA:104,0
DA:105,0
DA:106,0
DA:107,0
DA:109,0
DA:111,0
DA:112,0
DA:114,0
DA:116,0
DA:118,0
DA:120,0
DA:122,0
DA:124,0
DA:126,0
DA:127,0
DA:128,0
DA:136,0
DA:139,0
BRDA:139,0,0,-
DA:140,0
DA:143,0
DA:144,0
DA:145,0
DA:148,0
DA:149,0
DA:150,0
DA:171,0
DA:174,0
DA:175,0
DA:176,0
DA:188,0
DA:189,0
DA:191,0
DA:192,0
DA:193,0
DA:196,0
DA:197,0
DA:198,0
DA:201,0
DA:202,0
DA:205,0
DA:206,0
DA:207,0
DA:208,0
DA:209,0
DA:210,0
DA:211,0
DA:212,0
DA:214,0
DA:215,0
DA:217,0
DA:219,0
DA:220,0
DA:222,0
DA:225,0
BRDA:225,1,0,-
DA:226,0
DA:230,0
DA:231,0
DA:232,0
DA:240,0
DA:243,0
DA:244,0
DA:245,0
DA:248,0
DA:249,0
DA:250,0
DA:271,0
DA:274,0
DA:275,0
DA:276,0
DA:288,0
DA:289,0
DA:290,0
DA:291,0
DA:292,0
DA:295,0
DA:298,0
DA:299,0
DA:302,0
DA:305,0
DA:308,0
DA:310,0
DA:311,0
DA:312,0
DA:313,0
DA:314,0
DA:316,0
DA:317,0
DA:318,0
DA:319,0
DA:320,0
DA:321,0
DA:322,0
DA:324,0
DA:327,0
FN:327,InitSetupScript.loadInitSetupParamsAndVars
FNDA:0,InitSetupScript.loadInitSetupParamsAndVars
DA:329,0
DA:330,0
DA:331,0
DA:332,0
DA:333,0
DA:336,0
DA:338,0
DA:339,0
DA:341,0
DA:342,0
DA:343,0
DA:344,0
DA:347,0
DA:348,0
DA:349,0
DA:350,0
FNF:2
FNH:0
LF:148
LH:0
BRF:2
BRH:0
end_of_record
TN:
SF:script/test/MasterCommit.s.sol
DA:28,0
FN:28,MasterCommitScript.run
FNDA:0,MasterCommitScript.run
DA:31,0
DA:32,0
DA:34,0
DA:35,0
DA:37,0
DA:39,0
DA:51,0
DA:53,0
DA:54,0
DA:55,0
DA:57,0
DA:58,0
DA:60,0
DA:61,0
DA:62,0
DA:63,0
DA:64,0
DA:66,0
BRDA:66,0,0,-
BRDA:66,0,1,-
DA:67,0
DA:69,0
DA:79,0
DA:83,0
DA:84,0
DA:85,0
DA:86,0
DA:88,0
DA:91,0
DA:94,0
DA:95,0
DA:96,0
DA:98,0
DA:99,0
DA:100,0
DA:101,0
DA:102,0
DA:103,0
DA:105,0
DA:108,0
DA:109,0
DA:111,0
DA:113,0
DA:114,0
DA:115,0
DA:118,0
FN:118,MasterCommitScript.loadZkProof
FNDA:0,MasterCommitScript.loadZkProof
DA:119,0
DA:120,0
DA:121,0
DA:122,0
DA:123,0
FNF:2
FNH:0
LF:50
LH:0
BRF:2
BRH:0
end_of_record
TN:
SF:script/test/MasterGenesisSetup.s.sol
DA:31,0
FN:31,MasterGenesisSetupScript.run
FNDA:0,MasterGenesisSetupScript.run
DA:34,0
DA:35,0
DA:37,0
DA:38,0
DA:40,0
DA:41,0
DA:42,0
DA:43,0
DA:46,0
FN:46,MasterGenesisSetupScript.loadGenesis
FNDA:0,MasterGenesisSetupScript.loadGenesis
DA:50,0
DA:52,0
DA:53,0
DA:54,0
DA:55,0
DA:56,0
DA:59,0
DA:69,0
DA:70,0
DA:71,0
FNF:2
FNH:0
LF:20
LH:0
BRF:0
BRH:0
end_of_record
TN:
SF:script/test/MasterSetup.s.sol
DA:40,0
FN:40,MasterSetupScript.run
FNDA:0,MasterSetupScript.run
DA:43,0
DA:44,0
DA:46,0
DA:47,0
DA:48,0
DA:49,0
DA:51,0
DA:53,0
DA:54,0
DA:55,0
DA:58,0
DA:68,0
DA:69,0
DA:71,0
DA:73,0
DA:74,0
DA:75,0
DA:76,0
DA:78,0
DA:79,0
DA:85,0
DA:91,0
DA:92,0
DA:100,0
DA:101,0
DA:102,0
DA:105,0
DA:106,0
DA:107,0
DA:108,0
DA:109,0
DA:110,0
DA:112,0
DA:113,0
DA:115,0
DA:116,0
DA:119,0
DA:120,0
DA:121,0
DA:124,0
DA:125,0
DA:126,0
DA:129,0
DA:130,0
DA:131,0
DA:134,0
DA:138,0
DA:139,0
DA:140,0
DA:141,0
DA:142,0
DA:145,0
DA:146,0
DA:147,0
DA:150,0
DA:154,0
DA:155,0
DA:156,0
DA:158,0
DA:159,0
DA:160,0
DA:161,0
DA:162,0
DA:165,0
DA:173,0
DA:177,0
DA:183,0
DA:184,0
DA:185,0
DA:186,0
DA:187,0
DA:188,0
DA:189,0
DA:190,0
DA:191,0
DA:222,0
DA:223,0
DA:225,0
DA:226,0
DA:227,0
DA:229,0
DA:232,0
FN:232,MasterSetupScript.getG2Key
FNDA:0,MasterSetupScript.getG2Key
DA:235,0
DA:236,0
DA:237,0
DA:238,0
DA:241,0
FN:241,MasterSetupScript.loadMasterSetupParams
FNDA:0,MasterSetupScript.loadMasterSetupParams
DA:242,0
DA:243,0
DA:244,0
DA:245,0
DA:246,0
FNF:3
FNH:0
LF:93
LH:0
BRF:0
BRH:0
end_of_record
TN:
SF:script/test/SecondarySetup.s.sol
DA:41,0
FN:41,SecondarySetupScript.run
FNDA:0,SecondarySetupScript.run
DA:44,0
DA:45,0
DA:47,0
DA:48,0
DA:49,0
DA:50,0
DA:51,0
DA:53,0
DA:54,0
DA:57,0
DA:67,0
DA:68,0
DA:70,0
DA:72,0
DA:73,0
DA:74,0
DA:75,0
DA:77,0
DA:78,0
DA:84,0
DA:90,0
DA:91,0
DA:99,0
DA:100,0
DA:101,0
DA:104,0
DA:105,0
DA:107,0
DA:108,0
DA:111,0
DA:112,0
DA:113,0
DA:116,0
DA:117,0
DA:118,0
DA:119,0
DA:120,0
DA:122,0
DA:123,0
DA:124,0
DA:125,0
DA:126,0
DA:127,0
DA:128,0
DA:129,0
DA:130,0
DA:148,0
DA:149,0
DA:151,0
DA:152,0
DA:154,0
DA:157,0
FN:157,SecondarySetupScript.loadSecondarySetupParams
FNDA:0,SecondarySetupScript.loadSecondarySetupParams
DA:159,0
DA:160,0
DA:161,0
DA:162,0
DA:163,0
FNF:2
FNH:0
LF:58
LH:0
BRF:0
BRH:0
end_of_record
TN:
SF:src/contracts/base/EpochManager.sol
DA:16,1
FN:16,EpochManager.EpochManager_VERSION
FNDA:1,EpochManager.EpochManager_VERSION
DA:17,1
DA:20,13
FN:20,EpochManager.__EpochManager_init
FNDA:13,EpochManager.__EpochManager_init
DA:23,13
DA:29,1
FN:29,EpochManager.getCaptureTimestamp
FNDA:1,EpochManager.getCaptureTimestamp
DA:30,1
DA:36,10
FN:36,EpochManager.getCurrentEpoch
FNDA:10,EpochManager.getCurrentEpoch
DA:37,10
DA:43,1
FN:43,EpochManager.getCurrentEpochDuration
FNDA:1,EpochManager.getCurrentEpochDuration
DA:44,1
DA:50,2
FN:50,EpochManager.getCurrentEpochStart
FNDA:2,EpochManager.getCurrentEpochStart
DA:51,2
DA:57,2
FN:57,EpochManager.getNextEpoch
FNDA:2,EpochManager.getNextEpoch
DA:58,2
DA:64,4
FN:64,EpochManager.getNextEpochStart
FNDA:4,EpochManager.getNextEpochStart
DA:65,4
DA:71,1
FN:71,EpochManager.getEpochIndex
FNDA:1,EpochManager.getEpochIndex
DA:72,1
DA:78,3
FN:78,EpochManager.getEpochDuration
FNDA:3,EpochManager.getEpochDuration
DA:79,3
DA:85,2
FN:85,EpochManager.getEpochStart
FNDA:2,EpochManager.getEpochStart
DA:86,2
DA:92,3
FN:92,EpochManager.setEpochDuration
FNDA:3,EpochManager.setEpochDuration
DA:95,3
DA:98,1
FN:98,EpochManager._getEpochDurationDataByTimestamp
FNDA:1,EpochManager._getEpochDurationDataByTimestamp
DA:102,1
DA:105,2
FN:105,EpochManager._getEpochDurationDataByIndex
FNDA:2,EpochManager._getEpochDurationDataByIndex
DA:109,2
DA:112,2
FN:112,EpochManager._getCurrentEpochDurationData
FNDA:2,EpochManager._getCurrentEpochDurationData
DA:113,2
DA:116,2
FN:116,EpochManager._setEpochDuration
FNDA:2,EpochManager._setEpochDuration
DA:121,2
DA:124,1
FN:124,EpochManager._serializeEpochDurationData
FNDA:1,EpochManager._serializeEpochDurationData
DA:129,1
DA:132,1
FN:132,EpochManager._deserializeEpochDurationData
FNDA:1,EpochManager._deserializeEpochDurationData
DA:135,1
DA:138,11
FN:138,EpochManager._getCurrentValue
FNDA:11,EpochManager._getCurrentValue
DA:142,11
FNF:19
FNH:19
LF:38
LH:38
BRF:0
BRH:0
end_of_record
TN:
SF:src/contracts/base/KeyManager.sol
DA:34,1
FN:34,KeyManager.KeyManager_VERSION
FNDA:1,KeyManager.KeyManager_VERSION
DA:35,1
DA:41,5
FN:41,KeyManager.KEY_TYPE_BLS_BN254
FNDA:5,KeyManager.KEY_TYPE_BLS_BN254
DA:42,5
DA:48,21
FN:48,KeyManager.KEY_TYPE_ECDSA_SECP256K1
FNDA:21,KeyManager.KEY_TYPE_ECDSA_SECP256K1
DA:49,21
DA:52,15
FN:52,KeyManager.__KeyManager_init
FNDA:15,KeyManager.__KeyManager_init
DA:57,1
FN:57,KeyManager.TOTAL_KEY_TYPES
FNDA:1,KeyManager.TOTAL_KEY_TYPES
DA:58,1
DA:64,4
FN:64,KeyManager.getKeyAt
FNDA:4,KeyManager.getKeyAt
DA:70,4
DA:76,7
FN:76,KeyManager.getKey
FNDA:7,KeyManager.getKey
DA:77,7
DA:83,3
FN:83,KeyManager.getOperator
FNDA:3,KeyManager.getOperator
DA:86,3
DA:92,2
FN:92,KeyManager.getKeysAt
FNDA:2,KeyManager.getKeysAt
DA:97,2
DA:103,3
FN:103,KeyManager.getKeys
FNDA:3,KeyManager.getKeys
DA:106,3
DA:112,1
FN:112,KeyManager.getKeysAt
FNDA:1,KeyManager.getKeysAt
DA:113,1
DA:119,1
FN:119,KeyManager.getKeys
FNDA:1,KeyManager.getKeys
DA:120,1
DA:123,4
FN:123,KeyManager._getKeyTagsAt
FNDA:4,KeyManager._getKeyTagsAt
DA:128,4
DA:131,2
FN:131,KeyManager._getKeyTags
FNDA:2,KeyManager._getKeyTags
DA:134,2
DA:137,1
FN:137,KeyManager._getKeysOperatorsAt
FNDA:1,KeyManager._getKeysOperatorsAt
DA:141,1
DA:144,1
FN:144,KeyManager._getKeysOperators
FNDA:1,KeyManager._getKeysOperators
DA:145,1
DA:148,1
FN:148,KeyManager._getKeysOperatorsLengthAt
FNDA:1,KeyManager._getKeysOperatorsLengthAt
DA:149,1
DA:152,1
FN:152,KeyManager._getKeysOperatorsLength
FNDA:1,KeyManager._getKeysOperatorsLength
DA:153,1
DA:159,75
FN:159,KeyManager.setKey
FNDA:75,KeyManager.setKey
DA:160,75
DA:163,0
FN:163,KeyManager._setKey
FNDA:0,KeyManager._setKey
DA:170,0
DA:173,0
FN:173,KeyManager._setKey
FNDA:0,KeyManager._setKey
DA:174,0
DA:177,0
FN:177,KeyManager._setKey32
FNDA:0,KeyManager._setKey32
DA:178,0
DA:181,0
FN:181,KeyManager._setKey64
FNDA:0,KeyManager._setKey64
DA:182,0
DA:185,0
FN:185,KeyManager._verifyKey
FNDA:0,KeyManager._verifyKey
DA:192,0
DA:195,0
FN:195,KeyManager._getKey32At
FNDA:0,KeyManager._getKey32At
DA:201,0
DA:204,0
FN:204,KeyManager._getKey32
FNDA:0,KeyManager._getKey32
DA:205,0
DA:208,0
FN:208,KeyManager._getKey64At
FNDA:0,KeyManager._getKey64At
DA:214,0
DA:217,0
FN:217,KeyManager._getKey64
FNDA:0,KeyManager._getKey64
DA:218,0
FNF:28
FNH:19
LF:55
LH:37
BRF:0
BRH:0
end_of_record
TN:
SF:src/contracts/base/NetworkManager.sol
DA:17,1
FN:17,NetworkManager.NetworkManager_VERSION
FNDA:1,NetworkManager.NetworkManager_VERSION
DA:18,1
DA:21,81
FN:21,NetworkManager.__NetworkManager_init
FNDA:81,NetworkManager.__NetworkManager_init
DA:24,81
DA:30,2
FN:30,NetworkManager.NETWORK
FNDA:2,NetworkManager.NETWORK
DA:31,2
DA:37,2
FN:37,NetworkManager.SUBNETWORK_IDENTIFIER
FNDA:2,NetworkManager.SUBNETWORK_IDENTIFIER
DA:38,2
DA:44,135
FN:44,NetworkManager.SUBNETWORK
FNDA:135,NetworkManager.SUBNETWORK
DA:45,135
FNF:5
FNH:5
LF:10
LH:10
BRF:0
BRH:0
end_of_record
TN:
SF:src/contracts/base/OperatorManager.sol
DA:21,1
FN:21,OperatorManager.OperatorManager_VERSION
FNDA:1,OperatorManager.OperatorManager_VERSION
DA:22,1
DA:30,79
FN:30,OperatorManager.constructor
FNDA:79,OperatorManager.constructor
DA:33,79
DA:36,79
FN:36,OperatorManager.__OperatorManager_init
FNDA:79,OperatorManager.__OperatorManager_init
DA:37,79
DA:43,2
FN:43,OperatorManager.getAllOperatorsLength
FNDA:2,OperatorManager.getAllOperatorsLength
DA:44,2
DA:50,3
FN:50,OperatorManager.getAllOperators
FNDA:3,OperatorManager.getAllOperators
DA:51,3
DA:57,2
FN:57,OperatorManager.isOperatorRegistered
FNDA:2,OperatorManager.isOperatorRegistered
DA:60,2
DA:66,3
FN:66,OperatorManager.isOperatorActiveAt
FNDA:3,OperatorManager.isOperatorActiveAt
DA:71,3
DA:77,23
FN:77,OperatorManager.isOperatorActive
FNDA:23,OperatorManager.isOperatorActive
DA:80,28
DA:86,2
FN:86,OperatorManager.getActiveOperatorsAt
FNDA:2,OperatorManager.getActiveOperatorsAt
DA:90,2
DA:96,4
FN:96,OperatorManager.getActiveOperators
FNDA:4,OperatorManager.getActiveOperators
DA:97,4
DA:103,2
FN:103,OperatorManager.getActiveOperatorsLengthAt
FNDA:2,OperatorManager.getActiveOperatorsLengthAt
DA:104,2
DA:110,3
FN:110,OperatorManager.getActiveOperatorsLength
FNDA:3,OperatorManager.getActiveOperatorsLength
DA:111,3
DA:114,70
FN:114,OperatorManager._registerOperator
FNDA:70,OperatorManager._registerOperator
DA:117,70
DA:120,7
FN:120,OperatorManager._unregisterOperator
FNDA:7,OperatorManager._unregisterOperator
DA:123,7
FNF:14
FNH:14
LF:28
LH:28
BRF:0
BRH:0
end_of_record
TN:
SF:src/contracts/base/PermissionManager.sol
DA:11,66
FN:11,PermissionManager.checkPermission
FNDA:66,PermissionManager.checkPermission
DA:12,66
FNF:1
FNH:1
LF:2
LH:2
BRF:0
BRH:0
end_of_record
TN:
SF:src/contracts/base/VaultManager.sol
DA:39,1
FN:39,VaultManager.VaultManager_VERSION
FNDA:1,VaultManager.VaultManager_VERSION
DA:40,1
DA:48,68
FN:48,VaultManager.constructor
FNDA:68,VaultManager.constructor
DA:49,68
DA:52,68
FN:52,VaultManager.__VaultManager_init
FNDA:68,VaultManager.__VaultManager_init
DA:55,68
DA:61,60
FN:61,VaultManager.getSlashingWindow
FNDA:60,VaultManager.getSlashingWindow
DA:62,60
DA:68,4
FN:68,VaultManager.getAllTokensLength
FNDA:4,VaultManager.getAllTokensLength
DA:69,4
DA:75,1
FN:75,VaultManager.getAllTokens
FNDA:1,VaultManager.getAllTokens
DA:76,1
DA:82,1
FN:82,VaultManager.isTokenRegistered
FNDA:1,VaultManager.isTokenRegistered
DA:85,1
DA:91,1
FN:91,VaultManager.isTokenActiveAt
FNDA:1,VaultManager.isTokenActiveAt
DA:92,1
DA:98,3
FN:98,VaultManager.isTokenActive
FNDA:3,VaultManager.isTokenActive
DA:101,3
DA:107,4
FN:107,VaultManager.getActiveTokensAt
FNDA:4,VaultManager.getActiveTokensAt
DA:108,4
DA:114,1
FN:114,VaultManager.getActiveTokens
FNDA:1,VaultManager.getActiveTokens
DA:115,1
DA:121,2
FN:121,VaultManager.getActiveTokensLengthAt
FNDA:2,VaultManager.getActiveTokensLengthAt
DA:122,2
DA:128,3
FN:128,VaultManager.getActiveTokensLength
FNDA:3,VaultManager.getActiveTokensLength
DA:129,3
DA:135,2
FN:135,VaultManager.getAllSharedVaultsLength
FNDA:2,VaultManager.getAllSharedVaultsLength
DA:136,2
DA:142,1
FN:142,VaultManager.getAllSharedVaults
FNDA:1,VaultManager.getAllSharedVaults
DA:143,1
DA:149,1
FN:149,VaultManager.isSharedVaultRegistered
FNDA:1,VaultManager.isSharedVaultRegistered
DA:152,1
DA:158,1
FN:158,VaultManager.isSharedVaultActiveAt
FNDA:1,VaultManager.isSharedVaultActiveAt
DA:163,1
DA:169,3
FN:169,VaultManager.isSharedVaultActive
FNDA:3,VaultManager.isSharedVaultActive
DA:172,3
DA:178,1
FN:178,VaultManager.getActiveSharedVaultsAt
FNDA:1,VaultManager.getActiveSharedVaultsAt
DA:182,1
DA:188,2
FN:188,VaultManager.getActiveSharedVaults
FNDA:2,VaultManager.getActiveSharedVaults
DA:189,2
DA:195,2
FN:195,VaultManager.getActiveSharedVaultsLengthAt
FNDA:2,VaultManager.getActiveSharedVaultsLengthAt
DA:196,2
DA:202,1
FN:202,VaultManager.getActiveSharedVaultsLength
FNDA:1,VaultManager.getActiveSharedVaultsLength
DA:203,1
DA:209,2
FN:209,VaultManager.getAllOperatorVaultsLength
FNDA:2,VaultManager.getAllOperatorVaultsLength
DA:212,2
DA:218,1
FN:218,VaultManager.getAllOperatorVaults
FNDA:1,VaultManager.getAllOperatorVaults
DA:221,1
DA:227,1
FN:227,VaultManager.isOperatorVaultRegistered
FNDA:1,VaultManager.isOperatorVaultRegistered
DA:228,1
DA:234,1
FN:234,VaultManager.isOperatorVaultActiveAt
FNDA:1,VaultManager.isOperatorVaultActiveAt
DA:240,1
DA:246,17
FN:246,VaultManager.isOperatorVaultActive
FNDA:17,VaultManager.isOperatorVaultActive
DA:247,21
DA:253,1
FN:253,VaultManager.getActiveOperatorVaultsAt
FNDA:1,VaultManager.getActiveOperatorVaultsAt
DA:258,1
DA:264,2
FN:264,VaultManager.getActiveOperatorVaults
FNDA:2,VaultManager.getActiveOperatorVaults
DA:267,2
DA:273,2
FN:273,VaultManager.getActiveOperatorVaultsLengthAt
FNDA:2,VaultManager.getActiveOperatorVaultsLengthAt
DA:278,2
DA:284,1
FN:284,VaultManager.getActiveOperatorVaultsLength
FNDA:1,VaultManager.getActiveOperatorVaultsLength
DA:287,1
DA:293,30
FN:293,VaultManager.getOperatorVotingPowerAt
FNDA:30,VaultManager.getOperatorVotingPowerAt
DA:300,30
DA:308,30
FN:308,VaultManager.getOperatorVotingPower
FNDA:30,VaultManager.getOperatorVotingPower
DA:313,30
DA:319,10
FN:319,VaultManager.getOperatorVotingPowerAt
FNDA:10,VaultManager.getOperatorVotingPowerAt
DA:325,10
DA:326,10
DA:332,30
FN:332,VaultManager.getOperatorVotingPower
FNDA:30,VaultManager.getOperatorVotingPower
DA:333,30
DA:339,10
FN:339,VaultManager.getOperatorVotingPowersAt
FNDA:10,VaultManager.getOperatorVotingPowersAt
DA:345,10
DA:353,10
FN:353,VaultManager.getOperatorVotingPowers
FNDA:10,VaultManager.getOperatorVotingPowers
DA:357,10
DA:363,1
FN:363,VaultManager.getTotalVotingPowerAt
FNDA:1,VaultManager.getTotalVotingPowerAt
DA:368,1
DA:374,7
FN:374,VaultManager.getTotalVotingPower
FNDA:7,VaultManager.getTotalVotingPower
DA:377,7
DA:383,1
FN:383,VaultManager.getVotingPowersAt
FNDA:1,VaultManager.getVotingPowersAt
DA:388,1
DA:394,1
FN:394,VaultManager.getVotingPowers
FNDA:1,VaultManager.getVotingPowers
DA:397,1
DA:400,0
FN:400,VaultManager._getOperatorStakeAt
FNDA:0,VaultManager._getOperatorStakeAt
DA:406,30
DA:409,30
FN:409,VaultManager._getOperatorStake
FNDA:30,VaultManager._getOperatorStake
DA:410,30
DA:413,2
FN:413,VaultManager._setSlashingWindow
FNDA:2,VaultManager._setSlashingWindow
DA:416,2
DA:419,58
FN:419,VaultManager._registerToken
FNDA:58,VaultManager._registerToken
DA:422,58
DA:425,4
FN:425,VaultManager._unregisterToken
FNDA:4,VaultManager._unregisterToken
DA:428,4
DA:431,22
FN:431,VaultManager._registerSharedVault
FNDA:22,VaultManager._registerSharedVault
DA:434,22
DA:437,14
FN:437,VaultManager._registerOperatorVault
FNDA:14,VaultManager._registerOperatorVault
DA:438,14
DA:441,2
FN:441,VaultManager._unregisterSharedVault
FNDA:2,VaultManager._unregisterSharedVault
DA:444,2
DA:447,5
FN:447,VaultManager._unregisterOperatorVault
FNDA:5,VaultManager._unregisterOperatorVault
DA:448,5
DA:451,0
FN:451,VaultManager._slashVault
FNDA:0,VaultManager._slashVault
DA:458,0
DA:461,0
FN:461,VaultManager._executeSlash
FNDA:0,VaultManager._executeSlash
DA:466,0
DA:469,0
FN:469,VaultManager._distributeStakerRewards
FNDA:0,VaultManager._distributeStakerRewards
DA:475,0
DA:478,0
FN:478,VaultManager._distributeOperatorRewards
FNDA:0,VaultManager._distributeOperatorRewards
DA:484,0
FNF:54
FNH:49
LF:109
LH:100
BRF:0
BRH:0
end_of_record
TN:
SF:src/contracts/base/common/OzEIP712.sol
DA:15,1
FN:15,OzEIP712.OzEIP712_VERSION
FNDA:1,OzEIP712.OzEIP712_VERSION
DA:16,1
DA:19,26
FN:19,OzEIP712.__OzEIP712_init
FNDA:26,OzEIP712.__OzEIP712_init
DA:22,26
DA:28,156
FN:28,OzEIP712.hashTypedDataV4
FNDA:156,OzEIP712.hashTypedDataV4
DA:31,162
DA:37,2
FN:37,OzEIP712.hashTypedDataV4CrossChain
FNDA:2,OzEIP712.hashTypedDataV4CrossChain
DA:40,2
DA:46,1
FN:46,OzEIP712.eip712Domain
FNDA:1,OzEIP712.eip712Domain
DA:60,1
FNF:5
FNH:5
LF:10
LH:10
BRF:0
BRH:0
end_of_record
TN:
SF:src/contracts/base/common/logic/OzEIP712Logic.sol
DA:30,692
FN:30,OzEIP712Logic._getOzEIP712Storage
FNDA:692,OzEIP712Logic._getOzEIP712Storage
DA:32,692
DA:48,29
FN:48,OzEIP712Logic.initialize
FNDA:29,OzEIP712Logic.initialize
DA:51,29
DA:52,29
DA:53,29
DA:56,29
DA:57,29
DA:75,162
FN:75,OzEIP712Logic.hashTypedDataV4
FNDA:162,OzEIP712Logic.hashTypedDataV4
DA:78,162
DA:84,3
FN:84,OzEIP712Logic.hashTypedDataV4CrossChain
FNDA:3,OzEIP712Logic.hashTypedDataV4CrossChain
DA:87,3
DA:95,1
FN:95,OzEIP712Logic.eip712Domain
FNDA:1,OzEIP712Logic.eip712Domain
DA:108,1
DA:111,1
BRDA:111,0,0,-
BRDA:111,0,1,1
DA:113,1
DA:130,166
FN:130,OzEIP712Logic._EIP712Name
FNDA:166,OzEIP712Logic._EIP712Name
DA:131,166
DA:132,166
DA:141,166
FN:141,OzEIP712Logic._EIP712Version
FNDA:166,OzEIP712Logic._EIP712Version
DA:142,166
DA:143,166
DA:151,0
FN:151,OzEIP712Logic._EIP712NameHash
FNDA:0,OzEIP712Logic._EIP712NameHash
DA:152,165
DA:153,165
DA:154,165
BRDA:154,1,0,153
BRDA:154,1,1,12
DA:155,153
DA:159,12
DA:160,12
BRDA:160,2,0,-
BRDA:160,2,1,12
DA:161,0
DA:163,12
DA:173,0
FN:173,OzEIP712Logic._EIP712VersionHash
FNDA:0,OzEIP712Logic._EIP712VersionHash
DA:174,165
DA:175,165
DA:176,165
BRDA:176,3,0,153
BRDA:176,3,1,12
DA:177,153
DA:181,12
DA:182,12
BRDA:182,4,0,-
BRDA:182,4,1,12
DA:183,0
DA:185,12
FNF:9
FNH:7
LF:40
LH:36
BRF:10
BRH:7
end_of_record
TN:
SF:src/contracts/base/logic/EpochManagerLogic.sol
DA:19,119
FN:19,EpochManagerLogic._getEpochManagerStorage
FNDA:119,EpochManagerLogic._getEpochManagerStorage
DA:20,119
DA:22,119
DA:26,16
FN:26,EpochManagerLogic.initialize
FNDA:16,EpochManagerLogic.initialize
DA:29,16
DA:32,5
FN:32,EpochManagerLogic.getCaptureTimestamp
FNDA:5,EpochManagerLogic.getCaptureTimestamp
DA:33,5
DA:36,26
FN:36,EpochManagerLogic.getCurrentEpoch
FNDA:26,EpochManagerLogic.getCurrentEpoch
DA:37,51
DA:38,49
DA:41,1
FN:41,EpochManagerLogic.getCurrentEpochDuration
FNDA:1,EpochManagerLogic.getCurrentEpochDuration
DA:42,8
DA:45,3
FN:45,EpochManagerLogic.getCurrentEpochStart
FNDA:3,EpochManagerLogic.getCurrentEpochStart
DA:46,15
DA:47,15
DA:50,2
FN:50,EpochManagerLogic.getNextEpoch
FNDA:2,EpochManagerLogic.getNextEpoch
DA:51,5
DA:54,4
FN:54,EpochManagerLogic.getNextEpochStart
FNDA:4,EpochManagerLogic.getNextEpochStart
DA:55,7
DA:58,1
FN:58,EpochManagerLogic.getEpochIndex
FNDA:1,EpochManagerLogic.getEpochIndex
DA:59,1
DA:60,1
DA:62,1
DA:65,3
FN:65,EpochManagerLogic.getEpochDuration
FNDA:3,EpochManagerLogic.getEpochDuration
DA:66,3
DA:69,2
FN:69,EpochManagerLogic.getEpochStart
FNDA:2,EpochManagerLogic.getEpochStart
DA:70,2
DA:71,2
DA:72,2
DA:75,3
FN:75,EpochManagerLogic.setEpochDuration
FNDA:3,EpochManagerLogic.setEpochDuration
DA:78,3
DA:81,1
FN:81,EpochManagerLogic.getEpochDurationDataByTimestamp
FNDA:1,EpochManagerLogic.getEpochDurationDataByTimestamp
DA:85,2
DA:90,2
FN:90,EpochManagerLogic.getEpochDurationDataByIndex
FNDA:2,EpochManagerLogic.getEpochDurationDataByIndex
DA:94,7
DA:99,2
FN:99,EpochManagerLogic.getCurrentEpochDurationData
FNDA:2,EpochManagerLogic.getCurrentEpochDurationData
DA:100,76
DA:105,2
FN:105,EpochManagerLogic.setEpochDuration
FNDA:2,EpochManagerLogic.setEpochDuration
DA:106,5
BRDA:106,0,0,1
DA:107,1
DA:109,4
DA:112,20
FN:112,EpochManagerLogic.setEpochDurationInternal
FNDA:20,EpochManagerLogic.setEpochDurationInternal
DA:117,20
BRDA:117,1,0,2
DA:118,2
DA:120,18
BRDA:120,2,0,1
DA:121,1
DA:123,17
DA:127,17
DA:132,35
FN:132,EpochManagerLogic.serializeEpochDurationData
FNDA:35,EpochManagerLogic.serializeEpochDurationData
DA:137,35
DA:140,83
FN:140,EpochManagerLogic.deserializeEpochDurationData
FNDA:83,EpochManagerLogic.deserializeEpochDurationData
DA:143,83
DA:146,13
FN:146,EpochManagerLogic.getCurrentValue
FNDA:13,EpochManagerLogic.getCurrentValue
DA:150,89
DA:151,89
BRDA:151,3,0,3
DA:152,3
DA:154,86
DA:155,86
BRDA:155,4,0,76
DA:156,76
DA:158,10
BRDA:158,5,0,2
DA:159,2
DA:161,8
DA:162,8
FNF:20
FNH:20
LF:63
LH:63
BRF:6
BRH:6
end_of_record
TN:
SF:src/contracts/base/logic/KeyManagerLogic.sol
DA:42,188
FN:42,KeyManagerLogic._getKeyManagerStorage
FNDA:188,KeyManagerLogic._getKeyManagerStorage
DA:44,188
DA:48,1
FN:48,KeyManagerLogic.TOTAL_KEY_TYPES
FNDA:1,KeyManagerLogic.TOTAL_KEY_TYPES
DA:49,1
DA:52,4
FN:52,KeyManagerLogic.getKeyAt
FNDA:4,KeyManagerLogic.getKeyAt
DA:58,9
DA:59,9
BRDA:59,0,0,1
DA:60,1
DA:62,8
BRDA:62,1,0,6
DA:63,6
DA:65,2
DA:68,7
FN:68,KeyManagerLogic.getKey
FNDA:7,KeyManagerLogic.getKey
DA:69,13
DA:70,13
BRDA:70,2,0,1
DA:71,1
DA:73,12
BRDA:73,3,0,10
DA:74,10
DA:76,2
DA:79,3
FN:79,KeyManagerLogic.getOperator
FNDA:3,KeyManagerLogic.getOperator
DA:82,3
DA:85,4
FN:85,KeyManagerLogic.getKeyTagsAt
FNDA:4,KeyManagerLogic.getKeyTagsAt
DA:86,8
DA:87,8
DA:90,2
FN:90,KeyManagerLogic.getKeyTags
FNDA:2,KeyManagerLogic.getKeyTags
DA:93,7
DA:96,2
FN:96,KeyManagerLogic.getKeysAt
FNDA:2,KeyManagerLogic.getKeysAt
DA:101,4
DA:102,4
BRDA:102,4,0,-
DA:103,0
DA:106,4
DA:107,4
DA:108,4
DA:109,4
DA:110,5
DA:117,3
FN:117,KeyManagerLogic.getKeys
FNDA:3,KeyManagerLogic.getKeys
DA:120,5
DA:121,5
DA:122,5
DA:123,6
DA:127,1
FN:127,KeyManagerLogic.getKeysAt
FNDA:1,KeyManagerLogic.getKeysAt
DA:131,1
DA:132,1
BRDA:132,5,0,-
DA:133,0
DA:136,1
DA:137,1
DA:138,1
DA:139,1
DA:140,2
DA:141,2
DA:145,1
FN:145,KeyManagerLogic.getKeys
FNDA:1,KeyManagerLogic.getKeys
DA:146,1
DA:147,1
DA:148,1
DA:149,2
DA:150,2
DA:154,1
FN:154,KeyManagerLogic.getKeysOperatorsAt
FNDA:1,KeyManagerLogic.getKeysOperatorsAt
DA:158,2
DA:161,1
FN:161,KeyManagerLogic.getKeysOperators
FNDA:1,KeyManagerLogic.getKeysOperators
DA:162,2
DA:165,1
FN:165,KeyManagerLogic.getKeysOperatorsLengthAt
FNDA:1,KeyManagerLogic.getKeysOperatorsLengthAt
DA:166,1
DA:169,1
FN:169,KeyManagerLogic.getKeysOperatorsLength
FNDA:1,KeyManagerLogic.getKeysOperatorsLength
DA:170,1
DA:173,75
FN:173,KeyManagerLogic.setKey
FNDA:75,KeyManagerLogic.setKey
DA:180,75
DA:183,0
FN:183,KeyManagerLogic.setKey
FNDA:0,KeyManagerLogic.setKey
DA:191,75
DA:193,75
DA:195,75
DA:202,1
BRDA:202,6,0,1
DA:203,1
DA:209,73
DA:210,73
DA:211,73
BRDA:211,7,0,2
DA:212,2
BRDA:212,8,0,1
DA:213,1
DA:216,1
DA:217,1
DA:218,1
BRDA:218,9,0,1
DA:219,1
DA:223,71
DA:224,71
DA:225,71
DA:227,71
DA:228,71
DA:229,71
DA:232,0
FN:232,KeyManagerLogic.setKey
FNDA:0,KeyManagerLogic.setKey
DA:233,71
DA:234,71
BRDA:234,10,0,31
DA:235,31
DA:236,31
DA:238,40
BRDA:238,11,0,40
DA:239,40
DA:240,40
DA:242,0
DA:245,0
FN:245,KeyManagerLogic.setKey32
FNDA:0,KeyManagerLogic.setKey32
DA:246,71
DA:247,71
DA:250,0
FN:250,KeyManagerLogic.setKey64
FNDA:0,KeyManagerLogic.setKey64
DA:251,0
DA:252,0
DA:257,0
FN:257,KeyManagerLogic.verifyKey
FNDA:0,KeyManagerLogic.verifyKey
DA:264,75
DA:265,75
BRDA:265,12,0,31
DA:266,31
DA:268,44
BRDA:268,13,0,43
DA:269,43
DA:271,1
DA:274,0
FN:274,KeyManagerLogic.getKey32At
FNDA:0,KeyManagerLogic.getKey32At
DA:280,7
DA:281,7
DA:284,0
FN:284,KeyManagerLogic.getKey32
FNDA:0,KeyManagerLogic.getKey32
DA:285,11
DA:286,11
DA:289,0
FN:289,KeyManagerLogic.getKey64At
FNDA:0,KeyManagerLogic.getKey64At
DA:295,0
DA:296,0
DA:297,0
DA:300,0
FN:300,KeyManagerLogic.getKey64
FNDA:0,KeyManagerLogic.getKey64
DA:301,0
DA:302,0
FNF:25
FNH:16
LF:121
LH:102
BRF:14
BRH:12
end_of_record
TN:
SF:src/contracts/base/logic/NetworkManagerLogic.sol
DA:16,1560
FN:16,NetworkManagerLogic._getNetworkManagerStorage
FNDA:1560,NetworkManagerLogic._getNetworkManagerStorage
DA:18,1560
DA:22,84
FN:22,NetworkManagerLogic.initialize
FNDA:84,NetworkManagerLogic.initialize
DA:25,84
DA:26,84
DA:27,84
DA:30,738
FN:30,NetworkManagerLogic.NETWORK
FNDA:738,NetworkManagerLogic.NETWORK
DA:31,738
DA:34,738
FN:34,NetworkManagerLogic.SUBNETWORK_IDENTIFIER
FNDA:738,NetworkManagerLogic.SUBNETWORK_IDENTIFIER
DA:35,738
DA:38,736
FN:38,NetworkManagerLogic.SUBNETWORK
FNDA:736,NetworkManagerLogic.SUBNETWORK
DA:39,736
FNF:5
FNH:5
LF:12
LH:12
BRF:0
BRH:0
end_of_record
TN:
SF:src/contracts/base/logic/OperatorManagerLogic.sol
DA:25,149
FN:25,OperatorManagerLogic._getOperatorManagerStorage
FNDA:149,OperatorManagerLogic._getOperatorManagerStorage
DA:27,149
DA:31,79
FN:31,OperatorManagerLogic.initialize
FNDA:79,OperatorManagerLogic.initialize
DA:33,2
FN:33,OperatorManagerLogic.getAllOperatorsLength
FNDA:2,OperatorManagerLogic.getAllOperatorsLength
DA:34,2
DA:37,3
FN:37,OperatorManagerLogic.getAllOperators
FNDA:3,OperatorManagerLogic.getAllOperators
DA:38,3
DA:41,16
FN:41,OperatorManagerLogic.isOperatorRegistered
FNDA:16,OperatorManagerLogic.isOperatorRegistered
DA:44,16
DA:47,3
FN:47,OperatorManagerLogic.isOperatorActiveAt
FNDA:3,OperatorManagerLogic.isOperatorActiveAt
DA:48,3
DA:51,28
FN:51,OperatorManagerLogic.isOperatorActive
FNDA:28,OperatorManagerLogic.isOperatorActive
DA:54,28
DA:57,4
FN:57,OperatorManagerLogic.getActiveOperatorsAt
FNDA:4,OperatorManagerLogic.getActiveOperatorsAt
DA:61,4
DA:64,12
FN:64,OperatorManagerLogic.getActiveOperators
FNDA:12,OperatorManagerLogic.getActiveOperators
DA:65,12
DA:68,2
FN:68,OperatorManagerLogic.getActiveOperatorsLengthAt
FNDA:2,OperatorManagerLogic.getActiveOperatorsLengthAt
DA:69,2
DA:72,3
FN:72,OperatorManagerLogic.getActiveOperatorsLength
FNDA:3,OperatorManagerLogic.getActiveOperatorsLength
DA:73,3
DA:76,70
FN:76,OperatorManagerLogic.registerOperator
FNDA:70,OperatorManagerLogic.registerOperator
DA:77,70
BRDA:77,0,0,1
DA:78,1
DA:81,69
BRDA:81,1,0,1
DA:82,1
DA:86,7
FN:86,OperatorManagerLogic.unregisterOperator
FNDA:7,OperatorManagerLogic.unregisterOperator
DA:89,7
BRDA:89,2,0,1
DA:90,1
FNF:13
FNH:13
LF:29
LH:29
BRF:3
BRH:3
end_of_record
TN:
SF:src/contracts/base/logic/VaultManagerLogic.sol
DA:48,1229
FN:48,VaultManagerLogic._getVaultManagerStorage
FNDA:1229,VaultManagerLogic._getVaultManagerStorage
DA:50,1229
DA:54,68
FN:54,VaultManagerLogic.initialize
FNDA:68,VaultManagerLogic.initialize
DA:57,68
DA:60,60
FN:60,VaultManagerLogic.getSlashingWindow
FNDA:60,VaultManagerLogic.getSlashingWindow
DA:61,98
DA:64,4
FN:64,VaultManagerLogic.getAllTokensLength
FNDA:4,VaultManagerLogic.getAllTokensLength
DA:65,4
DA:68,1
FN:68,VaultManagerLogic.getAllTokens
FNDA:1,VaultManagerLogic.getAllTokens
DA:69,1
DA:72,1
FN:72,VaultManagerLogic.isTokenRegistered
FNDA:1,VaultManagerLogic.isTokenRegistered
DA:75,1
DA:78,1
FN:78,VaultManagerLogic.isTokenActiveAt
FNDA:1,VaultManagerLogic.isTokenActiveAt
DA:79,151
DA:82,3
FN:82,VaultManagerLogic.isTokenActive
FNDA:3,VaultManagerLogic.isTokenActive
DA:85,425
DA:88,4
FN:88,VaultManagerLogic.getActiveTokensAt
FNDA:4,VaultManagerLogic.getActiveTokensAt
DA:92,4
DA:95,1
FN:95,VaultManagerLogic.getActiveTokens
FNDA:1,VaultManagerLogic.getActiveTokens
DA:96,1
DA:99,2
FN:99,VaultManagerLogic.getActiveTokensLengthAt
FNDA:2,VaultManagerLogic.getActiveTokensLengthAt
DA:100,2
DA:103,3
FN:103,VaultManagerLogic.getActiveTokensLength
FNDA:3,VaultManagerLogic.getActiveTokensLength
DA:104,3
DA:107,2
FN:107,VaultManagerLogic.getAllSharedVaultsLength
FNDA:2,VaultManagerLogic.getAllSharedVaultsLength
DA:108,2
DA:111,1
FN:111,VaultManagerLogic.getAllSharedVaults
FNDA:1,VaultManagerLogic.getAllSharedVaults
DA:112,1
DA:115,1
FN:115,VaultManagerLogic.isSharedVaultRegistered
FNDA:1,VaultManagerLogic.isSharedVaultRegistered
DA:118,1
DA:121,1
FN:121,VaultManagerLogic.isSharedVaultActiveAt
FNDA:1,VaultManagerLogic.isSharedVaultActiveAt
DA:122,1
DA:125,3
FN:125,VaultManagerLogic.isSharedVaultActive
FNDA:3,VaultManagerLogic.isSharedVaultActive
DA:128,3
DA:131,1
FN:131,VaultManagerLogic.getActiveSharedVaultsAt
FNDA:1,VaultManagerLogic.getActiveSharedVaultsAt
DA:135,41
DA:138,2
FN:138,VaultManagerLogic.getActiveSharedVaults
FNDA:2,VaultManagerLogic.getActiveSharedVaults
DA:139,122
DA:142,2
FN:142,VaultManagerLogic.getActiveSharedVaultsLengthAt
FNDA:2,VaultManagerLogic.getActiveSharedVaultsLengthAt
DA:143,2
DA:146,1
FN:146,VaultManagerLogic.getActiveSharedVaultsLength
FNDA:1,VaultManagerLogic.getActiveSharedVaultsLength
DA:147,1
DA:150,2
FN:150,VaultManagerLogic.getAllOperatorVaultsLength
FNDA:2,VaultManagerLogic.getAllOperatorVaultsLength
DA:153,2
DA:156,1
FN:156,VaultManagerLogic.getAllOperatorVaults
FNDA:1,VaultManagerLogic.getAllOperatorVaults
DA:159,1
DA:162,1
FN:162,VaultManagerLogic.isOperatorVaultRegistered
FNDA:1,VaultManagerLogic.isOperatorVaultRegistered
DA:163,1
DA:166,1
FN:166,VaultManagerLogic.isOperatorVaultActiveAt
FNDA:1,VaultManagerLogic.isOperatorVaultActiveAt
DA:172,1
DA:175,21
FN:175,VaultManagerLogic.isOperatorVaultActive
FNDA:21,VaultManagerLogic.isOperatorVaultActive
DA:176,21
DA:179,1
FN:179,VaultManagerLogic.getActiveOperatorVaultsAt
FNDA:1,VaultManagerLogic.getActiveOperatorVaultsAt
DA:184,41
DA:187,2
FN:187,VaultManagerLogic.getActiveOperatorVaults
FNDA:2,VaultManagerLogic.getActiveOperatorVaults
DA:190,122
DA:193,2
FN:193,VaultManagerLogic.getActiveOperatorVaultsLengthAt
FNDA:2,VaultManagerLogic.getActiveOperatorVaultsLengthAt
DA:198,2
DA:201,1
FN:201,VaultManagerLogic.getActiveOperatorVaultsLength
FNDA:1,VaultManagerLogic.getActiveOperatorVaultsLength
DA:204,1
DA:207,30
FN:207,VaultManagerLogic.getOperatorStakeAt
FNDA:30,VaultManagerLogic.getOperatorStakeAt
DA:213,180
DA:218,30
FN:218,VaultManagerLogic.getOperatorStake
FNDA:30,VaultManagerLogic.getOperatorStake
DA:219,420
DA:222,30
FN:222,VaultManagerLogic.getOperatorVotingPowerAt
FNDA:30,VaultManagerLogic.getOperatorVotingPowerAt
DA:230,150
DA:231,150
BRDA:231,0,0,-
DA:232,0
DA:235,150
BRDA:235,1,0,-
DA:236,0
DA:238,150
DA:246,30
FN:246,VaultManagerLogic.getOperatorVotingPower
FNDA:30,VaultManagerLogic.getOperatorVotingPower
DA:252,390
BRDA:252,2,0,-
DA:253,0
DA:255,390
DA:258,10
FN:258,VaultManagerLogic.getOperatorVotingPowerAt
FNDA:10,VaultManagerLogic.getOperatorVotingPowerAt
DA:265,20
DA:266,20
BRDA:266,3,0,-
DA:267,0
DA:269,20
DA:270,20
BRDA:270,4,0,-
DA:271,0
DA:274,20
DA:275,20
DA:276,20
DA:278,20
DA:280,20
DA:281,60
DA:290,20
DA:291,20
DA:292,20
DA:294,20
DA:296,20
DA:297,0
DA:308,30
FN:308,VaultManagerLogic.getOperatorVotingPower
FNDA:30,VaultManagerLogic.getOperatorVotingPower
DA:313,100
DA:314,100
BRDA:314,5,0,-
DA:315,0
DA:318,100
DA:319,100
DA:321,100
DA:322,300
DA:326,100
DA:327,100
DA:329,100
DA:330,0
DA:339,10
FN:339,VaultManagerLogic.getOperatorVotingPowersAt
FNDA:10,VaultManagerLogic.getOperatorVotingPowersAt
DA:346,20
DA:347,20
BRDA:347,6,0,-
DA:348,0
DA:350,20
DA:351,20
BRDA:351,7,0,-
DA:352,0
DA:355,20
DA:356,20
DA:357,20
DA:358,20
DA:359,20
DA:360,20
DA:361,20
DA:363,20
DA:365,20
DA:366,60
DA:374,60
BRDA:374,8,0,60
DA:375,60
DA:379,20
DA:381,20
DA:383,20
DA:384,0
DA:392,0
BRDA:392,9,0,-
DA:393,0
DA:399,20
DA:403,10
FN:403,VaultManagerLogic.getOperatorVotingPowers
FNDA:10,VaultManagerLogic.getOperatorVotingPowers
DA:408,20
DA:409,20
BRDA:409,10,0,-
DA:410,0
DA:413,20
DA:414,20
DA:415,20
DA:416,20
DA:417,20
DA:419,20
DA:420,60
DA:423,60
BRDA:423,11,0,60
DA:424,60
DA:428,20
DA:430,20
DA:431,0
DA:437,0
BRDA:437,12,0,-
DA:438,0
DA:444,20
DA:448,1
FN:448,VaultManagerLogic.getTotalVotingPowerAt
FNDA:1,VaultManagerLogic.getTotalVotingPowerAt
DA:454,1
DA:455,1
BRDA:455,13,0,-
DA:456,0
DA:459,1
DA:460,1
DA:461,1
DA:463,1
DA:464,1
DA:465,10
DA:475,7
FN:475,VaultManagerLogic.getTotalVotingPower
FNDA:7,VaultManagerLogic.getTotalVotingPower
DA:479,7
DA:480,7
DA:481,7
DA:482,70
DA:486,1
FN:486,VaultManagerLogic.getVotingPowersAt
FNDA:1,VaultManagerLogic.getVotingPowersAt
DA:492,1
DA:493,1
BRDA:493,14,0,-
DA:494,0
DA:497,1
DA:498,1
DA:499,1
DA:500,1
DA:501,1
DA:503,1
DA:504,1
DA:505,10
DA:512,10
BRDA:512,15,0,10
DA:513,10
DA:518,1
DA:522,1
FN:522,VaultManagerLogic.getVotingPowers
FNDA:1,VaultManagerLogic.getVotingPowers
DA:526,1
DA:527,1
DA:528,1
DA:529,1
DA:530,1
DA:531,10
DA:532,10
DA:533,10
BRDA:533,16,0,10
DA:534,10
DA:539,1
DA:543,2
FN:543,VaultManagerLogic.setSlashingWindow
FNDA:2,VaultManagerLogic.setSlashingWindow
DA:546,2
BRDA:546,17,0,1
DA:547,1
DA:549,1
DA:552,58
FN:552,VaultManagerLogic.registerToken
FNDA:58,VaultManagerLogic.registerToken
DA:555,58
BRDA:555,18,0,1
DA:556,1
DA:558,57
BRDA:558,19,0,1
DA:559,1
DA:563,4
FN:563,VaultManagerLogic.unregisterToken
FNDA:4,VaultManagerLogic.unregisterToken
DA:566,4
BRDA:566,20,0,1
DA:567,1
DA:571,22
FN:571,VaultManagerLogic.registerSharedVault
FNDA:22,VaultManagerLogic.registerSharedVault
DA:572,22
DA:573,22
BRDA:573,21,0,6
DA:574,6
DA:576,16
BRDA:576,22,0,-
DA:577,0
DA:579,16
BRDA:579,23,0,-
DA:580,0
DA:582,16
BRDA:582,24,0,1
DA:583,1
DA:587,14
FN:587,VaultManagerLogic.registerOperatorVault
FNDA:14,VaultManagerLogic.registerOperatorVault
DA:588,14
DA:589,14
BRDA:589,25,0,-
DA:590,0
DA:592,14
BRDA:592,26,0,-
DA:593,0
DA:595,14
BRDA:595,27,0,1
DA:596,1
DA:598,13
BRDA:598,28,0,-
DA:599,0
DA:601,13
BRDA:601,29,0,1
DA:602,1
DA:604,12
DA:607,2
FN:607,VaultManagerLogic.unregisterSharedVault
FNDA:2,VaultManagerLogic.unregisterSharedVault
DA:610,2
BRDA:610,30,0,-
DA:611,0
DA:615,5
FN:615,VaultManagerLogic.unregisterOperatorVault
FNDA:5,VaultManagerLogic.unregisterOperatorVault
DA:616,5
DA:617,5
BRDA:617,31,0,-
DA:618,0
DA:620,5
DA:623,0
FN:623,VaultManagerLogic.slashVault
FNDA:0,VaultManagerLogic.slashVault
DA:630,0
DA:631,0
BRDA:631,32,0,-
DA:632,0
DA:635,0
BRDA:635,33,0,-
DA:636,0
DA:640,0
DA:641,0
DA:642,0
BRDA:642,34,0,-
DA:643,0
DA:646,0
DA:647,0
BRDA:647,35,0,-
DA:648,0
DA:651,0
DA:652,0
BRDA:652,36,0,-
BRDA:652,36,1,-
DA:653,0
BRDA:653,37,0,-
DA:656,0
DA:657,0
DA:658,0
DA:659,0
BRDA:659,37,1,-
DA:660,0
DA:662,0
BRDA:662,38,0,-
BRDA:662,38,1,-
DA:663,0
BRDA:663,39,0,-
DA:666,0
DA:667,0
DA:668,0
DA:669,0
BRDA:669,39,1,-
DA:670,0
DA:673,0
DA:677,0
FN:677,VaultManagerLogic.executeSlash
FNDA:0,VaultManagerLogic.executeSlash
DA:682,0
DA:683,0
BRDA:683,40,0,-
DA:684,0
DA:687,0
DA:688,0
BRDA:688,41,0,-
BRDA:688,41,1,-
DA:689,0
BRDA:689,42,0,-
DA:690,0
DA:691,0
DA:692,0
BRDA:692,42,1,-
DA:693,0
DA:696,0
DA:700,0
FN:700,VaultManagerLogic.distributeStakerRewards
FNDA:0,VaultManagerLogic.distributeStakerRewards
DA:701,0
DA:704,0
FN:704,VaultManagerLogic.distributeOperatorRewards
FNDA:0,VaultManagerLogic.distributeOperatorRewards
DA:705,0
DA:708,2
FN:708,VaultManagerLogic._validateVault
FNDA:2,VaultManagerLogic._validateVault
DA:709,38
BRDA:709,43,0,2
DA:710,2
DA:713,36
BRDA:713,44,0,-
DA:714,0
DA:717,36
BRDA:717,45,0,4
DA:718,4
DA:721,32
BRDA:721,46,0,1
DA:722,1
DA:725,31
DA:728,0
FN:728,VaultManagerLogic._validateSharedVault
FNDA:0,VaultManagerLogic._validateSharedVault
DA:731,16
DA:732,16
DA:738,0
BRDA:738,47,0,-
DA:739,0
DA:742,16
DA:745,0
FN:745,VaultManagerLogic._validateOperatorVault
FNDA:0,VaultManagerLogic._validateOperatorVault
DA:746,14
DA:747,14
DA:749,14
DA:752,14
DA:753,0
BRDA:753,48,0,-
DA:754,0
DA:758,14
DA:759,0
DA:760,0
BRDA:760,49,0,-
DA:761,0
DA:764,14
DA:767,0
FN:767,VaultManagerLogic._validateVaultEpochDuration
FNDA:0,VaultManagerLogic._validateVaultEpochDuration
DA:770,36
DA:771,36
DA:772,36
DA:774,36
BRDA:774,50,0,35
BRDA:774,50,1,-
DA:775,35
DA:776,35
BRDA:776,51,0,1
BRDA:776,51,1,34
DA:777,1
DA:778,34
BRDA:778,52,0,-
DA:779,0
DA:782,35
DA:783,1
BRDA:783,53,0,1
DA:784,1
DA:787,0
FNF:57
FNH:50
LF:322
LH:238
BRF:62
BRH:19
end_of_record
TN:
SF:src/contracts/features/permissions/NoPermissionManager.sol
DA:14,3
FN:14,NoPermissionManager.__NoPermissionManager_init
FNDA:3,NoPermissionManager.__NoPermissionManager_init
DA:19,74
FN:19,NoPermissionManager._checkPermission
FNDA:74,NoPermissionManager._checkPermission
FNF:2
FNH:2
LF:2
LH:2
BRF:0
BRH:0
end_of_record
TN:
SF:src/contracts/features/permissions/OzAccessControl.sol
DA:25,20
FN:25,OzAccessControl._getOzAccessControlStorage
FNDA:20,OzAccessControl._getOzAccessControlStorage
DA:27,20
DA:34,10
FN:34,OzAccessControl.__OzAccessControl_init
FNDA:10,OzAccessControl.__OzAccessControl_init
DA:35,10
DA:41,2
FN:41,OzAccessControl.getRole
FNDA:2,OzAccessControl.getRole
DA:44,10
DA:50,8
FN:50,OzAccessControl._checkPermission
FNDA:8,OzAccessControl._checkPermission
DA:51,8
DA:54,10
FN:54,OzAccessControl._setSelectorRole
FNDA:10,OzAccessControl._setSelectorRole
DA:55,10
DA:56,10
FNF:5
FNH:5
LF:11
LH:11
BRF:0
BRH:0
end_of_record
TN:
SF:src/contracts/features/permissions/OzAccessManaged.sol
DA:16,4
FN:16,OzAccessManaged.__OzAccessManaged_init
FNDA:4,OzAccessManaged.__OzAccessManaged_init
DA:19,4
DA:25,2
FN:25,OzAccessManaged._checkPermission
FNDA:2,OzAccessManaged._checkPermission
DA:26,2
FNF:2
FNH:2
LF:4
LH:4
BRF:0
BRH:0
end_of_record
TN:
SF:src/contracts/features/permissions/OzOwnable.sol
DA:16,12
FN:16,OzOwnable.__OzOwnable_init
FNDA:12,OzOwnable.__OzOwnable_init
DA:19,12
DA:25,25
FN:25,OzOwnable._checkPermission
FNDA:25,OzOwnable._checkPermission
DA:26,25
FNF:2
FNH:2
LF:4
LH:4
BRF:0
BRH:0
end_of_record
TN:
SF:src/contracts/features/registration/operators/SelfRegisterOperators.sol
DA:35,42
FN:35,SelfRegisterOperators.__SelfRegisterOperators_init
FNDA:42,SelfRegisterOperators.__SelfRegisterOperators_init
DA:40,52
FN:40,SelfRegisterOperators.registerOperator
FNDA:52,SelfRegisterOperators.registerOperator
DA:43,52
DA:49,2
FN:49,SelfRegisterOperators.registerOperatorWithSignature
FNDA:2,SelfRegisterOperators.registerOperatorWithSignature
DA:50,2
DA:53,1
DA:59,1
FN:59,SelfRegisterOperators.unregisterOperator
FNDA:1,SelfRegisterOperators.unregisterOperator
DA:60,1
DA:66,1
FN:66,SelfRegisterOperators.unregisterOperatorWithSignature
FNDA:1,SelfRegisterOperators.unregisterOperatorWithSignature
DA:67,1
DA:70,1
DA:76,9
FN:76,SelfRegisterOperators.registerOperatorVault
FNDA:9,SelfRegisterOperators.registerOperatorVault
DA:79,9
DA:85,1
FN:85,SelfRegisterOperators.registerOperatorVaultWithSignature
FNDA:1,SelfRegisterOperators.registerOperatorVaultWithSignature
DA:90,1
DA:95,1
DA:101,1
FN:101,SelfRegisterOperators.unregisterOperatorVault
FNDA:1,SelfRegisterOperators.unregisterOperatorVault
DA:104,1
DA:110,2
FN:110,SelfRegisterOperators.unregisterOperatorVaultWithSignature
FNDA:2,SelfRegisterOperators.unregisterOperatorVaultWithSignature
DA:115,2
DA:120,1
DA:126,1
FN:126,SelfRegisterOperators.increaseNonce
FNDA:1,SelfRegisterOperators.increaseNonce
DA:127,1
DA:130,50
FN:130,SelfRegisterOperators._registerOperatorImpl
FNDA:50,SelfRegisterOperators._registerOperatorImpl
DA:131,50
DA:132,50
BRDA:132,0,0,3
DA:133,3
DA:137,11
FN:137,SelfRegisterOperators._registerOperatorVaultImpl
FNDA:11,SelfRegisterOperators._registerOperatorVaultImpl
DA:138,11
DA:141,6
FN:141,SelfRegisterOperators._verifyEIP712
FNDA:6,SelfRegisterOperators._verifyEIP712
DA:142,6
BRDA:142,1,0,2
DA:143,2
FNF:13
FNH:13
LF:32
LH:32
BRF:2
BRH:2
end_of_record
TN:
SF:src/contracts/features/registration/operators/extensions/ForcePauseSelfRegisterOperators.sol
DA:19,74
FN:19,ForcePauseSelfRegisterOperators._getForcePauseStorage
FNDA:74,ForcePauseSelfRegisterOperators._getForcePauseStorage
DA:20,74
DA:22,74
DA:26,17
FN:26,ForcePauseSelfRegisterOperators.__ForcePauseSelfRegisterOperators_init
FNDA:17,ForcePauseSelfRegisterOperators.__ForcePauseSelfRegisterOperators_init
DA:31,6
FN:31,ForcePauseSelfRegisterOperators.isOperatorForcePaused
FNDA:6,ForcePauseSelfRegisterOperators.isOperatorForcePaused
DA:34,52
DA:40,2
FN:40,ForcePauseSelfRegisterOperators.isOperatorVaultForcePaused
FNDA:2,ForcePauseSelfRegisterOperators.isOperatorVaultForcePaused
DA:41,12
DA:47,5
FN:47,ForcePauseSelfRegisterOperators.forcePauseOperator
FNDA:5,ForcePauseSelfRegisterOperators.forcePauseOperator
DA:50,5
BRDA:50,0,0,1
DA:51,1
DA:53,4
DA:54,4
BRDA:54,1,0,2
DA:55,2
DA:62,3
FN:62,ForcePauseSelfRegisterOperators.forceUnpauseOperator
FNDA:3,ForcePauseSelfRegisterOperators.forceUnpauseOperator
DA:65,3
BRDA:65,2,0,1
DA:66,1
DA:68,2
DA:74,4
FN:74,ForcePauseSelfRegisterOperators.forcePauseOperatorVault
FNDA:4,ForcePauseSelfRegisterOperators.forcePauseOperatorVault
DA:75,4
BRDA:75,3,0,1
DA:76,1
DA:78,3
DA:79,3
BRDA:79,4,0,1
DA:80,1
DA:87,2
FN:87,ForcePauseSelfRegisterOperators.forceUnpauseOperatorVault
FNDA:2,ForcePauseSelfRegisterOperators.forceUnpauseOperatorVault
DA:88,2
BRDA:88,5,0,1
DA:89,1
DA:91,1
DA:94,38
FN:94,ForcePauseSelfRegisterOperators._registerOperatorImpl
FNDA:38,ForcePauseSelfRegisterOperators._registerOperatorImpl
DA:95,38
BRDA:95,6,0,2
DA:96,2
DA:98,36
DA:101,4
FN:101,ForcePauseSelfRegisterOperators._registerOperatorVaultImpl
FNDA:4,ForcePauseSelfRegisterOperators._registerOperatorVaultImpl
DA:102,4
BRDA:102,7,0,1
DA:103,1
DA:105,3
FNF:10
FNH:10
LF:36
LH:36
BRF:8
BRH:8
end_of_record
TN:
SF:src/contracts/features/registration/operators/extensions/WhitelistSelfRegisterOperators.sol
DA:19,120
FN:19,WhitelistSelfRegisterOperators._getWhitelistStorage
FNDA:120,WhitelistSelfRegisterOperators._getWhitelistStorage
DA:20,120
DA:22,120
DA:26,22
FN:26,WhitelistSelfRegisterOperators.__WhitelistSelfRegisterOperators_init
FNDA:22,WhitelistSelfRegisterOperators.__WhitelistSelfRegisterOperators_init
DA:29,22
DA:30,22
DA:36,2
FN:36,WhitelistSelfRegisterOperators.isWhitelistEnabled
FNDA:2,WhitelistSelfRegisterOperators.isWhitelistEnabled
DA:37,50
DA:43,2
FN:43,WhitelistSelfRegisterOperators.isOperatorWhitelisted
FNDA:2,WhitelistSelfRegisterOperators.isOperatorWhitelisted
DA:46,21
DA:52,1
FN:52,WhitelistSelfRegisterOperators.isOperatorVaultWhitelisted
FNDA:1,WhitelistSelfRegisterOperators.isOperatorVaultWhitelisted
DA:53,12
DA:59,3
FN:59,WhitelistSelfRegisterOperators.setWhitelistStatus
FNDA:3,WhitelistSelfRegisterOperators.setWhitelistStatus
DA:62,2
DA:68,8
FN:68,WhitelistSelfRegisterOperators.whitelistOperator
FNDA:8,WhitelistSelfRegisterOperators.whitelistOperator
DA:71,8
BRDA:71,0,0,1
DA:72,1
DA:74,7
DA:80,2
FN:80,WhitelistSelfRegisterOperators.unwhitelistOperator
FNDA:2,WhitelistSelfRegisterOperators.unwhitelistOperator
DA:83,2
BRDA:83,1,0,1
DA:84,1
DA:86,1
DA:87,1
BRDA:87,2,0,1
DA:88,1
DA:95,5
FN:95,WhitelistSelfRegisterOperators.whitelistOperatorVault
FNDA:5,WhitelistSelfRegisterOperators.whitelistOperatorVault
DA:96,5
BRDA:96,3,0,1
DA:97,1
DA:99,4
DA:105,2
FN:105,WhitelistSelfRegisterOperators.unwhitelistOperatorVault
FNDA:2,WhitelistSelfRegisterOperators.unwhitelistOperatorVault
DA:106,2
BRDA:106,4,0,1
DA:107,1
DA:109,1
DA:110,1
BRDA:110,5,0,1
DA:111,1
DA:115,41
FN:115,WhitelistSelfRegisterOperators._registerOperatorImpl
FNDA:41,WhitelistSelfRegisterOperators._registerOperatorImpl
DA:116,41
BRDA:116,6,0,1
DA:117,1
DA:119,40
DA:122,5
FN:122,WhitelistSelfRegisterOperators._registerOperatorVaultImpl
FNDA:5,WhitelistSelfRegisterOperators._registerOperatorVaultImpl
DA:123,5
BRDA:123,7,0,1
DA:124,1
DA:126,4
FNF:12
FNH:12
LF:42
LH:42
BRF:8
BRH:8
end_of_record
TN:
SF:src/contracts/features/registration/tokens/Tokens.sol
DA:10,10
FN:10,Tokens.__Tokens_init
FNDA:10,Tokens.__Tokens_init
DA:12,44
FN:12,Tokens.registerToken
FNDA:44,Tokens.registerToken
DA:15,44
DA:18,1
FN:18,Tokens.unregisterToken
FNDA:1,Tokens.unregisterToken
DA:21,1
FNF:3
FNH:3
LF:5
LH:5
BRF:0
BRH:0
end_of_record
TN:
SF:src/contracts/features/registration/vaults/SharedVaults.sol
DA:11,10
FN:11,SharedVaults.__SharedVaults_init
FNDA:10,SharedVaults.__SharedVaults_init
DA:16,11
FN:16,SharedVaults.registerSharedVault
FNDA:11,SharedVaults.registerSharedVault
DA:19,11
DA:25,1
FN:25,SharedVaults.unregisterSharedVault
FNDA:1,SharedVaults.unregisterSharedVault
DA:28,1
FNF:3
FNH:3
LF:5
LH:5
BRF:0
BRH:0
end_of_record
TN:
SF:src/contracts/features/stakeToVotingPower/EqualStakeToVP.sol
DA:15,7
FN:15,EqualStakeToVP.__EqualStakeToVP_init
FNDA:7,EqualStakeToVP.__EqualStakeToVP_init
DA:20,151
FN:20,EqualStakeToVP.stakeToVotingPowerAt
FNDA:151,EqualStakeToVP.stakeToVotingPowerAt
DA:26,151
DA:32,391
FN:32,EqualStakeToVP.stakeToVotingPower
FNDA:391,EqualStakeToVP.stakeToVotingPower
DA:37,391
FNF:3
FNH:3
LF:5
LH:5
BRF:0
BRH:0
end_of_record
TN:
SF:src/contracts/implementations/key-registries/KeyRegistry.sol
DA:12,0
FN:12,KeyRegistry.getOperatorsLengthAt
FNDA:0,KeyRegistry.getOperatorsLengthAt
DA:13,0
DA:19,0
FN:19,KeyRegistry.getOperatorsLength
FNDA:0,KeyRegistry.getOperatorsLength
DA:20,0
DA:26,0
FN:26,KeyRegistry.getOperatorsAt
FNDA:0,KeyRegistry.getOperatorsAt
DA:27,0
DA:33,0
FN:33,KeyRegistry.getOperators
FNDA:0,KeyRegistry.getOperators
DA:34,0
DA:40,3
FN:40,KeyRegistry.initialize
FNDA:3,KeyRegistry.initialize
DA:43,3
DA:44,3
FNF:5
FNH:1
LF:11
LH:3
BRF:0
BRH:0
end_of_record
TN:
SF:src/contracts/implementations/settlement/Master.sol
DA:16,3
FN:16,Master.initialize
FNDA:3,Master.initialize
DA:22,3
DA:23,3
DA:24,3
DA:25,3
DA:27,3
FNF:1
FNH:1
LF:6
LH:6
BRF:0
BRH:0
end_of_record
TN:
SF:src/contracts/implementations/settlement/ConfigProvider.sol
DA:13,1
FN:13,ConfigProvider.ConfigProvider_VERSION
FNDA:1,ConfigProvider.ConfigProvider_VERSION
DA:14,1
DA:17,12
FN:17,ConfigProvider.__ConfigProvider_init
FNDA:12,ConfigProvider.__ConfigProvider_init
DA:20,12
DA:26,3
FN:26,ConfigProvider.isVotingPowerProviderActiveAt
FNDA:3,ConfigProvider.isVotingPowerProviderActiveAt
DA:31,3
DA:37,3
FN:37,ConfigProvider.isVotingPowerProviderActive
FNDA:3,ConfigProvider.isVotingPowerProviderActive
DA:40,3
DA:46,1
FN:46,ConfigProvider.getActiveVotingPowerProvidersAt
FNDA:1,ConfigProvider.getActiveVotingPowerProvidersAt
DA:50,1
DA:56,4
FN:56,ConfigProvider.getActiveVotingPowerProviders
FNDA:4,ConfigProvider.getActiveVotingPowerProviders
DA:57,4
DA:63,1
FN:63,ConfigProvider.getKeysProviderAt
FNDA:1,ConfigProvider.getKeysProviderAt
DA:67,1
DA:73,2
FN:73,ConfigProvider.getKeysProvider
FNDA:2,ConfigProvider.getKeysProvider
DA:74,2
DA:80,1
FN:80,ConfigProvider.isReplicaActiveAt
FNDA:1,ConfigProvider.isReplicaActiveAt
DA:85,1
DA:91,2
FN:91,ConfigProvider.isReplicaActive
FNDA:2,ConfigProvider.isReplicaActive
DA:94,2
DA:100,1
FN:100,ConfigProvider.getActiveReplicasAt
FNDA:1,ConfigProvider.getActiveReplicasAt
DA:104,1
DA:110,3
FN:110,ConfigProvider.getActiveReplicas
FNDA:3,ConfigProvider.getActiveReplicas
DA:111,3
DA:117,2
FN:117,ConfigProvider.getVerificationTypeAt
FNDA:2,ConfigProvider.getVerificationTypeAt
DA:118,2
DA:124,2
FN:124,ConfigProvider.getVerificationType
FNDA:2,ConfigProvider.getVerificationType
DA:125,2
DA:131,2
FN:131,ConfigProvider.getConfigAt
FNDA:2,ConfigProvider.getConfigAt
DA:135,2
DA:141,1
FN:141,ConfigProvider.getConfig
FNDA:1,ConfigProvider.getConfig
DA:142,1
DA:148,5
FN:148,ConfigProvider.addVotingPowerProvider
FNDA:5,ConfigProvider.addVotingPowerProvider
DA:151,3
DA:157,3
FN:157,ConfigProvider.removeVotingPowerProvider
FNDA:3,ConfigProvider.removeVotingPowerProvider
DA:160,2
DA:166,2
FN:166,ConfigProvider.setKeysProvider
FNDA:2,ConfigProvider.setKeysProvider
DA:169,1
DA:175,3
FN:175,ConfigProvider.addReplica
FNDA:3,ConfigProvider.addReplica
DA:178,2
DA:184,3
FN:184,ConfigProvider.removeReplica
FNDA:3,ConfigProvider.removeReplica
DA:187,2
DA:193,3
FN:193,ConfigProvider.setVerificationType
FNDA:3,ConfigProvider.setVerificationType
DA:196,2
FNF:22
FNH:22
LF:44
LH:44
BRF:0
BRH:0
end_of_record
TN:
SF:src/contracts/implementations/settlement/Replica.sol
DA:14,0
FN:14,Replica.initialize
FNDA:0,Replica.initialize
DA:18,0
DA:19,0
DA:21,0
FNF:1
FNH:0
LF:4
LH:0
BRF:0
BRH:0
end_of_record
TN:
SF:src/contracts/implementations/settlement/Settlement.sol
DA:24,0
FN:24,Settlement.Settlement_VERSION
FNDA:0,Settlement.Settlement_VERSION
DA:25,0
DA:31,0
FN:31,Settlement.VALIDATOR_SET_VERSION
FNDA:0,Settlement.VALIDATOR_SET_VERSION
DA:32,0
DA:35,3
FN:35,Settlement.__Settlement_init
FNDA:3,Settlement.__Settlement_init
DA:38,3
DA:44,0
FN:44,Settlement.getCurrentValSetTimestamp
FNDA:0,Settlement.getCurrentValSetTimestamp
DA:45,0
DA:51,2
FN:51,Settlement.getCurrentValSetEpoch
FNDA:2,Settlement.getCurrentValSetEpoch
DA:52,2
DA:58,0
FN:58,Settlement.getProlongDuration
FNDA:0,Settlement.getProlongDuration
DA:59,0
DA:65,0
FN:65,Settlement.getCommitDurationAt
FNDA:0,Settlement.getCommitDurationAt
DA:66,0
DA:72,0
FN:72,Settlement.getCommitDuration
FNDA:0,Settlement.getCommitDuration
DA:73,0
DA:79,0
FN:79,Settlement.getRequiredKeyTagAt
FNDA:0,Settlement.getRequiredKeyTagAt
DA:80,0
DA:86,0
FN:86,Settlement.getRequiredKeyTag
FNDA:0,Settlement.getRequiredKeyTag
DA:87,0
DA:93,0
FN:93,Settlement.getSigVerifierAt
FNDA:0,Settlement.getSigVerifierAt
DA:94,0
DA:100,1
FN:100,Settlement.getSigVerifier
FNDA:1,Settlement.getSigVerifier
DA:101,1
DA:107,0
FN:107,Settlement.getLastCommittedHeaderCaptureTimestamp
FNDA:0,Settlement.getLastCommittedHeaderCaptureTimestamp
DA:108,0
DA:114,0
FN:114,Settlement.isValSetHeaderCommittedAt
FNDA:0,Settlement.isValSetHeaderCommittedAt
DA:117,0
DA:123,0
FN:123,Settlement.isValSetHeaderCommitted
FNDA:0,Settlement.isValSetHeaderCommitted
DA:124,0
DA:130,0
FN:130,Settlement.getCurrentPhase
FNDA:0,Settlement.getCurrentPhase
DA:131,0
DA:137,1
FN:137,Settlement.getValSetHeaderAt
FNDA:1,Settlement.getValSetHeaderAt
DA:140,1
DA:146,0
FN:146,Settlement.getValSetHeader
FNDA:0,Settlement.getValSetHeader
DA:147,0
DA:153,0
FN:153,Settlement.getVersionFromValSetHeaderAt
FNDA:0,Settlement.getVersionFromValSetHeaderAt
DA:156,0
DA:162,0
FN:162,Settlement.getVersionFromValSetHeader
FNDA:0,Settlement.getVersionFromValSetHeader
DA:163,0
DA:169,0
FN:169,Settlement.getRequiredKeyTagFromValSetHeaderAt
FNDA:0,Settlement.getRequiredKeyTagFromValSetHeaderAt
DA:172,0
DA:178,0
FN:178,Settlement.getRequiredKeyTagFromValSetHeader
FNDA:0,Settlement.getRequiredKeyTagFromValSetHeader
DA:179,0
DA:185,0
FN:185,Settlement.getCaptureTimestampFromValSetHeaderAt
FNDA:0,Settlement.getCaptureTimestampFromValSetHeaderAt
DA:188,0
DA:194,0
FN:194,Settlement.getCaptureTimestampFromValSetHeader
FNDA:0,Settlement.getCaptureTimestampFromValSetHeader
DA:195,0
DA:201,0
FN:201,Settlement.getQuorumThresholdFromValSetHeaderAt
FNDA:0,Settlement.getQuorumThresholdFromValSetHeaderAt
DA:204,0
DA:210,0
FN:210,Settlement.getQuorumThresholdFromValSetHeader
FNDA:0,Settlement.getQuorumThresholdFromValSetHeader
DA:211,0
DA:217,0
FN:217,Settlement.getValidatorsSszMRootFromValSetHeaderAt
FNDA:0,Settlement.getValidatorsSszMRootFromValSetHeaderAt
DA:220,0
DA:226,0
FN:226,Settlement.getValidatorsSszMRootFromValSetHeader
FNDA:0,Settlement.getValidatorsSszMRootFromValSetHeader
DA:227,0
DA:233,0
FN:233,Settlement.getPreviousHeaderHashFromValSetHeaderAt
FNDA:0,Settlement.getPreviousHeaderHashFromValSetHeaderAt
DA:236,0
DA:242,0
FN:242,Settlement.getPreviousHeaderHashFromValSetHeader
FNDA:0,Settlement.getPreviousHeaderHashFromValSetHeader
DA:243,0
DA:249,7
FN:249,Settlement.getExtraDataAt
FNDA:7,Settlement.getExtraDataAt
DA:250,7
DA:256,0
FN:256,Settlement.getExtraData
FNDA:0,Settlement.getExtraData
DA:259,0
DA:265,2
FN:265,Settlement.verifyQuorumSig
FNDA:2,Settlement.verifyQuorumSig
DA:273,2
DA:279,0
FN:279,Settlement.setEpochDuration
FNDA:0,Settlement.setEpochDuration
DA:282,0
DA:288,0
FN:288,Settlement.setCommitDuration
FNDA:0,Settlement.setCommitDuration
DA:291,0
DA:297,0
FN:297,Settlement.setRequiredKeyTag
FNDA:0,Settlement.setRequiredKeyTag
DA:300,0
DA:306,0
FN:306,Settlement.setSigVerifier
FNDA:0,Settlement.setSigVerifier
DA:309,0
DA:315,3
FN:315,Settlement.setGenesis
FNDA:3,Settlement.setGenesis
DA:319,3
DA:325,1
FN:325,Settlement.commitValSetHeader
FNDA:1,Settlement.commitValSetHeader
DA:331,1
FNF:39
FNH:8
LF:78
LH:16
BRF:0
BRH:0
end_of_record
TN:
SF:src/contracts/implementations/settlement/ValSetConfigProvider.sol
DA:14,1
FN:14,ValSetConfigProvider.ValSetConfigProvider_VERSION
FNDA:1,ValSetConfigProvider.ValSetConfigProvider_VERSION
DA:15,1
DA:18,10
FN:18,ValSetConfigProvider.__ValSetConfigProvider_init
FNDA:10,ValSetConfigProvider.__ValSetConfigProvider_init
DA:21,10
DA:27,5
FN:27,ValSetConfigProvider.getMaxVotingPowerAt
FNDA:5,ValSetConfigProvider.getMaxVotingPowerAt
DA:28,5
DA:34,3
FN:34,ValSetConfigProvider.getMaxVotingPower
FNDA:3,ValSetConfigProvider.getMaxVotingPower
DA:35,3
DA:41,3
FN:41,ValSetConfigProvider.getMinInclusionVotingPowerAt
FNDA:3,ValSetConfigProvider.getMinInclusionVotingPowerAt
DA:42,3
DA:48,2
FN:48,ValSetConfigProvider.getMinInclusionVotingPower
FNDA:2,ValSetConfigProvider.getMinInclusionVotingPower
DA:49,2
DA:55,3
FN:55,ValSetConfigProvider.getMaxValidatorsCountAt
FNDA:3,ValSetConfigProvider.getMaxValidatorsCountAt
DA:56,3
DA:62,2
FN:62,ValSetConfigProvider.getMaxValidatorsCount
FNDA:2,ValSetConfigProvider.getMaxValidatorsCount
DA:63,2
DA:69,3
FN:69,ValSetConfigProvider.getRequiredKeyTagsAt
FNDA:3,ValSetConfigProvider.getRequiredKeyTagsAt
DA:73,3
DA:79,2
FN:79,ValSetConfigProvider.getRequiredKeyTags
FNDA:2,ValSetConfigProvider.getRequiredKeyTags
DA:80,2
DA:86,1
FN:86,ValSetConfigProvider.getValSetConfigAt
FNDA:1,ValSetConfigProvider.getValSetConfigAt
DA:90,1
DA:96,1
FN:96,ValSetConfigProvider.getValSetConfig
FNDA:1,ValSetConfigProvider.getValSetConfig
DA:97,1
DA:103,5
FN:103,ValSetConfigProvider.setMaxVotingPower
FNDA:5,ValSetConfigProvider.setMaxVotingPower
DA:106,4
DA:112,2
FN:112,ValSetConfigProvider.setMinInclusionVotingPower
FNDA:2,ValSetConfigProvider.setMinInclusionVotingPower
DA:115,2
DA:121,2
FN:121,ValSetConfigProvider.setMaxValidatorsCount
FNDA:2,ValSetConfigProvider.setMaxValidatorsCount
DA:124,2
DA:130,2
FN:130,ValSetConfigProvider.setRequiredKeyTags
FNDA:2,ValSetConfigProvider.setRequiredKeyTags
DA:133,2
FNF:16
FNH:16
LF:32
LH:32
BRF:0
BRH:0
end_of_record
TN:
SF:src/contracts/implementations/settlement/logic/ConfigProviderLogic.sol
DA:24,103
FN:24,ConfigProviderLogic._getConfigProviderStorage
FNDA:103,ConfigProviderLogic._getConfigProviderStorage
DA:29,103
DA:31,103
DA:35,12
FN:35,ConfigProviderLogic.initialize
FNDA:12,ConfigProviderLogic.initialize
DA:38,12
DA:39,21
DA:42,12
DA:44,12
DA:45,9
DA:48,12
DA:51,3
FN:51,ConfigProviderLogic.isVotingPowerProviderActiveAt
FNDA:3,ConfigProviderLogic.isVotingPowerProviderActiveAt
DA:56,3
DA:61,3
FN:61,ConfigProviderLogic.isVotingPowerProviderActive
FNDA:3,ConfigProviderLogic.isVotingPowerProviderActive
DA:64,3
DA:69,1
FN:69,ConfigProviderLogic.getActiveVotingPowerProvidersAt
FNDA:1,ConfigProviderLogic.getActiveVotingPowerProvidersAt
DA:73,3
DA:74,3
DA:75,3
DA:76,3
DA:77,6
DA:81,4
FN:81,ConfigProviderLogic.getActiveVotingPowerProviders
FNDA:4,ConfigProviderLogic.getActiveVotingPowerProviders
DA:86,5
DA:87,5
DA:88,5
DA:89,5
DA:90,12
DA:94,1
FN:94,ConfigProviderLogic.getKeysProviderAt
FNDA:1,ConfigProviderLogic.getKeysProviderAt
DA:98,3
DA:103,2
FN:103,ConfigProviderLogic.getKeysProvider
FNDA:2,ConfigProviderLogic.getKeysProvider
DA:104,3
DA:107,1
FN:107,ConfigProviderLogic.isReplicaActiveAt
FNDA:1,ConfigProviderLogic.isReplicaActiveAt
DA:112,1
DA:113,1
DA:116,2
FN:116,ConfigProviderLogic.isReplicaActive
FNDA:2,ConfigProviderLogic.isReplicaActive
DA:119,2
DA:122,1
FN:122,ConfigProviderLogic.getActiveReplicasAt
FNDA:1,ConfigProviderLogic.getActiveReplicasAt
DA:126,3
DA:127,3
DA:128,3
DA:129,4
DA:133,3
FN:133,ConfigProviderLogic.getActiveReplicas
FNDA:3,ConfigProviderLogic.getActiveReplicas
DA:138,4
DA:139,4
DA:140,4
DA:141,5
DA:145,2
FN:145,ConfigProviderLogic.getVerificationTypeAt
FNDA:2,ConfigProviderLogic.getVerificationTypeAt
DA:146,4
DA:149,2
FN:149,ConfigProviderLogic.getVerificationType
FNDA:2,ConfigProviderLogic.getVerificationType
DA:150,3
DA:153,2
FN:153,ConfigProviderLogic.getConfigAt
FNDA:2,ConfigProviderLogic.getConfigAt
DA:157,2
DA:158,2
BRDA:158,0,0,-
DA:159,0
DA:162,2
DA:170,1
FN:170,ConfigProviderLogic.getConfig
FNDA:1,ConfigProviderLogic.getConfig
DA:171,1
DA:179,3
FN:179,ConfigProviderLogic.addVotingPowerProvider
FNDA:3,ConfigProviderLogic.addVotingPowerProvider
DA:183,24
DA:186,1
BRDA:186,1,0,1
DA:187,1
DA:191,2
FN:191,ConfigProviderLogic.removeVotingPowerProvider
FNDA:2,ConfigProviderLogic.removeVotingPowerProvider
DA:195,2
DA:198,1
BRDA:198,2,0,1
DA:199,1
DA:203,1
FN:203,ConfigProviderLogic.setKeysProvider
FNDA:1,ConfigProviderLogic.setKeysProvider
DA:206,13
DA:211,2
FN:211,ConfigProviderLogic.addReplica
FNDA:2,ConfigProviderLogic.addReplica
DA:214,11
BRDA:214,3,0,1
DA:215,1
DA:219,2
[...]
DA:58,0
FN:58,SymbioticCoreInit.setUp
FNDA:0,SymbioticCoreInit.setUp
DA:59,0
DA:61,0
DA:66,0
FN:66,SymbioticCoreInit._initCore_SymbioticCore
FNDA:0,SymbioticCoreInit._initCore_SymbioticCore
DA:67,0
DA:70,78
FN:70,SymbioticCoreInit._initCore_SymbioticCore
FNDA:78,SymbioticCoreInit._initCore_SymbioticCore
DA:73,0
BRDA:73,0,0,-
BRDA:73,0,1,78
DA:74,0
DA:76,78
DA:261,78
DA:267,78
DA:273,78
DA:279,78
DA:282,78
DA:285,78
DA:291,78
DA:297,78
DA:305,78
DA:315,78
DA:326,78
DA:334,78
DA:336,78
DA:338,78
DA:346,78
DA:348,78
DA:361,78
DA:363,78
DA:365,78
DA:376,78
DA:378,78
DA:380,78
DA:394,78
DA:396,78
DA:398,78
DA:407,78
DA:409,78
DA:411,78
DA:421,78
DA:423,78
DA:425,78
DA:442,0
FN:442,SymbioticCoreInit._getToken_SymbioticCore
FNDA:0,SymbioticCoreInit._getToken_SymbioticCore
DA:443,0
DA:446,0
FN:446,SymbioticCoreInit._getFeeOnTransferToken_SymbioticCore
FNDA:0,SymbioticCoreInit._getFeeOnTransferToken_SymbioticCore
DA:447,0
DA:450,0
FN:450,SymbioticCoreInit._getSupportedTokens_SymbioticCore
FNDA:0,SymbioticCoreInit._getSupportedTokens_SymbioticCore
DA:451,0
DA:452,0
DA:453,0
DA:454,0
DA:460,0
FN:460,SymbioticCoreInit._getVault_SymbioticCore
FNDA:0,SymbioticCoreInit._getVault_SymbioticCore
DA:463,0
DA:464,0
DA:465,0
DA:467,0
DA:468,0
DA:469,0
DA:470,0
DA:471,0
DA:514,0
DA:523,293
FN:523,SymbioticCoreInit._getVault_SymbioticCore
FNDA:293,SymbioticCoreInit._getVault_SymbioticCore
DA:526,293
DA:542,293
DA:545,293
DA:547,293
DA:549,293
DA:551,293
DA:553,293
DA:554,293
DA:555,293
DA:556,293
BRDA:556,1,0,-
DA:557,0
DA:558,0
DA:559,0
DA:563,293
BRDA:563,2,0,238
BRDA:563,2,1,-
DA:564,238
DA:575,55
BRDA:575,3,0,-
BRDA:575,3,1,-
DA:576,0
DA:587,55
BRDA:587,4,0,55
BRDA:587,4,1,-
DA:588,55
DA:599,0
BRDA:599,5,0,-
DA:600,0
DA:614,293
DA:615,292
BRDA:615,6,0,292
DA:616,292
BRDA:616,7,0,291
BRDA:616,7,1,1
DA:617,291
DA:622,1
BRDA:622,8,0,1
DA:623,1
DA:633,293
DA:646,293
BRDA:646,9,0,-
DA:647,0
DA:648,0
DA:652,293
DA:670,0
FN:670,SymbioticCoreInit._getVaultRandom_SymbioticCore
FNDA:0,SymbioticCoreInit._getVaultRandom_SymbioticCore
DA:674,0
DA:676,0
DA:682,0
DA:685,0
DA:686,0
DA:687,0
DA:688,0
BRDA:688,10,0,-
DA:689,0
DA:691,0
BRDA:691,11,0,-
DA:692,0
DA:694,0
DA:697,0
DA:699,0
DA:702,0
DA:704,0
DA:705,0
DA:706,0
DA:707,0
BRDA:707,12,0,-
DA:708,0
DA:710,0
DA:713,0
DA:715,0
DA:718,0
DA:736,0
FN:736,SymbioticCoreInit._vaultValidating_SymbioticCore
FNDA:0,SymbioticCoreInit._vaultValidating_SymbioticCore
DA:737,0
DA:738,0
DA:740,0
DA:741,0
BRDA:741,13,0,-
BRDA:741,13,1,-
DA:742,0
DA:743,0
BRDA:743,14,0,-
BRDA:743,14,1,-
DA:744,0
DA:745,0
BRDA:745,15,0,-
BRDA:745,15,1,-
DA:746,0
DA:747,0
BRDA:747,16,0,-
DA:748,0
DA:753,0
DA:758,780
FN:758,SymbioticCoreInit._operatorRegister_SymbioticCore
FNDA:780,SymbioticCoreInit._operatorRegister_SymbioticCore
DA:761,780
DA:764,160
FN:764,SymbioticCoreInit._operatorOptIn_SymbioticCore
FNDA:160,SymbioticCoreInit._operatorOptIn_SymbioticCore
DA:765,160
BRDA:765,17,0,120
BRDA:765,17,1,-
DA:766,120
DA:767,40
BRDA:767,18,0,40
BRDA:767,18,1,-
DA:768,40
DA:770,0
DA:774,160
FN:774,SymbioticCoreInit._operatorOptInWeak_SymbioticCore
FNDA:160,SymbioticCoreInit._operatorOptInWeak_SymbioticCore
DA:775,160
DA:776,160
BRDA:776,19,0,120
BRDA:776,19,1,40
DA:777,120
DA:778,40
BRDA:778,20,0,40
DA:779,40
DA:782,0
BRDA:782,21,0,-
DA:783,0
DA:786,160
DA:789,0
FN:789,SymbioticCoreInit._operatorOptOut_SymbioticCore
FNDA:0,SymbioticCoreInit._operatorOptOut_SymbioticCore
DA:790,0
BRDA:790,22,0,-
BRDA:790,22,1,-
DA:791,0
DA:792,0
BRDA:792,23,0,-
BRDA:792,23,1,-
DA:793,0
DA:795,0
DA:799,0
FN:799,SymbioticCoreInit._operatorOptInSignature_SymbioticCore
FNDA:0,SymbioticCoreInit._operatorOptInSignature_SymbioticCore
DA:803,0
DA:805,0
DA:806,0
DA:807,0
BRDA:807,24,0,-
BRDA:807,24,1,-
DA:808,0
DA:809,0
DA:810,0
BRDA:810,25,0,-
BRDA:810,25,1,-
DA:811,0
DA:812,0
DA:814,0
DA:817,0
DA:819,0
DA:820,0
DA:823,0
FN:823,SymbioticCoreInit._operatorOptOutSignature_SymbioticCore
FNDA:0,SymbioticCoreInit._operatorOptOutSignature_SymbioticCore
DA:827,0
DA:829,0
DA:830,0
DA:831,0
BRDA:831,26,0,-
BRDA:831,26,1,-
DA:832,0
DA:833,0
DA:834,0
BRDA:834,27,0,-
BRDA:834,27,1,-
DA:835,0
DA:836,0
DA:838,0
DA:841,0
DA:843,0
DA:844,0
DA:847,0
FN:847,SymbioticCoreInit.computeOptInDigest_SymbioticCore
FNDA:0,SymbioticCoreInit.computeOptInDigest_SymbioticCore
DA:854,0
DA:855,0
DA:857,0
DA:859,0
DA:862,0
FN:862,SymbioticCoreInit.computeOptOutDigest_SymbioticCore
FNDA:0,SymbioticCoreInit.computeOptOutDigest_SymbioticCore
DA:869,0
DA:870,0
DA:872,0
DA:874,0
DA:877,0
FN:877,SymbioticCoreInit._computeDomainSeparator_SymbioticCore
FNDA:0,SymbioticCoreInit._computeDomainSeparator_SymbioticCore
DA:880,0
DA:881,0
DA:883,0
DA:884,0
DA:885,0
DA:886,0
DA:888,0
DA:891,0
FN:891,SymbioticCoreInit._operatorPossibleValidating_SymbioticCore
FNDA:0,SymbioticCoreInit._operatorPossibleValidating_SymbioticCore
DA:896,0
DA:897,0
DA:899,0
DA:900,0
BRDA:900,28,0,-
BRDA:900,28,1,-
DA:901,0
DA:903,0
BRDA:903,29,0,-
BRDA:903,29,1,-
DA:904,0
DA:906,0
BRDA:906,30,0,-
BRDA:906,30,1,-
DA:907,0
DA:909,0
BRDA:909,31,0,-
DA:910,0
DA:915,0
DA:918,0
FN:918,SymbioticCoreInit._operatorConfirmedValidating_SymbioticCore
FNDA:0,SymbioticCoreInit._operatorConfirmedValidating_SymbioticCore
DA:923,0
DA:924,0
DA:929,78
FN:929,SymbioticCoreInit._networkRegister_SymbioticCore
FNDA:78,SymbioticCoreInit._networkRegister_SymbioticCore
DA:932,78
DA:935,4
FN:935,SymbioticCoreInit._networkSetMiddleware_SymbioticCore
FNDA:4,SymbioticCoreInit._networkSetMiddleware_SymbioticCore
DA:936,4
DA:939,0
FN:939,SymbioticCoreInit._networkSetMaxNetworkLimit_SymbioticCore
FNDA:0,SymbioticCoreInit._networkSetMaxNetworkLimit_SymbioticCore
DA:945,0
DA:948,0
FN:948,SymbioticCoreInit._networkSetMaxNetworkLimitRandom_SymbioticCore
FNDA:0,SymbioticCoreInit._networkSetMaxNetworkLimitRandom_SymbioticCore
DA:953,0
DA:954,0
DA:959,0
DA:961,0
BRDA:961,32,0,-
DA:962,0
DA:964,0
DA:967,0
FN:967,SymbioticCoreInit._networkSetMaxNetworkLimitReset_SymbioticCore
FNDA:0,SymbioticCoreInit._networkSetMaxNetworkLimitReset_SymbioticCore
DA:973,0
DA:975,0
BRDA:975,33,0,-
DA:976,0
DA:978,0
DA:981,0
FN:981,SymbioticCoreInit._networkSetResolver_SymbioticCore
FNDA:0,SymbioticCoreInit._networkSetResolver_SymbioticCore
DA:987,0
DA:990,0
FN:990,SymbioticCoreInit._networkPossibleUtilizing_SymbioticCore
FNDA:0,SymbioticCoreInit._networkPossibleUtilizing_SymbioticCore
DA:996,0
DA:997,0
DA:998,0
DA:1000,0
DA:1001,0
BRDA:1001,34,0,-
BRDA:1001,34,1,-
DA:1002,0
DA:1004,0
BRDA:1004,35,0,-
BRDA:1004,35,1,-
DA:1005,0
DA:1007,0
BRDA:1007,36,0,-
BRDA:1007,36,1,-
DA:1008,0
DA:1010,0
BRDA:1010,37,0,-
DA:1011,0
DA:1016,0
DA:1017,0
DA:1022,0
FN:1022,SymbioticCoreInit._getStaker_SymbioticCore
FNDA:0,SymbioticCoreInit._getStaker_SymbioticCore
DA:1025,0
DA:1027,0
DA:1028,0
DA:1036,0
DA:1039,0
FN:1039,SymbioticCoreInit._getStakerWithStake_SymbioticCore
FNDA:0,SymbioticCoreInit._getStakerWithStake_SymbioticCore
DA:1043,0
DA:1045,0
DA:1047,0
DA:1050,0
FN:1050,SymbioticCoreInit._getStakerWithStake_SymbioticCore
FNDA:0,SymbioticCoreInit._getStakerWithStake_SymbioticCore
DA:1054,0
DA:1056,0
DA:1057,0
DA:1060,0
DA:1063,234
FN:1063,SymbioticCoreInit._stakerDeposit_SymbioticCore
FNDA:234,SymbioticCoreInit._stakerDeposit_SymbioticCore
DA:1064,234
DA:1067,0
FN:1067,SymbioticCoreInit._stakerDepositRandom_SymbioticCore
FNDA:0,SymbioticCoreInit._stakerDepositRandom_SymbioticCore
DA:1068,0
DA:1070,0
BRDA:1070,38,0,-
DA:1071,0
DA:1074,0
DA:1075,0
DA:1079,0
BRDA:1079,39,0,-
DA:1080,0
DA:1081,0
DA:1082,0
DA:1085,0
BRDA:1085,40,0,-
DA:1086,0
DA:1090,0
FN:1090,SymbioticCoreInit._stakerWithdraw_SymbioticCore
FNDA:0,SymbioticCoreInit._stakerWithdraw_SymbioticCore
DA:1091,0
DA:1094,0
FN:1094,SymbioticCoreInit._stakerWithdrawRandom_SymbioticCore
FNDA:0,SymbioticCoreInit._stakerWithdrawRandom_SymbioticCore
DA:1095,0
DA:1097,0
BRDA:1097,41,0,-
DA:1098,0
DA:1101,0
DA:1103,0
DA:1106,0
FN:1106,SymbioticCoreInit._stakerRedeem_SymbioticCore
FNDA:0,SymbioticCoreInit._stakerRedeem_SymbioticCore
DA:1107,0
DA:1110,0
FN:1110,SymbioticCoreInit._stakerClaim_SymbioticCore
FNDA:0,SymbioticCoreInit._stakerClaim_SymbioticCore
DA:1111,0
DA:1114,0
FN:1114,SymbioticCoreInit._stakerClaimBatch_SymbioticCore
FNDA:0,SymbioticCoreInit._stakerClaimBatch_SymbioticCore
DA:1115,0
DA:1120,0
FN:1120,SymbioticCoreInit._curatorSetHook_SymbioticCore
FNDA:0,SymbioticCoreInit._curatorSetHook_SymbioticCore
DA:1121,0
DA:1124,0
FN:1124,SymbioticCoreInit._curatorSetNetworkLimit_SymbioticCore
FNDA:0,SymbioticCoreInit._curatorSetNetworkLimit_SymbioticCore
DA:1130,0
DA:1133,0
FN:1133,SymbioticCoreInit._curatorSetNetworkLimitRandom_SymbioticCore
FNDA:0,SymbioticCoreInit._curatorSetNetworkLimitRandom_SymbioticCore
DA:1138,0
DA:1139,0
DA:1140,0
DA:1142,0
DA:1143,0
DA:1145,0
DA:1146,0
BRDA:1146,42,0,-
DA:1147,0
DA:1148,0
BRDA:1148,43,0,-
DA:1149,0
DA:1150,0
DA:1152,0
DA:1155,0
BRDA:1155,44,0,-
DA:1156,0
DA:1158,0
DA:1159,0
DA:1162,0
FN:1162,SymbioticCoreInit._curatorSetNetworkLimitReset_SymbioticCore
FNDA:0,SymbioticCoreInit._curatorSetNetworkLimitReset_SymbioticCore
DA:1167,0
BRDA:1167,45,0,-
DA:1168,0
DA:1170,0
DA:1173,0
FN:1173,SymbioticCoreInit._curatorSetOperatorNetworkShares_SymbioticCore
FNDA:0,SymbioticCoreInit._curatorSetOperatorNetworkShares_SymbioticCore
DA:1180,0
DA:1183,0
FN:1183,SymbioticCoreInit._curatorSetOperatorNetworkSharesRandom_SymbioticCore
FNDA:0,SymbioticCoreInit._curatorSetOperatorNetworkSharesRandom_SymbioticCore
DA:1189,0
DA:1193,0
DA:1196,0
BRDA:1196,46,0,-
DA:1197,0
DA:1199,0
DA:1200,0
DA:1203,0
FN:1203,SymbioticCoreInit._curatorSetOperatorNetworkSharesReset_SymbioticCore
FNDA:0,SymbioticCoreInit._curatorSetOperatorNetworkSharesReset_SymbioticCore
DA:1210,0
DA:1213,0
BRDA:1213,47,0,-
DA:1214,0
DA:1216,0
DA:1219,0
FN:1219,SymbioticCoreInit._curatorSetOperatorNetworkLimit_SymbioticCore
FNDA:0,SymbioticCoreInit._curatorSetOperatorNetworkLimit_SymbioticCore
DA:1226,0
DA:1229,0
FN:1229,SymbioticCoreInit._curatorSetOperatorNetworkLimitRandom_SymbioticCore
FNDA:0,SymbioticCoreInit._curatorSetOperatorNetworkLimitRandom_SymbioticCore
DA:1235,0
DA:1236,0
DA:1241,0
DA:1244,0
BRDA:1244,48,0,-
DA:1245,0
DA:1247,0
DA:1248,0
DA:1251,0
FN:1251,SymbioticCoreInit._curatorSetOperatorNetworkLimitReset_SymbioticCore
FNDA:0,SymbioticCoreInit._curatorSetOperatorNetworkLimitReset_SymbioticCore
DA:1258,0
DA:1261,0
BRDA:1261,49,0,-
DA:1262,0
DA:1264,0
DA:1267,0
FN:1267,SymbioticCoreInit._curatorDelegateNetworkRandom_SymbioticCore
FNDA:0,SymbioticCoreInit._curatorDelegateNetworkRandom_SymbioticCore
DA:1272,0
DA:1273,0
DA:1275,0
BRDA:1275,50,0,-
BRDA:1275,50,1,-
DA:1276,0
DA:1277,0
BRDA:1277,51,0,-
BRDA:1277,51,1,-
DA:1278,0
DA:1279,0
BRDA:1279,52,0,-
BRDA:1279,52,1,-
DA:1280,0
DA:1281,0
BRDA:1281,53,0,-
DA:1282,0
DA:1284,0
DA:1287,0
FN:1287,SymbioticCoreInit._curatorDelegateNetworkHasRoles_SymbioticCore
FNDA:0,SymbioticCoreInit._curatorDelegateNetworkHasRoles_SymbioticCore
DA:1292,0
DA:1293,0
DA:1295,0
BRDA:1295,54,0,-
BRDA:1295,54,1,-
DA:1296,0
DA:1299,0
BRDA:1299,55,0,-
BRDA:1299,55,1,-
DA:1300,0
DA:1303,0
BRDA:1303,56,0,-
BRDA:1303,56,1,-
DA:1304,0
DA:1305,0
BRDA:1305,57,0,-
DA:1306,0
DA:1309,0
DA:1312,0
FN:1312,SymbioticCoreInit._curatorDelegateOperatorRandom_SymbioticCore
FNDA:0,SymbioticCoreInit._curatorDelegateOperatorRandom_SymbioticCore
DA:1318,0
DA:1319,0
DA:1321,0
BRDA:1321,58,0,-
BRDA:1321,58,1,-
DA:1322,0
DA:1323,0
BRDA:1323,59,0,-
BRDA:1323,59,1,-
DA:1324,0
DA:1325,0
BRDA:1325,60,0,-
BRDA:1325,60,1,-
DA:1326,0
BRDA:1326,61,0,-
DA:1327,0
DA:1329,0
DA:1330,0
BRDA:1330,62,0,-
DA:1331,0
DA:1333,0
DA:1336,0
FN:1336,SymbioticCoreInit._curatorDelegateOperatorHasRoles_SymbioticCore
FNDA:0,SymbioticCoreInit._curatorDelegateOperatorHasRoles_SymbioticCore
DA:1342,0
DA:1343,0
DA:1345,0
BRDA:1345,63,0,-
BRDA:1345,63,1,-
DA:1346,0
DA:1349,0
BRDA:1349,64,0,-
BRDA:1349,64,1,-
DA:1350,0
DA:1353,0
BRDA:1353,65,0,-
BRDA:1353,65,1,-
DA:1354,0
BRDA:1354,66,0,-
DA:1355,0
DA:1359,0
DA:1360,0
BRDA:1360,67,0,-
DA:1361,0
DA:1364,0
DA:1367,0
FN:1367,SymbioticCoreInit._curatorDelegateRandom_SymbioticCore
FNDA:0,SymbioticCoreInit._curatorDelegateRandom_SymbioticCore
DA:1373,0
DA:1374,0
DA:1377,0
FN:1377,SymbioticCoreInit._curatorDelegateHasRoles_SymbioticCore
FNDA:0,SymbioticCoreInit._curatorDelegateHasRoles_SymbioticCore
DA:1383,0
DA:1384,0
DA:1387,0
FN:1387,SymbioticCoreInit._curatorDelegateToNetworkInternal_SymbioticCore
FNDA:0,SymbioticCoreInit._curatorDelegateToNetworkInternal_SymbioticCore
DA:1392,0
BRDA:1392,68,0,-
DA:1393,0
DA:1394,0
DA:1396,0
DA:1399,0
FN:1399,SymbioticCoreInit._curatorDelegateToOperatorInternal_SymbioticCore
FNDA:0,SymbioticCoreInit._curatorDelegateToOperatorInternal_SymbioticCore
DA:1405,0
BRDA:1405,69,0,-
DA:1406,0
DA:1407,0
DA:1409,0
DA:1412,0
FN:1412,SymbioticCoreInit._curatorSetDepositWhitelist_SymbioticCore
FNDA:0,SymbioticCoreInit._curatorSetDepositWhitelist_SymbioticCore
DA:1413,0
DA:1416,0
FN:1416,SymbioticCoreInit._curatorSetDepositorWhitelistStatus_SymbioticCore
FNDA:0,SymbioticCoreInit._curatorSetDepositorWhitelistStatus_SymbioticCore
DA:1422,0
DA:1425,0
FN:1425,SymbioticCoreInit._curatorSetIsDepositLimit_SymbioticCore
FNDA:0,SymbioticCoreInit._curatorSetIsDepositLimit_SymbioticCore
DA:1426,0
DA:1429,0
FN:1429,SymbioticCoreInit._curatorSetDepositLimit_SymbioticCore
FNDA:0,SymbioticCoreInit._curatorSetDepositLimit_SymbioticCore
DA:1430,0
FNF:60
FNH:8
LF:421
LH:78
BRF:105
BRH:12
end_of_record
TN:
SF:test/integration/SymbioticCounter.sol
DA:7,0
FN:7,SymbioticCounter._count_Symbiotic
FNDA:0,SymbioticCounter._count_Symbiotic
DA:8,0
FNF:1
FNH:0
LF:2
LH:0
BRF:0
BRH:0
end_of_record
TN:
SF:test/integration/SymbioticInit.sol
DA:23,78
FN:23,SymbioticInit.setUp
FNDA:78,SymbioticInit.setUp
DA:24,78
BRDA:24,0,0,78
DA:25,0
DA:26,78
BRDA:26,0,1,78
DA:27,78
DA:28,78
DA:34,0
FN:34,SymbioticInit._random_Symbiotic
FNDA:0,SymbioticInit._random_Symbiotic
DA:35,0
DA:40,0
FN:40,SymbioticInit._randomWithBounds_Symbiotic
FNDA:0,SymbioticInit._randomWithBounds_Symbiotic
DA:41,0
DA:44,0
FN:44,SymbioticInit._randomChoice_Symbiotic
FNDA:0,SymbioticInit._randomChoice_Symbiotic
DA:47,0
DA:50,0
FN:50,SymbioticInit._randomPick_Symbiotic
FNDA:0,SymbioticInit._randomPick_Symbiotic
DA:53,0
DA:56,0
FN:56,SymbioticInit._randomPick_Symbiotic
FNDA:0,SymbioticInit._randomPick_Symbiotic
DA:59,0
DA:62,0
FN:62,SymbioticInit._randomPick_Symbiotic
FNDA:0,SymbioticInit._randomPick_Symbiotic
DA:65,0
DA:68,0
FN:68,SymbioticInit._getAccount_Symbiotic
FNDA:0,SymbioticInit._getAccount_Symbiotic
DA:69,0
DA:72,0
FN:72,SymbioticInit._skipBlocks_Symbiotic
FNDA:0,SymbioticInit._skipBlocks_Symbiotic
DA:75,0
DA:76,0
DA:79,0
FN:79,SymbioticInit._contains_Symbiotic
FNDA:0,SymbioticInit._contains_Symbiotic
DA:80,0
DA:81,0
BRDA:81,1,0,-
DA:82,0
DA:85,0
DA:88,0
FN:88,SymbioticInit._contains_Symbiotic
FNDA:0,SymbioticInit._contains_Symbiotic
DA:89,0
DA:90,0
BRDA:90,2,0,-
DA:91,0
DA:94,0
DA:97,0
FN:97,SymbioticInit._createWalletByAddress_Symbiotic
FNDA:0,SymbioticInit._createWalletByAddress_Symbiotic
DA:100,0
DA:103,0
FN:103,SymbioticInit._getWalletByAddress_Symbiotic
FNDA:0,SymbioticInit._getWalletByAddress_Symbiotic
DA:107,0
DA:108,0
BRDA:108,3,0,-
DA:109,0
DA:112,0
DA:115,0
FN:115,SymbioticInit._deal_Symbiotic
FNDA:0,SymbioticInit._deal_Symbiotic
DA:116,78
DA:119,0
FN:119,SymbioticInit._supportsDeal_Symbiotic
FNDA:0,SymbioticInit._supportsDeal_Symbiotic
DA:122,0
BRDA:122,4,0,-
DA:123,0
DA:126,0
BRDA:126,5,0,-
DA:127,0
DA:130,0
DA:131,0
DA:132,0
BRDA:132,6,0,-
DA:133,0
DA:135,0
DA:136,0
DA:138,0
BRDA:138,7,0,-
DA:139,0
DA:140,0
DA:141,0
BRDA:141,7,1,-
DA:142,0
DA:146,0
FN:146,SymbioticInit._vmWalletToAddress_Symbiotic
FNDA:0,SymbioticInit._vmWalletToAddress_Symbiotic
DA:149,0
DA:152,0
FN:152,SymbioticInit._vmWalletsToAddresses_Symbiotic
FNDA:0,SymbioticInit._vmWalletsToAddresses_Symbiotic
DA:155,0
DA:156,0
DA:157,0
DA:161,342
FN:161,SymbioticInit._normalizeForToken_Symbiotic
FNDA:342,SymbioticInit._normalizeForToken_Symbiotic
DA:162,342
DA:165,0
FN:165,SymbioticInit.equalLengthsAddressAddress_Symbiotic
FNDA:0,SymbioticInit.equalLengthsAddressAddress_Symbiotic
DA:166,0
BRDA:166,8,0,-
BRDA:166,8,1,-
DA:170,0
FN:170,SymbioticInit.equalLengthsUint96Address_Symbiotic
FNDA:0,SymbioticInit.equalLengthsUint96Address_Symbiotic
DA:171,0
BRDA:171,9,0,-
BRDA:171,9,1,-
DA:175,0
FN:175,SymbioticInit.equalLengthsUint96Uint256_SymbioticCore
FNDA:0,SymbioticInit.equalLengthsUint96Uint256_SymbioticCore
DA:176,0
BRDA:176,10,0,-
BRDA:176,10,1,-
FNF:21
FNH:2
LF:72
LH:8
BRF:16
BRH:2
end_of_record
TN:
SF:test/libraries/keys/KeyEddsaCurve25519.t.sol
DA:16,0
FN:16,KeyEddsaCurve25519Test.setUp
FNDA:0,KeyEddsaCurve25519Test.setUp
DA:17,0
FNF:1
FNH:0
LF:2
LH:0
BRF:0
BRH:0
end_of_record
TN:
SF:test/libraries/sigs/SigEddsaCurve25519.t.sol
DA:12,0
FN:12,SigEddsaCurve25519Test.setUp
FNDA:0,SigEddsaCurve25519Test.setUp
FNF:1
FNH:0
LF:1
LH:0
BRF:0
BRH:0
end_of_record
TN:
SF:test/mocks/KeyBlsBn254Mock.sol
DA:8,4107
FN:8,KeyBlsBn254Mock.wrap
FNDA:4107,KeyBlsBn254Mock.wrap
DA:11,4107
DA:14,0
FN:14,KeyBlsBn254Mock.unwrap
FNDA:0,KeyBlsBn254Mock.unwrap
DA:17,0
DA:20,0
FN:20,KeyBlsBn254Mock.serialize
FNDA:0,KeyBlsBn254Mock.serialize
DA:23,0
DA:26,1
FN:26,KeyBlsBn254Mock.deserialize
FNDA:1,KeyBlsBn254Mock.deserialize
DA:29,1
DA:32,0
FN:32,KeyBlsBn254Mock.toBytes
FNDA:0,KeyBlsBn254Mock.toBytes
DA:35,0
DA:38,2
FN:38,KeyBlsBn254Mock.fromBytes
FNDA:2,KeyBlsBn254Mock.fromBytes
DA:41,2
DA:44,1
FN:44,KeyBlsBn254Mock.zeroKey
FNDA:1,KeyBlsBn254Mock.zeroKey
DA:45,1
DA:48,2
FN:48,KeyBlsBn254Mock.equal
FNDA:2,KeyBlsBn254Mock.equal
DA:52,2
FNF:8
FNH:5
LF:16
LH:10
BRF:0
BRH:0
end_of_record
TN:
SF:test/mocks/KeyEcdsaSecp256k1Mock.sol
DA:7,4
FN:7,KeyEcdsaSecp256k1Mock.wrap
FNDA:4,KeyEcdsaSecp256k1Mock.wrap
DA:10,4
DA:13,0
FN:13,KeyEcdsaSecp256k1Mock.unwrap
FNDA:0,KeyEcdsaSecp256k1Mock.unwrap
DA:16,0
DA:19,0
FN:19,KeyEcdsaSecp256k1Mock.serialize
FNDA:0,KeyEcdsaSecp256k1Mock.serialize
DA:22,0
DA:25,1
FN:25,KeyEcdsaSecp256k1Mock.deserialize
FNDA:1,KeyEcdsaSecp256k1Mock.deserialize
DA:28,1
DA:31,0
FN:31,KeyEcdsaSecp256k1Mock.toBytes
FNDA:0,KeyEcdsaSecp256k1Mock.toBytes
DA:34,0
DA:37,2
FN:37,KeyEcdsaSecp256k1Mock.fromBytes
FNDA:2,KeyEcdsaSecp256k1Mock.fromBytes
DA:40,2
DA:43,1
FN:43,KeyEcdsaSecp256k1Mock.zeroKey
FNDA:1,KeyEcdsaSecp256k1Mock.zeroKey
DA:44,1
DA:47,2
FN:47,KeyEcdsaSecp256k1Mock.equal
FNDA:2,KeyEcdsaSecp256k1Mock.equal
DA:51,2
FNF:8
FNH:5
LF:16
LH:10
BRF:0
BRH:0
end_of_record
TN:
SF:test/mocks/KeyEddsaCurve25519Mock.sol
DA:7,0
FN:7,KeyEddsaCurve25519Mock.wrap
FNDA:0,KeyEddsaCurve25519Mock.wrap
DA:10,0
DA:13,0
FN:13,KeyEddsaCurve25519Mock.unwrap
FNDA:0,KeyEddsaCurve25519Mock.unwrap
DA:16,0
DA:19,0
FN:19,KeyEddsaCurve25519Mock.serialize
FNDA:0,KeyEddsaCurve25519Mock.serialize
DA:22,0
DA:25,0
FN:25,KeyEddsaCurve25519Mock.deserialize
FNDA:0,KeyEddsaCurve25519Mock.deserialize
DA:28,0
DA:31,0
FN:31,KeyEddsaCurve25519Mock.toBytes
FNDA:0,KeyEddsaCurve25519Mock.toBytes
DA:34,0
DA:37,0
FN:37,KeyEddsaCurve25519Mock.fromBytes
FNDA:0,KeyEddsaCurve25519Mock.fromBytes
DA:40,0
DA:43,0
FN:43,KeyEddsaCurve25519Mock.zeroKey
FNDA:0,KeyEddsaCurve25519Mock.zeroKey
DA:44,0
DA:47,0
FN:47,KeyEddsaCurve25519Mock.equal
FNDA:0,KeyEddsaCurve25519Mock.equal
DA:51,0
FNF:8
FNH:0
LF:16
LH:0
BRF:0
BRH:0
end_of_record
TN:
SF:test/mocks/SigVerifierMock.sol
DA:15,0
FN:15,SigVerifierMock.verifyQuorumSig
FNDA:0,SigVerifierMock.verifyQuorumSig
DA:23,0
FNF:1
FNH:0
LF:2
LH:0
BRF:0
BRH:0
end_of_record
TN:
SF:test/mocks/ValSetVerifierMock.sol
DA:7,1
FN:7,ValSetVerifierMock.verifyOperator
FNDA:1,ValSetVerifierMock.verifyOperator
DA:13,1
DA:18,2
FN:18,ValSetVerifierMock.verifyValidatorRootLocal
FNDA:2,ValSetVerifierMock.verifyValidatorRootLocal
DA:23,2
DA:26,1
FN:26,ValSetVerifierMock.verifyValidatorOperatorLocal
FNDA:1,ValSetVerifierMock.verifyValidatorOperatorLocal
DA:30,1
DA:33,1
FN:33,ValSetVerifierMock.verifyValidatorVaultRootLocal
FNDA:1,ValSetVerifierMock.verifyValidatorVaultRootLocal
DA:38,1
DA:41,1
FN:41,ValSetVerifierMock.verifyVaultVotingPowerLocal
FNDA:1,ValSetVerifierMock.verifyVaultVotingPowerLocal
DA:45,1
FNF:5
FNH:5
LF:10
LH:10
BRF:0
BRH:0
end_of_record
